<?xml version="1.0" encoding="UTF-8"?>
<testsuite xmlns:xsi="http://www.w3.org/2001/XMLSchema-instance" xsi:noNamespaceSchemaLocation="https://maven.apache.org/surefire/maven-surefire-plugin/xsd/surefire-test-report-3.0.xsd" version="3.0" name="com.ipn.mx.ProyectoTiendaRopaApplicationTests" time="22.162" tests="1" errors="0" skipped="0" failures="0">
  <properties>
    <property name="java.specification.version" value="17"/>
    <property name="sun.cpu.isalist" value="amd64"/>
    <property name="sun.jnu.encoding" value="Cp1252"/>
    <property name="java.class.path" value="C:\Users\alexc\git\repo-tienda\ProyectoTiendaRopa\target\test-classes;C:\Users\alexc\git\repo-tienda\ProyectoTiendaRopa\target\classes;C:\Users\alexc\.m2\repository\com\itextpdf\itextpdf\5.5.13\itextpdf-5.5.13.jar;C:\Users\alexc\.m2\repository\org\springframework\boot\spring-boot-starter-data-jpa\3.2.5\spring-boot-starter-data-jpa-3.2.5.jar;C:\Users\alexc\.m2\repository\org\springframework\boot\spring-boot-starter-aop\3.2.5\spring-boot-starter-aop-3.2.5.jar;C:\Users\alexc\.m2\repository\org\springframework\spring-aop\6.1.6\spring-aop-6.1.6.jar;C:\Users\alexc\.m2\repository\org\aspectj\aspectjweaver\1.9.22\aspectjweaver-1.9.22.jar;C:\Users\alexc\.m2\repository\org\springframework\boot\spring-boot-starter-jdbc\3.2.5\spring-boot-starter-jdbc-3.2.5.jar;C:\Users\alexc\.m2\repository\com\zaxxer\HikariCP\5.0.1\HikariCP-5.0.1.jar;C:\Users\alexc\.m2\repository\org\springframework\spring-jdbc\6.1.6\spring-jdbc-6.1.6.jar;C:\Users\alexc\.m2\repository\org\hibernate\orm\hibernate-core\6.4.4.Final\hibernate-core-6.4.4.Final.jar;C:\Users\alexc\.m2\repository\jakarta\persistence\jakarta.persistence-api\3.1.0\jakarta.persistence-api-3.1.0.jar;C:\Users\alexc\.m2\repository\jakarta\transaction\jakarta.transaction-api\2.0.1\jakarta.transaction-api-2.0.1.jar;C:\Users\alexc\.m2\repository\org\jboss\logging\jboss-logging\3.5.3.Final\jboss-logging-3.5.3.Final.jar;C:\Users\alexc\.m2\repository\org\hibernate\common\hibernate-commons-annotations\6.0.6.Final\hibernate-commons-annotations-6.0.6.Final.jar;C:\Users\alexc\.m2\repository\io\smallrye\jandex\3.1.2\jandex-3.1.2.jar;C:\Users\alexc\.m2\repository\com\fasterxml\classmate\1.6.0\classmate-1.6.0.jar;C:\Users\alexc\.m2\repository\net\bytebuddy\byte-buddy\1.14.13\byte-buddy-1.14.13.jar;C:\Users\alexc\.m2\repository\org\glassfish\jaxb\jaxb-runtime\4.0.5\jaxb-runtime-4.0.5.jar;C:\Users\alexc\.m2\repository\org\glassfish\jaxb\jaxb-core\4.0.5\jaxb-core-4.0.5.jar;C:\Users\alexc\.m2\repository\org\eclipse\angus\angus-activation\2.0.2\angus-activation-2.0.2.jar;C:\Users\alexc\.m2\repository\org\glassfish\jaxb\txw2\4.0.5\txw2-4.0.5.jar;C:\Users\alexc\.m2\repository\com\sun\istack\istack-commons-runtime\4.1.2\istack-commons-runtime-4.1.2.jar;C:\Users\alexc\.m2\repository\jakarta\inject\jakarta.inject-api\2.0.1\jakarta.inject-api-2.0.1.jar;C:\Users\alexc\.m2\repository\org\antlr\antlr4-runtime\4.13.0\antlr4-runtime-4.13.0.jar;C:\Users\alexc\.m2\repository\org\springframework\data\spring-data-jpa\3.2.5\spring-data-jpa-3.2.5.jar;C:\Users\alexc\.m2\repository\org\springframework\data\spring-data-commons\3.2.5\spring-data-commons-3.2.5.jar;C:\Users\alexc\.m2\repository\org\springframework\spring-orm\6.1.6\spring-orm-6.1.6.jar;C:\Users\alexc\.m2\repository\org\springframework\spring-context\6.1.6\spring-context-6.1.6.jar;C:\Users\alexc\.m2\repository\org\springframework\spring-tx\6.1.6\spring-tx-6.1.6.jar;C:\Users\alexc\.m2\repository\org\springframework\spring-beans\6.1.6\spring-beans-6.1.6.jar;C:\Users\alexc\.m2\repository\jakarta\annotation\jakarta.annotation-api\2.1.1\jakarta.annotation-api-2.1.1.jar;C:\Users\alexc\.m2\repository\org\slf4j\slf4j-api\2.0.13\slf4j-api-2.0.13.jar;C:\Users\alexc\.m2\repository\org\springframework\spring-aspects\6.1.6\spring-aspects-6.1.6.jar;C:\Users\alexc\.m2\repository\org\springframework\boot\spring-boot-starter-validation\3.2.5\spring-boot-starter-validation-3.2.5.jar;C:\Users\alexc\.m2\repository\org\springframework\boot\spring-boot-starter\3.2.5\spring-boot-starter-3.2.5.jar;C:\Users\alexc\.m2\repository\org\springframework\boot\spring-boot-starter-logging\3.2.5\spring-boot-starter-logging-3.2.5.jar;C:\Users\alexc\.m2\repository\ch\qos\logback\logback-classic\1.4.14\logback-classic-1.4.14.jar;C:\Users\alexc\.m2\repository\ch\qos\logback\logback-core\1.4.14\logback-core-1.4.14.jar;C:\Users\alexc\.m2\repository\org\apache\logging\log4j\log4j-to-slf4j\2.21.1\log4j-to-slf4j-2.21.1.jar;C:\Users\alexc\.m2\repository\org\apache\logging\log4j\log4j-api\2.21.1\log4j-api-2.21.1.jar;C:\Users\alexc\.m2\repository\org\slf4j\jul-to-slf4j\2.0.13\jul-to-slf4j-2.0.13.jar;C:\Users\alexc\.m2\repository\org\yaml\snakeyaml\2.2\snakeyaml-2.2.jar;C:\Users\alexc\.m2\repository\org\apache\tomcat\embed\tomcat-embed-el\10.1.20\tomcat-embed-el-10.1.20.jar;C:\Users\alexc\.m2\repository\org\hibernate\validator\hibernate-validator\8.0.1.Final\hibernate-validator-8.0.1.Final.jar;C:\Users\alexc\.m2\repository\jakarta\validation\jakarta.validation-api\3.0.2\jakarta.validation-api-3.0.2.jar;C:\Users\alexc\.m2\repository\org\springframework\boot\spring-boot-starter-web\3.2.5\spring-boot-starter-web-3.2.5.jar;C:\Users\alexc\.m2\repository\org\springframework\boot\spring-boot-starter-json\3.2.5\spring-boot-starter-json-3.2.5.jar;C:\Users\alexc\.m2\repository\com\fasterxml\jackson\core\jackson-databind\2.15.4\jackson-databind-2.15.4.jar;C:\Users\alexc\.m2\repository\com\fasterxml\jackson\core\jackson-annotations\2.15.4\jackson-annotations-2.15.4.jar;C:\Users\alexc\.m2\repository\com\fasterxml\jackson\core\jackson-core\2.15.4\jackson-core-2.15.4.jar;C:\Users\alexc\.m2\repository\com\fasterxml\jackson\datatype\jackson-datatype-jdk8\2.15.4\jackson-datatype-jdk8-2.15.4.jar;C:\Users\alexc\.m2\repository\com\fasterxml\jackson\datatype\jackson-datatype-jsr310\2.15.4\jackson-datatype-jsr310-2.15.4.jar;C:\Users\alexc\.m2\repository\com\fasterxml\jackson\module\jackson-module-parameter-names\2.15.4\jackson-module-parameter-names-2.15.4.jar;C:\Users\alexc\.m2\repository\org\springframework\boot\spring-boot-starter-tomcat\3.2.5\spring-boot-starter-tomcat-3.2.5.jar;C:\Users\alexc\.m2\repository\org\apache\tomcat\embed\tomcat-embed-core\10.1.20\tomcat-embed-core-10.1.20.jar;C:\Users\alexc\.m2\repository\org\apache\tomcat\embed\tomcat-embed-websocket\10.1.20\tomcat-embed-websocket-10.1.20.jar;C:\Users\alexc\.m2\repository\org\springframework\spring-web\6.1.6\spring-web-6.1.6.jar;C:\Users\alexc\.m2\repository\io\micrometer\micrometer-observation\1.12.5\micrometer-observation-1.12.5.jar;C:\Users\alexc\.m2\repository\io\micrometer\micrometer-commons\1.12.5\micrometer-commons-1.12.5.jar;C:\Users\alexc\.m2\repository\org\springframework\spring-webmvc\6.1.6\spring-webmvc-6.1.6.jar;C:\Users\alexc\.m2\repository\org\springframework\spring-expression\6.1.6\spring-expression-6.1.6.jar;C:\Users\alexc\.m2\repository\org\springframework\boot\spring-boot-devtools\3.2.5\spring-boot-devtools-3.2.5.jar;C:\Users\alexc\.m2\repository\org\springframework\boot\spring-boot\3.2.5\spring-boot-3.2.5.jar;C:\Users\alexc\.m2\repository\org\springframework\boot\spring-boot-autoconfigure\3.2.5\spring-boot-autoconfigure-3.2.5.jar;C:\Users\alexc\.m2\repository\com\mysql\mysql-connector-j\8.3.0\mysql-connector-j-8.3.0.jar;C:\Users\alexc\.m2\repository\org\postgresql\postgresql\42.6.2\postgresql-42.6.2.jar;C:\Users\alexc\.m2\repository\org\checkerframework\checker-qual\3.31.0\checker-qual-3.31.0.jar;C:\Users\alexc\.m2\repository\org\projectlombok\lombok\1.18.32\lombok-1.18.32.jar;C:\Users\alexc\.m2\repository\org\springframework\boot\spring-boot-starter-test\3.2.5\spring-boot-starter-test-3.2.5.jar;C:\Users\alexc\.m2\repository\org\springframework\boot\spring-boot-test\3.2.5\spring-boot-test-3.2.5.jar;C:\Users\alexc\.m2\repository\org\springframework\boot\spring-boot-test-autoconfigure\3.2.5\spring-boot-test-autoconfigure-3.2.5.jar;C:\Users\alexc\.m2\repository\com\jayway\jsonpath\json-path\2.9.0\json-path-2.9.0.jar;C:\Users\alexc\.m2\repository\jakarta\xml\bind\jakarta.xml.bind-api\4.0.2\jakarta.xml.bind-api-4.0.2.jar;C:\Users\alexc\.m2\repository\jakarta\activation\jakarta.activation-api\2.1.3\jakarta.activation-api-2.1.3.jar;C:\Users\alexc\.m2\repository\net\minidev\json-smart\2.5.1\json-smart-2.5.1.jar;C:\Users\alexc\.m2\repository\net\minidev\accessors-smart\2.5.1\accessors-smart-2.5.1.jar;C:\Users\alexc\.m2\repository\org\ow2\asm\asm\9.6\asm-9.6.jar;C:\Users\alexc\.m2\repository\org\assertj\assertj-core\3.24.2\assertj-core-3.24.2.jar;C:\Users\alexc\.m2\repository\org\awaitility\awaitility\4.2.1\awaitility-4.2.1.jar;C:\Users\alexc\.m2\repository\org\hamcrest\hamcrest\2.2\hamcrest-2.2.jar;C:\Users\alexc\.m2\repository\org\junit\jupiter\junit-jupiter\5.10.2\junit-jupiter-5.10.2.jar;C:\Users\alexc\.m2\repository\org\junit\jupiter\junit-jupiter-api\5.10.2\junit-jupiter-api-5.10.2.jar;C:\Users\alexc\.m2\repository\org\opentest4j\opentest4j\1.3.0\opentest4j-1.3.0.jar;C:\Users\alexc\.m2\repository\org\junit\platform\junit-platform-commons\1.10.2\junit-platform-commons-1.10.2.jar;C:\Users\alexc\.m2\repository\org\apiguardian\apiguardian-api\1.1.2\apiguardian-api-1.1.2.jar;C:\Users\alexc\.m2\repository\org\junit\jupiter\junit-jupiter-params\5.10.2\junit-jupiter-params-5.10.2.jar;C:\Users\alexc\.m2\repository\org\junit\jupiter\junit-jupiter-engine\5.10.2\junit-jupiter-engine-5.10.2.jar;C:\Users\alexc\.m2\repository\org\junit\platform\junit-platform-engine\1.10.2\junit-platform-engine-1.10.2.jar;C:\Users\alexc\.m2\repository\org\mockito\mockito-core\5.7.0\mockito-core-5.7.0.jar;C:\Users\alexc\.m2\repository\net\bytebuddy\byte-buddy-agent\1.14.13\byte-buddy-agent-1.14.13.jar;C:\Users\alexc\.m2\repository\org\objenesis\objenesis\3.3\objenesis-3.3.jar;C:\Users\alexc\.m2\repository\org\mockito\mockito-junit-jupiter\5.7.0\mockito-junit-jupiter-5.7.0.jar;C:\Users\alexc\.m2\repository\org\skyscreamer\jsonassert\1.5.1\jsonassert-1.5.1.jar;C:\Users\alexc\.m2\repository\com\vaadin\external\google\android-json\0.0.20131108.vaadin1\android-json-0.0.20131108.vaadin1.jar;C:\Users\alexc\.m2\repository\org\springframework\spring-core\6.1.6\spring-core-6.1.6.jar;C:\Users\alexc\.m2\repository\org\springframework\spring-jcl\6.1.6\spring-jcl-6.1.6.jar;C:\Users\alexc\.m2\repository\org\springframework\spring-test\6.1.6\spring-test-6.1.6.jar;C:\Users\alexc\.m2\repository\org\xmlunit\xmlunit-core\2.9.1\xmlunit-core-2.9.1.jar;"/>
    <property name="java.vm.vendor" value="Eclipse Adoptium"/>
    <property name="sun.arch.data.model" value="64"/>
    <property name="user.variant" value=""/>
    <property name="java.vendor.url" value="https://adoptium.net/"/>
    <property name="user.timezone" value="America/Mexico_City"/>
    <property name="org.jboss.logging.provider" value="slf4j"/>
    <property name="os.name" value="Windows 11"/>
    <property name="java.vm.specification.version" value="17"/>
    <property name="sun.java.launcher" value="SUN_STANDARD"/>
    <property name="user.country" value="MX"/>
    <property name="sun.boot.library.path" value="C:\Program Files\Spring Tool Suite\sts-4.22.0.RELEASE\plugins\org.eclipse.justj.openjdk.hotspot.jre.full.win32.x86_64_17.0.10.v20240120-1143\jre\bin"/>
    <property name="sun.java.command" value="C:\Users\alexc\AppData\Local\Temp\surefire11057645350316599875\surefirebooter-20240629155021349_3.jar C:\Users\alexc\AppData\Local\Temp\surefire11057645350316599875 2024-06-29T15-50-19_261-jvmRun1 surefire-20240629155021349_1tmp surefire_0-20240629155021349_2tmp"/>
    <property name="jdk.debug" value="release"/>
    <property name="surefire.test.class.path" value="C:\Users\alexc\git\repo-tienda\ProyectoTiendaRopa\target\test-classes;C:\Users\alexc\git\repo-tienda\ProyectoTiendaRopa\target\classes;C:\Users\alexc\.m2\repository\com\itextpdf\itextpdf\5.5.13\itextpdf-5.5.13.jar;C:\Users\alexc\.m2\repository\org\springframework\boot\spring-boot-starter-data-jpa\3.2.5\spring-boot-starter-data-jpa-3.2.5.jar;C:\Users\alexc\.m2\repository\org\springframework\boot\spring-boot-starter-aop\3.2.5\spring-boot-starter-aop-3.2.5.jar;C:\Users\alexc\.m2\repository\org\springframework\spring-aop\6.1.6\spring-aop-6.1.6.jar;C:\Users\alexc\.m2\repository\org\aspectj\aspectjweaver\1.9.22\aspectjweaver-1.9.22.jar;C:\Users\alexc\.m2\repository\org\springframework\boot\spring-boot-starter-jdbc\3.2.5\spring-boot-starter-jdbc-3.2.5.jar;C:\Users\alexc\.m2\repository\com\zaxxer\HikariCP\5.0.1\HikariCP-5.0.1.jar;C:\Users\alexc\.m2\repository\org\springframework\spring-jdbc\6.1.6\spring-jdbc-6.1.6.jar;C:\Users\alexc\.m2\repository\org\hibernate\orm\hibernate-core\6.4.4.Final\hibernate-core-6.4.4.Final.jar;C:\Users\alexc\.m2\repository\jakarta\persistence\jakarta.persistence-api\3.1.0\jakarta.persistence-api-3.1.0.jar;C:\Users\alexc\.m2\repository\jakarta\transaction\jakarta.transaction-api\2.0.1\jakarta.transaction-api-2.0.1.jar;C:\Users\alexc\.m2\repository\org\jboss\logging\jboss-logging\3.5.3.Final\jboss-logging-3.5.3.Final.jar;C:\Users\alexc\.m2\repository\org\hibernate\common\hibernate-commons-annotations\6.0.6.Final\hibernate-commons-annotations-6.0.6.Final.jar;C:\Users\alexc\.m2\repository\io\smallrye\jandex\3.1.2\jandex-3.1.2.jar;C:\Users\alexc\.m2\repository\com\fasterxml\classmate\1.6.0\classmate-1.6.0.jar;C:\Users\alexc\.m2\repository\net\bytebuddy\byte-buddy\1.14.13\byte-buddy-1.14.13.jar;C:\Users\alexc\.m2\repository\org\glassfish\jaxb\jaxb-runtime\4.0.5\jaxb-runtime-4.0.5.jar;C:\Users\alexc\.m2\repository\org\glassfish\jaxb\jaxb-core\4.0.5\jaxb-core-4.0.5.jar;C:\Users\alexc\.m2\repository\org\eclipse\angus\angus-activation\2.0.2\angus-activation-2.0.2.jar;C:\Users\alexc\.m2\repository\org\glassfish\jaxb\txw2\4.0.5\txw2-4.0.5.jar;C:\Users\alexc\.m2\repository\com\sun\istack\istack-commons-runtime\4.1.2\istack-commons-runtime-4.1.2.jar;C:\Users\alexc\.m2\repository\jakarta\inject\jakarta.inject-api\2.0.1\jakarta.inject-api-2.0.1.jar;C:\Users\alexc\.m2\repository\org\antlr\antlr4-runtime\4.13.0\antlr4-runtime-4.13.0.jar;C:\Users\alexc\.m2\repository\org\springframework\data\spring-data-jpa\3.2.5\spring-data-jpa-3.2.5.jar;C:\Users\alexc\.m2\repository\org\springframework\data\spring-data-commons\3.2.5\spring-data-commons-3.2.5.jar;C:\Users\alexc\.m2\repository\org\springframework\spring-orm\6.1.6\spring-orm-6.1.6.jar;C:\Users\alexc\.m2\repository\org\springframework\spring-context\6.1.6\spring-context-6.1.6.jar;C:\Users\alexc\.m2\repository\org\springframework\spring-tx\6.1.6\spring-tx-6.1.6.jar;C:\Users\alexc\.m2\repository\org\springframework\spring-beans\6.1.6\spring-beans-6.1.6.jar;C:\Users\alexc\.m2\repository\jakarta\annotation\jakarta.annotation-api\2.1.1\jakarta.annotation-api-2.1.1.jar;C:\Users\alexc\.m2\repository\org\slf4j\slf4j-api\2.0.13\slf4j-api-2.0.13.jar;C:\Users\alexc\.m2\repository\org\springframework\spring-aspects\6.1.6\spring-aspects-6.1.6.jar;C:\Users\alexc\.m2\repository\org\springframework\boot\spring-boot-starter-validation\3.2.5\spring-boot-starter-validation-3.2.5.jar;C:\Users\alexc\.m2\repository\org\springframework\boot\spring-boot-starter\3.2.5\spring-boot-starter-3.2.5.jar;C:\Users\alexc\.m2\repository\org\springframework\boot\spring-boot-starter-logging\3.2.5\spring-boot-starter-logging-3.2.5.jar;C:\Users\alexc\.m2\repository\ch\qos\logback\logback-classic\1.4.14\logback-classic-1.4.14.jar;C:\Users\alexc\.m2\repository\ch\qos\logback\logback-core\1.4.14\logback-core-1.4.14.jar;C:\Users\alexc\.m2\repository\org\apache\logging\log4j\log4j-to-slf4j\2.21.1\log4j-to-slf4j-2.21.1.jar;C:\Users\alexc\.m2\repository\org\apache\logging\log4j\log4j-api\2.21.1\log4j-api-2.21.1.jar;C:\Users\alexc\.m2\repository\org\slf4j\jul-to-slf4j\2.0.13\jul-to-slf4j-2.0.13.jar;C:\Users\alexc\.m2\repository\org\yaml\snakeyaml\2.2\snakeyaml-2.2.jar;C:\Users\alexc\.m2\repository\org\apache\tomcat\embed\tomcat-embed-el\10.1.20\tomcat-embed-el-10.1.20.jar;C:\Users\alexc\.m2\repository\org\hibernate\validator\hibernate-validator\8.0.1.Final\hibernate-validator-8.0.1.Final.jar;C:\Users\alexc\.m2\repository\jakarta\validation\jakarta.validation-api\3.0.2\jakarta.validation-api-3.0.2.jar;C:\Users\alexc\.m2\repository\org\springframework\boot\spring-boot-starter-web\3.2.5\spring-boot-starter-web-3.2.5.jar;C:\Users\alexc\.m2\repository\org\springframework\boot\spring-boot-starter-json\3.2.5\spring-boot-starter-json-3.2.5.jar;C:\Users\alexc\.m2\repository\com\fasterxml\jackson\core\jackson-databind\2.15.4\jackson-databind-2.15.4.jar;C:\Users\alexc\.m2\repository\com\fasterxml\jackson\core\jackson-annotations\2.15.4\jackson-annotations-2.15.4.jar;C:\Users\alexc\.m2\repository\com\fasterxml\jackson\core\jackson-core\2.15.4\jackson-core-2.15.4.jar;C:\Users\alexc\.m2\repository\com\fasterxml\jackson\datatype\jackson-datatype-jdk8\2.15.4\jackson-datatype-jdk8-2.15.4.jar;C:\Users\alexc\.m2\repository\com\fasterxml\jackson\datatype\jackson-datatype-jsr310\2.15.4\jackson-datatype-jsr310-2.15.4.jar;C:\Users\alexc\.m2\repository\com\fasterxml\jackson\module\jackson-module-parameter-names\2.15.4\jackson-module-parameter-names-2.15.4.jar;C:\Users\alexc\.m2\repository\org\springframework\boot\spring-boot-starter-tomcat\3.2.5\spring-boot-starter-tomcat-3.2.5.jar;C:\Users\alexc\.m2\repository\org\apache\tomcat\embed\tomcat-embed-core\10.1.20\tomcat-embed-core-10.1.20.jar;C:\Users\alexc\.m2\repository\org\apache\tomcat\embed\tomcat-embed-websocket\10.1.20\tomcat-embed-websocket-10.1.20.jar;C:\Users\alexc\.m2\repository\org\springframework\spring-web\6.1.6\spring-web-6.1.6.jar;C:\Users\alexc\.m2\repository\io\micrometer\micrometer-observation\1.12.5\micrometer-observation-1.12.5.jar;C:\Users\alexc\.m2\repository\io\micrometer\micrometer-commons\1.12.5\micrometer-commons-1.12.5.jar;C:\Users\alexc\.m2\repository\org\springframework\spring-webmvc\6.1.6\spring-webmvc-6.1.6.jar;C:\Users\alexc\.m2\repository\org\springframework\spring-expression\6.1.6\spring-expression-6.1.6.jar;C:\Users\alexc\.m2\repository\org\springframework\boot\spring-boot-devtools\3.2.5\spring-boot-devtools-3.2.5.jar;C:\Users\alexc\.m2\repository\org\springframework\boot\spring-boot\3.2.5\spring-boot-3.2.5.jar;C:\Users\alexc\.m2\repository\org\springframework\boot\spring-boot-autoconfigure\3.2.5\spring-boot-autoconfigure-3.2.5.jar;C:\Users\alexc\.m2\repository\com\mysql\mysql-connector-j\8.3.0\mysql-connector-j-8.3.0.jar;C:\Users\alexc\.m2\repository\org\postgresql\postgresql\42.6.2\postgresql-42.6.2.jar;C:\Users\alexc\.m2\repository\org\checkerframework\checker-qual\3.31.0\checker-qual-3.31.0.jar;C:\Users\alexc\.m2\repository\org\projectlombok\lombok\1.18.32\lombok-1.18.32.jar;C:\Users\alexc\.m2\repository\org\springframework\boot\spring-boot-starter-test\3.2.5\spring-boot-starter-test-3.2.5.jar;C:\Users\alexc\.m2\repository\org\springframework\boot\spring-boot-test\3.2.5\spring-boot-test-3.2.5.jar;C:\Users\alexc\.m2\repository\org\springframework\boot\spring-boot-test-autoconfigure\3.2.5\spring-boot-test-autoconfigure-3.2.5.jar;C:\Users\alexc\.m2\repository\com\jayway\jsonpath\json-path\2.9.0\json-path-2.9.0.jar;C:\Users\alexc\.m2\repository\jakarta\xml\bind\jakarta.xml.bind-api\4.0.2\jakarta.xml.bind-api-4.0.2.jar;C:\Users\alexc\.m2\repository\jakarta\activation\jakarta.activation-api\2.1.3\jakarta.activation-api-2.1.3.jar;C:\Users\alexc\.m2\repository\net\minidev\json-smart\2.5.1\json-smart-2.5.1.jar;C:\Users\alexc\.m2\repository\net\minidev\accessors-smart\2.5.1\accessors-smart-2.5.1.jar;C:\Users\alexc\.m2\repository\org\ow2\asm\asm\9.6\asm-9.6.jar;C:\Users\alexc\.m2\repository\org\assertj\assertj-core\3.24.2\assertj-core-3.24.2.jar;C:\Users\alexc\.m2\repository\org\awaitility\awaitility\4.2.1\awaitility-4.2.1.jar;C:\Users\alexc\.m2\repository\org\hamcrest\hamcrest\2.2\hamcrest-2.2.jar;C:\Users\alexc\.m2\repository\org\junit\jupiter\junit-jupiter\5.10.2\junit-jupiter-5.10.2.jar;C:\Users\alexc\.m2\repository\org\junit\jupiter\junit-jupiter-api\5.10.2\junit-jupiter-api-5.10.2.jar;C:\Users\alexc\.m2\repository\org\opentest4j\opentest4j\1.3.0\opentest4j-1.3.0.jar;C:\Users\alexc\.m2\repository\org\junit\platform\junit-platform-commons\1.10.2\junit-platform-commons-1.10.2.jar;C:\Users\alexc\.m2\repository\org\apiguardian\apiguardian-api\1.1.2\apiguardian-api-1.1.2.jar;C:\Users\alexc\.m2\repository\org\junit\jupiter\junit-jupiter-params\5.10.2\junit-jupiter-params-5.10.2.jar;C:\Users\alexc\.m2\repository\org\junit\jupiter\junit-jupiter-engine\5.10.2\junit-jupiter-engine-5.10.2.jar;C:\Users\alexc\.m2\repository\org\junit\platform\junit-platform-engine\1.10.2\junit-platform-engine-1.10.2.jar;C:\Users\alexc\.m2\repository\org\mockito\mockito-core\5.7.0\mockito-core-5.7.0.jar;C:\Users\alexc\.m2\repository\net\bytebuddy\byte-buddy-agent\1.14.13\byte-buddy-agent-1.14.13.jar;C:\Users\alexc\.m2\repository\org\objenesis\objenesis\3.3\objenesis-3.3.jar;C:\Users\alexc\.m2\repository\org\mockito\mockito-junit-jupiter\5.7.0\mockito-junit-jupiter-5.7.0.jar;C:\Users\alexc\.m2\repository\org\skyscreamer\jsonassert\1.5.1\jsonassert-1.5.1.jar;C:\Users\alexc\.m2\repository\com\vaadin\external\google\android-json\0.0.20131108.vaadin1\android-json-0.0.20131108.vaadin1.jar;C:\Users\alexc\.m2\repository\org\springframework\spring-core\6.1.6\spring-core-6.1.6.jar;C:\Users\alexc\.m2\repository\org\springframework\spring-jcl\6.1.6\spring-jcl-6.1.6.jar;C:\Users\alexc\.m2\repository\org\springframework\spring-test\6.1.6\spring-test-6.1.6.jar;C:\Users\alexc\.m2\repository\org\xmlunit\xmlunit-core\2.9.1\xmlunit-core-2.9.1.jar;"/>
    <property name="sun.cpu.endian" value="little"/>
    <property name="user.home" value="C:\Users\alexc"/>
    <property name="user.language" value="es"/>
    <property name="java.specification.vendor" value="Oracle Corporation"/>
    <property name="java.version.date" value="2024-01-16"/>
    <property name="java.home" value="C:\Program Files\Spring Tool Suite\sts-4.22.0.RELEASE\plugins\org.eclipse.justj.openjdk.hotspot.jre.full.win32.x86_64_17.0.10.v20240120-1143\jre"/>
    <property name="file.separator" value="\"/>
    <property name="style.color" value="always"/>
    <property name="basedir" value="C:\Users\alexc\git\repo-tienda\ProyectoTiendaRopa"/>
    <property name="java.vm.compressedOopsMode" value="Zero based"/>
    <property name="line.separator" value="&#10;"/>
    <property name="java.vm.specification.vendor" value="Oracle Corporation"/>
    <property name="java.specification.name" value="Java Platform API Specification"/>
    <property name="FILE_LOG_CHARSET" value="windows-1252"/>
    <property name="java.awt.headless" value="true"/>
    <property name="surefire.real.class.path" value="C:\Users\alexc\AppData\Local\Temp\surefire11057645350316599875\surefirebooter-20240629155021349_3.jar"/>
    <property name="user.script" value=""/>
    <property name="sun.management.compiler" value="HotSpot 64-Bit Tiered Compilers"/>
    <property name="java.runtime.version" value="17.0.10+7"/>
    <property name="user.name" value="alexc"/>
    <property name="path.separator" value=";"/>
    <property name="os.version" value="10.0"/>
    <property name="java.runtime.name" value="OpenJDK Runtime Environment"/>
    <property name="file.encoding" value="Cp1252"/>
    <property name="java.vm.name" value="OpenJDK 64-Bit Server VM"/>
    <property name="java.vendor.version" value="Temurin-17.0.10+7"/>
    <property name="localRepository" value="C:\Users\alexc\.m2\repository"/>
    <property name="java.vendor.url.bug" value="https://github.com/adoptium/adoptium-support/issues"/>
    <property name="java.io.tmpdir" value="C:\Users\alexc\AppData\Local\Temp\"/>
    <property name="com.zaxxer.hikari.pool_number" value="1"/>
    <property name="java.version" value="17.0.10"/>
    <property name="user.dir" value="C:\Users\alexc\git\repo-tienda\ProyectoTiendaRopa"/>
    <property name="os.arch" value="amd64"/>
    <property name="java.vm.specification.name" value="Java Virtual Machine Specification"/>
    <property name="PID" value="24748"/>
    <property name="sun.os.patch.level" value=""/>
    <property name="CONSOLE_LOG_CHARSET" value="windows-1252"/>
    <property name="native.encoding" value="Cp1252"/>
    <property name="java.library.path" value="C:\Program Files\Spring Tool Suite\sts-4.22.0.RELEASE\plugins\org.eclipse.justj.openjdk.hotspot.jre.full.win32.x86_64_17.0.10.v20240120-1143\jre\bin;C:\WINDOWS\Sun\Java\bin;C:\WINDOWS\system32;C:\WINDOWS;C:/Program Files/Spring Tool Suite/sts-4.22.0.RELEASE//plugins/org.eclipse.justj.openjdk.hotspot.jre.full.win32.x86_64_17.0.10.v20240120-1143/jre/bin/server;C:/Program Files/Spring Tool Suite/sts-4.22.0.RELEASE//plugins/org.eclipse.justj.openjdk.hotspot.jre.full.win32.x86_64_17.0.10.v20240120-1143/jre/bin;C:\windows\system32;C:\windows;C:\windows\System32\Wbem;C:\windows\System32\WindowsPowerShell\v1.0\;C:\windows\System32\OpenSSH\;C:\Program Files (x86)\NVIDIA Corporation\PhysX\Common;C:\MinGW\bin;C:\Program Files\MySQL\MySQL Server 8.0\bin;C:\Program Files\NVIDIA Corporation\NVIDIA NvDLISR;C:\Program Files\MATLAB\R2022b\bin;C:\GnuWin32\bin;C:\Program Files (x86)\IVI Foundation\VISA\WinNT\Bin\;C:\Program Files\IVI Foundation\VISA\Win64\Bin\;C:\Program Files (x86)\National Instruments\Shared\LabVIEW CLI;C:\Program Files (x86)\IVI Foundation\VISA\WinNT\Bin;C:\WINDOWS\system32;C:\WINDOWS;C:\WINDOWS\System32\Wbem;C:\WINDOWS\System32\WindowsPowerShell\v1.0\;C:\WINDOWS\System32\OpenSSH\;K:\Microchip\xc8\v2.40\bin;C:\Program Files\Docker\Docker\resources\bin;C:\Program Files\Graphviz\bin;C:\Program Files\HP\HP One Agent;C:\Program Files\Java\jdk-17\bin;C:\Program Files\nodejs\;C:\Program Files\Git\cmd;C:\Users\alexc\AppData\Local\Programs\Python\Python37\Scripts\;C:\Users\alexc\AppData\Local\Programs\Python\Python37\;C:\Users\alexc\AppData\Local\Microsoft\WindowsApps;C:\Users\alexc\AppData\Local\Programs\Microsoft VS Code\bin;C:\Users\alexc\AppData\Local\GitHubDesktop\bin;C:\Program Files\heroku\bin;C:\intelFPGA\20.1\modelsim_ase\win32aloem;C:\Program Files\MySQL\MySQL Server 8.0\bin\;;K:\Pycharm\PyCharm Community Edition 2022.3.2\bin;;C:\Users\alexc\AppData\Roaming\npm;C:\Program Files\Spring Tool Suite\sts-4.22.0.RELEASE;;."/>
    <property name="java.vm.info" value="mixed mode"/>
    <property name="java.vendor" value="Eclipse Adoptium"/>
    <property name="java.vm.version" value="17.0.10+7"/>
    <property name="sun.io.unicode.encoding" value="UnicodeLittle"/>
    <property name="java.class.version" value="61.0"/>
    <property name="LOGGED_APPLICATION_NAME" value="[ProyectoTiendaRopa] "/>
  </properties>
  <testcase name="contextLoads" classname="com.ipn.mx.ProyectoTiendaRopaApplicationTests" time="0.775">
    <system-out><![CDATA[15:50:22.393 [main] INFO org.springframework.test.context.support.AnnotationConfigContextLoaderUtils -- Could not detect default configuration classes for test class [com.ipn.mx.ProyectoTiendaRopaApplicationTests]: ProyectoTiendaRopaApplicationTests does not declare any static, non-private, non-final, nested classes annotated with @Configuration.
15:50:22.571 [main] INFO org.springframework.boot.test.context.SpringBootTestContextBootstrapper -- Found @SpringBootConfiguration com.ipn.mx.ProyectoTiendaRopaApplication for test class com.ipn.mx.ProyectoTiendaRopaApplicationTests
15:50:22.882 [main] INFO org.springframework.boot.devtools.restart.RestartApplicationListener -- Restart disabled due to context in which it is running

  .   ____          _            __ _ _
 /\\ / ___'_ __ _ _(_)_ __  __ _ \ \ \ \
( ( )\___ | '_ | '_| | '_ \/ _` | \ \ \ \
 \\/  ___)| |_)| | | | | || (_| |  ) ) ) )
  '  |____| .__|_| |_|_| |_\__, | / / / /
 =========|_|==============|___/=/_/_/_/
 :: Spring Boot ::                (v3.2.5)

2024-06-29T15:50:23.218-06:00 DEBUG 24748 --- [ProyectoTiendaRopa] [kground-preinit] o.h.v.i.xml.config.ValidationXmlParser   : Trying to load META-INF/validation.xml for XML based Validator configuration.
2024-06-29T15:50:23.221-06:00 DEBUG 24748 --- [ProyectoTiendaRopa] [kground-preinit] o.h.v.i.xml.config.ResourceLoaderHelper  : Trying to load META-INF/validation.xml via TCCL
2024-06-29T15:50:23.221-06:00 DEBUG 24748 --- [ProyectoTiendaRopa] [kground-preinit] o.h.v.i.xml.config.ResourceLoaderHelper  : Trying to load META-INF/validation.xml via Hibernate Validator's class loader
2024-06-29T15:50:23.222-06:00 DEBUG 24748 --- [ProyectoTiendaRopa] [kground-preinit] o.h.v.i.xml.config.ValidationXmlParser   : No META-INF/validation.xml found. Using annotation based configuration only.
2024-06-29T15:50:23.228-06:00 DEBUG 24748 --- [ProyectoTiendaRopa] [kground-preinit] o.h.v.i.e.resolver.TraversableResolvers  : Found jakarta.persistence.Persistence on classpath containing 'getPersistenceUtil'. Assuming JPA 2 environment. Trying to instantiate JPA aware TraversableResolver
2024-06-29T15:50:23.229-06:00 DEBUG 24748 --- [ProyectoTiendaRopa] [kground-preinit] o.h.v.i.e.resolver.TraversableResolvers  : Instantiated JPA aware TraversableResolver of type org.hibernate.validator.internal.engine.resolver.JPATraversableResolver.
2024-06-29T15:50:23.237-06:00  INFO 24748 --- [ProyectoTiendaRopa] [           main] c.i.m.ProyectoTiendaRopaApplicationTests : Starting ProyectoTiendaRopaApplicationTests using Java 17.0.10 with PID 24748 (started by alexc in C:\Users\alexc\git\repo-tienda\ProyectoTiendaRopa)
2024-06-29T15:50:23.238-06:00  INFO 24748 --- [ProyectoTiendaRopa] [           main] c.i.m.ProyectoTiendaRopaApplicationTests : No active profile set, falling back to 1 default profile: "default"
2024-06-29T15:50:23.257-06:00 DEBUG 24748 --- [ProyectoTiendaRopa] [kground-preinit] .h.v.m.ResourceBundleMessageInterpolator : Loaded expression factory via original TCCL
2024-06-29T15:50:23.401-06:00 DEBUG 24748 --- [ProyectoTiendaRopa] [kground-preinit] .i.e.ValidatorFactoryConfigurationHelper : HV000252: Using org.hibernate.validator.internal.engine.DefaultPropertyNodeNameProvider as property node name provider.
2024-06-29T15:50:23.408-06:00 DEBUG 24748 --- [ProyectoTiendaRopa] [kground-preinit] .i.e.ValidatorFactoryConfigurationHelper : HV000234: Using org.hibernate.validator.messageinterpolation.ResourceBundleMessageInterpolator as ValidatorFactory-scoped message interpolator.
2024-06-29T15:50:23.409-06:00 DEBUG 24748 --- [ProyectoTiendaRopa] [kground-preinit] .i.e.ValidatorFactoryConfigurationHelper : HV000234: Using org.hibernate.validator.internal.engine.resolver.JPATraversableResolver as ValidatorFactory-scoped traversable resolver.
2024-06-29T15:50:23.409-06:00 DEBUG 24748 --- [ProyectoTiendaRopa] [kground-preinit] .i.e.ValidatorFactoryConfigurationHelper : HV000234: Using org.hibernate.validator.internal.util.ExecutableParameterNameProvider as ValidatorFactory-scoped parameter name provider.
2024-06-29T15:50:23.409-06:00 DEBUG 24748 --- [ProyectoTiendaRopa] [kground-preinit] .i.e.ValidatorFactoryConfigurationHelper : HV000234: Using org.hibernate.validator.internal.engine.DefaultClockProvider as ValidatorFactory-scoped clock provider.
2024-06-29T15:50:23.409-06:00 DEBUG 24748 --- [ProyectoTiendaRopa] [kground-preinit] .i.e.ValidatorFactoryConfigurationHelper : HV000234: Using org.hibernate.validator.internal.engine.scripting.DefaultScriptEvaluatorFactory as ValidatorFactory-scoped script evaluator factory.
2024-06-29T15:50:24.247-06:00  INFO 24748 --- [ProyectoTiendaRopa] [           main] .s.d.r.c.RepositoryConfigurationDelegate : Bootstrapping Spring Data JPA repositories in DEFAULT mode.
2024-06-29T15:50:24.390-06:00  INFO 24748 --- [ProyectoTiendaRopa] [           main] .s.d.r.c.RepositoryConfigurationDelegate : Finished Spring Data repository scanning in 125 ms. Found 8 JPA repository interfaces.
2024-06-29T15:50:25.105-06:00 DEBUG 24748 --- [ProyectoTiendaRopa] [           main] o.hibernate.jpa.internal.util.LogHelper  : PersistenceUnitInfo [
	name: default
	persistence provider classname: null
	classloader: jdk.internal.loader.ClassLoaders$AppClassLoader@28c97a5
	excludeUnlistedClasses: true
	JTA datasource: null
	Non JTA datasource: HikariDataSource (null)
	Transaction type: RESOURCE_LOCAL
	PU root URL: file:/C:/Users/alexc/git/repo-tienda/ProyectoTiendaRopa/target/test-classes/
	Shared Cache Mode: UNSPECIFIED
	Validation Mode: AUTO
	Jar files URLs []
	Managed classes names [
		com.ipn.mx.modelo.entidades.Categoria
		com.ipn.mx.modelo.entidades.Cliente
		com.ipn.mx.modelo.entidades.Envio
		com.ipn.mx.modelo.entidades.Historial
		com.ipn.mx.modelo.entidades.Pago
		com.ipn.mx.modelo.entidades.Pedido
		com.ipn.mx.modelo.entidades.Producto
		com.ipn.mx.modelo.entidades.Promocion]
	Mapping files names []
	Properties []
2024-06-29T15:50:25.151-06:00 DEBUG 24748 --- [ProyectoTiendaRopa] [           main] o.h.i.internal.IntegratorServiceImpl     : Adding Integrator [org.hibernate.boot.beanvalidation.BeanValidationIntegrator].
2024-06-29T15:50:25.155-06:00 DEBUG 24748 --- [ProyectoTiendaRopa] [           main] o.h.i.internal.IntegratorServiceImpl     : Adding Integrator [org.hibernate.cache.internal.CollectionCacheInvalidator].
2024-06-29T15:50:25.264-06:00  INFO 24748 --- [ProyectoTiendaRopa] [           main] org.hibernate.Version                    : HHH000412: Hibernate ORM core version 6.4.4.Final
2024-06-29T15:50:25.267-06:00 DEBUG 24748 --- [ProyectoTiendaRopa] [           main] org.hibernate.cfg.Environment            : HHH000206: 'hibernate.properties' not found
2024-06-29T15:50:25.304-06:00 DEBUG 24748 --- [ProyectoTiendaRopa] [           main] org.hibernate.orm.idgen.factory          : Registering IdentifierGenerator strategy [uuid2] -> [org.hibernate.id.UUIDGenerator]
2024-06-29T15:50:25.305-06:00 DEBUG 24748 --- [ProyectoTiendaRopa] [           main] org.hibernate.orm.idgen.factory          : Registering IdentifierGenerator strategy [guid] -> [org.hibernate.id.GUIDGenerator]
2024-06-29T15:50:25.306-06:00 DEBUG 24748 --- [ProyectoTiendaRopa] [           main] org.hibernate.orm.idgen.factory          : Registering IdentifierGenerator strategy [uuid] -> [org.hibernate.id.UUIDHexGenerator]
2024-06-29T15:50:25.307-06:00 DEBUG 24748 --- [ProyectoTiendaRopa] [           main] org.hibernate.orm.idgen.factory          : Registering IdentifierGenerator strategy [uuid.hex] -> [org.hibernate.id.UUIDHexGenerator]
2024-06-29T15:50:25.307-06:00 DEBUG 24748 --- [ProyectoTiendaRopa] [           main] org.hibernate.orm.idgen.factory          : Registering IdentifierGenerator strategy [assigned] -> [org.hibernate.id.Assigned]
2024-06-29T15:50:25.309-06:00 DEBUG 24748 --- [ProyectoTiendaRopa] [           main] org.hibernate.orm.idgen.factory          : Registering IdentifierGenerator strategy [identity] -> [org.hibernate.id.IdentityGenerator]
2024-06-29T15:50:25.310-06:00 DEBUG 24748 --- [ProyectoTiendaRopa] [           main] org.hibernate.orm.idgen.factory          : Registering IdentifierGenerator strategy [select] -> [org.hibernate.id.SelectGenerator]
2024-06-29T15:50:25.311-06:00 DEBUG 24748 --- [ProyectoTiendaRopa] [           main] org.hibernate.orm.idgen.factory          : Registering IdentifierGenerator strategy [sequence] -> [org.hibernate.id.enhanced.SequenceStyleGenerator]
2024-06-29T15:50:25.312-06:00 DEBUG 24748 --- [ProyectoTiendaRopa] [           main] org.hibernate.orm.idgen.factory          : Registering IdentifierGenerator strategy [increment] -> [org.hibernate.id.IncrementGenerator]
2024-06-29T15:50:25.313-06:00 DEBUG 24748 --- [ProyectoTiendaRopa] [           main] org.hibernate.orm.idgen.factory          : Registering IdentifierGenerator strategy [foreign] -> [org.hibernate.id.ForeignGenerator]
2024-06-29T15:50:25.313-06:00 DEBUG 24748 --- [ProyectoTiendaRopa] [           main] org.hibernate.orm.idgen.factory          : Registering IdentifierGenerator strategy [enhanced-sequence] -> [org.hibernate.id.enhanced.SequenceStyleGenerator]
2024-06-29T15:50:25.314-06:00 DEBUG 24748 --- [ProyectoTiendaRopa] [           main] org.hibernate.orm.idgen.factory          : Registering IdentifierGenerator strategy [enhanced-table] -> [org.hibernate.id.enhanced.TableGenerator]
2024-06-29T15:50:25.325-06:00 DEBUG 24748 --- [ProyectoTiendaRopa] [           main] o.h.c.internal.RegionFactoryInitiator    : Cannot default RegionFactory based on registered strategies as `[]` RegionFactory strategies were registered
2024-06-29T15:50:25.326-06:00  INFO 24748 --- [ProyectoTiendaRopa] [           main] o.h.c.internal.RegionFactoryInitiator    : HHH000026: Second-level cache disabled
2024-06-29T15:50:25.501-06:00 DEBUG 24748 --- [ProyectoTiendaRopa] [           main] org.hibernate.type.BasicTypeRegistry     : Adding type registration boolean -> org.hibernate.type.BasicTypeReference@4aaecabd
2024-06-29T15:50:25.501-06:00 DEBUG 24748 --- [ProyectoTiendaRopa] [           main] org.hibernate.type.BasicTypeRegistry     : Adding type registration boolean -> org.hibernate.type.BasicTypeReference@4aaecabd
2024-06-29T15:50:25.501-06:00 DEBUG 24748 --- [ProyectoTiendaRopa] [           main] org.hibernate.type.BasicTypeRegistry     : Adding type registration java.lang.Boolean -> org.hibernate.type.BasicTypeReference@4aaecabd
2024-06-29T15:50:25.501-06:00 DEBUG 24748 --- [ProyectoTiendaRopa] [           main] org.hibernate.type.BasicTypeRegistry     : Adding type registration numeric_boolean -> org.hibernate.type.BasicTypeReference@23bd0c81
2024-06-29T15:50:25.501-06:00 DEBUG 24748 --- [ProyectoTiendaRopa] [           main] org.hibernate.type.BasicTypeRegistry     : Adding type registration org.hibernate.type.NumericBooleanConverter -> org.hibernate.type.BasicTypeReference@23bd0c81
2024-06-29T15:50:25.501-06:00 DEBUG 24748 --- [ProyectoTiendaRopa] [           main] org.hibernate.type.BasicTypeRegistry     : Adding type registration true_false -> org.hibernate.type.BasicTypeReference@1332dec4
2024-06-29T15:50:25.501-06:00 DEBUG 24748 --- [ProyectoTiendaRopa] [           main] org.hibernate.type.BasicTypeRegistry     : Adding type registration org.hibernate.type.TrueFalseConverter -> org.hibernate.type.BasicTypeReference@1332dec4
2024-06-29T15:50:25.502-06:00 DEBUG 24748 --- [ProyectoTiendaRopa] [           main] org.hibernate.type.BasicTypeRegistry     : Adding type registration yes_no -> org.hibernate.type.BasicTypeReference@544e3679
2024-06-29T15:50:25.502-06:00 DEBUG 24748 --- [ProyectoTiendaRopa] [           main] org.hibernate.type.BasicTypeRegistry     : Adding type registration org.hibernate.type.YesNoConverter -> org.hibernate.type.BasicTypeReference@544e3679
2024-06-29T15:50:25.502-06:00 DEBUG 24748 --- [ProyectoTiendaRopa] [           main] org.hibernate.type.BasicTypeRegistry     : Adding type registration byte -> org.hibernate.type.BasicTypeReference@6889f56f
2024-06-29T15:50:25.502-06:00 DEBUG 24748 --- [ProyectoTiendaRopa] [           main] org.hibernate.type.BasicTypeRegistry     : Adding type registration byte -> org.hibernate.type.BasicTypeReference@6889f56f
2024-06-29T15:50:25.502-06:00 DEBUG 24748 --- [ProyectoTiendaRopa] [           main] org.hibernate.type.BasicTypeRegistry     : Adding type registration java.lang.Byte -> org.hibernate.type.BasicTypeReference@6889f56f
2024-06-29T15:50:25.502-06:00 DEBUG 24748 --- [ProyectoTiendaRopa] [           main] org.hibernate.type.BasicTypeRegistry     : Adding type registration binary -> org.hibernate.type.BasicTypeReference@231b35fb
2024-06-29T15:50:25.502-06:00 DEBUG 24748 --- [ProyectoTiendaRopa] [           main] org.hibernate.type.BasicTypeRegistry     : Adding type registration byte[] -> org.hibernate.type.BasicTypeReference@231b35fb
2024-06-29T15:50:25.502-06:00 DEBUG 24748 --- [ProyectoTiendaRopa] [           main] org.hibernate.type.BasicTypeRegistry     : Adding type registration [B -> org.hibernate.type.BasicTypeReference@231b35fb
2024-06-29T15:50:25.502-06:00 DEBUG 24748 --- [ProyectoTiendaRopa] [           main] org.hibernate.type.BasicTypeRegistry     : Adding type registration binary_wrapper -> org.hibernate.type.BasicTypeReference@26da1ba2
2024-06-29T15:50:25.502-06:00 DEBUG 24748 --- [ProyectoTiendaRopa] [           main] org.hibernate.type.BasicTypeRegistry     : Adding type registration wrapper-binary -> org.hibernate.type.BasicTypeReference@26da1ba2
2024-06-29T15:50:25.503-06:00 DEBUG 24748 --- [ProyectoTiendaRopa] [           main] org.hibernate.type.BasicTypeRegistry     : Adding type registration image -> org.hibernate.type.BasicTypeReference@3820cfe
2024-06-29T15:50:25.503-06:00 DEBUG 24748 --- [ProyectoTiendaRopa] [           main] org.hibernate.type.BasicTypeRegistry     : Adding type registration blob -> org.hibernate.type.BasicTypeReference@2407a36c
2024-06-29T15:50:25.503-06:00 DEBUG 24748 --- [ProyectoTiendaRopa] [           main] org.hibernate.type.BasicTypeRegistry     : Adding type registration java.sql.Blob -> org.hibernate.type.BasicTypeReference@2407a36c
2024-06-29T15:50:25.503-06:00 DEBUG 24748 --- [ProyectoTiendaRopa] [           main] org.hibernate.type.BasicTypeRegistry     : Adding type registration materialized_blob -> org.hibernate.type.BasicTypeReference@5ec9eefa
2024-06-29T15:50:25.503-06:00 DEBUG 24748 --- [ProyectoTiendaRopa] [           main] org.hibernate.type.BasicTypeRegistry     : Adding type registration materialized_blob_wrapper -> org.hibernate.type.BasicTypeReference@28b8f98a
2024-06-29T15:50:25.503-06:00 DEBUG 24748 --- [ProyectoTiendaRopa] [           main] org.hibernate.type.BasicTypeRegistry     : Adding type registration short -> org.hibernate.type.BasicTypeReference@3b4ef59f
2024-06-29T15:50:25.503-06:00 DEBUG 24748 --- [ProyectoTiendaRopa] [           main] org.hibernate.type.BasicTypeRegistry     : Adding type registration short -> org.hibernate.type.BasicTypeReference@3b4ef59f
2024-06-29T15:50:25.503-06:00 DEBUG 24748 --- [ProyectoTiendaRopa] [           main] org.hibernate.type.BasicTypeRegistry     : Adding type registration java.lang.Short -> org.hibernate.type.BasicTypeReference@3b4ef59f
2024-06-29T15:50:25.504-06:00 DEBUG 24748 --- [ProyectoTiendaRopa] [           main] org.hibernate.type.BasicTypeRegistry     : Adding type registration integer -> org.hibernate.type.BasicTypeReference@22cb3d59
2024-06-29T15:50:25.504-06:00 DEBUG 24748 --- [ProyectoTiendaRopa] [           main] org.hibernate.type.BasicTypeRegistry     : Adding type registration int -> org.hibernate.type.BasicTypeReference@22cb3d59
2024-06-29T15:50:25.504-06:00 DEBUG 24748 --- [ProyectoTiendaRopa] [           main] org.hibernate.type.BasicTypeRegistry     : Adding type registration java.lang.Integer -> org.hibernate.type.BasicTypeReference@22cb3d59
2024-06-29T15:50:25.504-06:00 DEBUG 24748 --- [ProyectoTiendaRopa] [           main] org.hibernate.type.BasicTypeRegistry     : Adding type registration long -> org.hibernate.type.BasicTypeReference@33e4b9c4
2024-06-29T15:50:25.504-06:00 DEBUG 24748 --- [ProyectoTiendaRopa] [           main] org.hibernate.type.BasicTypeRegistry     : Adding type registration long -> org.hibernate.type.BasicTypeReference@33e4b9c4
2024-06-29T15:50:25.504-06:00 DEBUG 24748 --- [ProyectoTiendaRopa] [           main] org.hibernate.type.BasicTypeRegistry     : Adding type registration java.lang.Long -> org.hibernate.type.BasicTypeReference@33e4b9c4
2024-06-29T15:50:25.504-06:00 DEBUG 24748 --- [ProyectoTiendaRopa] [           main] org.hibernate.type.BasicTypeRegistry     : Adding type registration float -> org.hibernate.type.BasicTypeReference@5cff729b
2024-06-29T15:50:25.504-06:00 DEBUG 24748 --- [ProyectoTiendaRopa] [           main] org.hibernate.type.BasicTypeRegistry     : Adding type registration float -> org.hibernate.type.BasicTypeReference@5cff729b
2024-06-29T15:50:25.504-06:00 DEBUG 24748 --- [ProyectoTiendaRopa] [           main] org.hibernate.type.BasicTypeRegistry     : Adding type registration java.lang.Float -> org.hibernate.type.BasicTypeReference@5cff729b
2024-06-29T15:50:25.504-06:00 DEBUG 24748 --- [ProyectoTiendaRopa] [           main] org.hibernate.type.BasicTypeRegistry     : Adding type registration double -> org.hibernate.type.BasicTypeReference@10d18696
2024-06-29T15:50:25.504-06:00 DEBUG 24748 --- [ProyectoTiendaRopa] [           main] org.hibernate.type.BasicTypeRegistry     : Adding type registration double -> org.hibernate.type.BasicTypeReference@10d18696
2024-06-29T15:50:25.505-06:00 DEBUG 24748 --- [ProyectoTiendaRopa] [           main] org.hibernate.type.BasicTypeRegistry     : Adding type registration java.lang.Double -> org.hibernate.type.BasicTypeReference@10d18696
2024-06-29T15:50:25.505-06:00 DEBUG 24748 --- [ProyectoTiendaRopa] [           main] org.hibernate.type.BasicTypeRegistry     : Adding type registration big_integer -> org.hibernate.type.BasicTypeReference@6b8b5020
2024-06-29T15:50:25.506-06:00 DEBUG 24748 --- [ProyectoTiendaRopa] [           main] org.hibernate.type.BasicTypeRegistry     : Adding type registration java.math.BigInteger -> org.hibernate.type.BasicTypeReference@6b8b5020
2024-06-29T15:50:25.506-06:00 DEBUG 24748 --- [ProyectoTiendaRopa] [           main] org.hibernate.type.BasicTypeRegistry     : Adding type registration big_decimal -> org.hibernate.type.BasicTypeReference@7d37ee0c
2024-06-29T15:50:25.506-06:00 DEBUG 24748 --- [ProyectoTiendaRopa] [           main] org.hibernate.type.BasicTypeRegistry     : Adding type registration java.math.BigDecimal -> org.hibernate.type.BasicTypeReference@7d37ee0c
2024-06-29T15:50:25.506-06:00 DEBUG 24748 --- [ProyectoTiendaRopa] [           main] org.hibernate.type.BasicTypeRegistry     : Adding type registration character -> org.hibernate.type.BasicTypeReference@5a7b309b
2024-06-29T15:50:25.506-06:00 DEBUG 24748 --- [ProyectoTiendaRopa] [           main] org.hibernate.type.BasicTypeRegistry     : Adding type registration char -> org.hibernate.type.BasicTypeReference@5a7b309b
2024-06-29T15:50:25.506-06:00 DEBUG 24748 --- [ProyectoTiendaRopa] [           main] org.hibernate.type.BasicTypeRegistry     : Adding type registration java.lang.Character -> org.hibernate.type.BasicTypeReference@5a7b309b
2024-06-29T15:50:25.506-06:00 DEBUG 24748 --- [ProyectoTiendaRopa] [           main] org.hibernate.type.BasicTypeRegistry     : Adding type registration character_nchar -> org.hibernate.type.BasicTypeReference@4602f874
2024-06-29T15:50:25.506-06:00 DEBUG 24748 --- [ProyectoTiendaRopa] [           main] org.hibernate.type.BasicTypeRegistry     : Adding type registration string -> org.hibernate.type.BasicTypeReference@7739aac4
2024-06-29T15:50:25.506-06:00 DEBUG 24748 --- [ProyectoTiendaRopa] [           main] org.hibernate.type.BasicTypeRegistry     : Adding type registration java.lang.String -> org.hibernate.type.BasicTypeReference@7739aac4
2024-06-29T15:50:25.506-06:00 DEBUG 24748 --- [ProyectoTiendaRopa] [           main] org.hibernate.type.BasicTypeRegistry     : Adding type registration nstring -> org.hibernate.type.BasicTypeReference@353c6da1
2024-06-29T15:50:25.507-06:00 DEBUG 24748 --- [ProyectoTiendaRopa] [           main] org.hibernate.type.BasicTypeRegistry     : Adding type registration characters -> org.hibernate.type.BasicTypeReference@36c07c75
2024-06-29T15:50:25.507-06:00 DEBUG 24748 --- [ProyectoTiendaRopa] [           main] org.hibernate.type.BasicTypeRegistry     : Adding type registration char[] -> org.hibernate.type.BasicTypeReference@36c07c75
2024-06-29T15:50:25.507-06:00 DEBUG 24748 --- [ProyectoTiendaRopa] [           main] org.hibernate.type.BasicTypeRegistry     : Adding type registration [C -> org.hibernate.type.BasicTypeReference@36c07c75
2024-06-29T15:50:25.507-06:00 DEBUG 24748 --- [ProyectoTiendaRopa] [           main] org.hibernate.type.BasicTypeRegistry     : Adding type registration wrapper-characters -> org.hibernate.type.BasicTypeReference@6750e381
2024-06-29T15:50:25.507-06:00 DEBUG 24748 --- [ProyectoTiendaRopa] [           main] org.hibernate.type.BasicTypeRegistry     : Adding type registration text -> org.hibernate.type.BasicTypeReference@5d850a25
2024-06-29T15:50:25.507-06:00 DEBUG 24748 --- [ProyectoTiendaRopa] [           main] org.hibernate.type.BasicTypeRegistry     : Adding type registration ntext -> org.hibernate.type.BasicTypeReference@b022551
2024-06-29T15:50:25.507-06:00 DEBUG 24748 --- [ProyectoTiendaRopa] [           main] org.hibernate.type.BasicTypeRegistry     : Adding type registration clob -> org.hibernate.type.BasicTypeReference@3e14d390
2024-06-29T15:50:25.507-06:00 DEBUG 24748 --- [ProyectoTiendaRopa] [           main] org.hibernate.type.BasicTypeRegistry     : Adding type registration java.sql.Clob -> org.hibernate.type.BasicTypeReference@3e14d390
2024-06-29T15:50:25.507-06:00 DEBUG 24748 --- [ProyectoTiendaRopa] [           main] org.hibernate.type.BasicTypeRegistry     : Adding type registration nclob -> org.hibernate.type.BasicTypeReference@5eb87338
2024-06-29T15:50:25.507-06:00 DEBUG 24748 --- [ProyectoTiendaRopa] [           main] org.hibernate.type.BasicTypeRegistry     : Adding type registration java.sql.NClob -> org.hibernate.type.BasicTypeReference@5eb87338
2024-06-29T15:50:25.507-06:00 DEBUG 24748 --- [ProyectoTiendaRopa] [           main] org.hibernate.type.BasicTypeRegistry     : Adding type registration materialized_clob -> org.hibernate.type.BasicTypeReference@2b999ee8
2024-06-29T15:50:25.507-06:00 DEBUG 24748 --- [ProyectoTiendaRopa] [           main] org.hibernate.type.BasicTypeRegistry     : Adding type registration materialized_clob_char_array -> org.hibernate.type.BasicTypeReference@31ab1e67
2024-06-29T15:50:25.507-06:00 DEBUG 24748 --- [ProyectoTiendaRopa] [           main] org.hibernate.type.BasicTypeRegistry     : Adding type registration materialized_clob_character_array -> org.hibernate.type.BasicTypeReference@29bbc391
2024-06-29T15:50:25.507-06:00 DEBUG 24748 --- [ProyectoTiendaRopa] [           main] org.hibernate.type.BasicTypeRegistry     : Adding type registration materialized_nclob -> org.hibernate.type.BasicTypeReference@3487442d
2024-06-29T15:50:25.507-06:00 DEBUG 24748 --- [ProyectoTiendaRopa] [           main] org.hibernate.type.BasicTypeRegistry     : Adding type registration materialized_nclob_character_array -> org.hibernate.type.BasicTypeReference@530ee28b
2024-06-29T15:50:25.507-06:00 DEBUG 24748 --- [ProyectoTiendaRopa] [           main] org.hibernate.type.BasicTypeRegistry     : Adding type registration materialized_nclob_char_array -> org.hibernate.type.BasicTypeReference@3a3f96ab
2024-06-29T15:50:25.507-06:00 DEBUG 24748 --- [ProyectoTiendaRopa] [           main] org.hibernate.type.BasicTypeRegistry     : Adding type registration Duration -> org.hibernate.type.BasicTypeReference@4def7d36
2024-06-29T15:50:25.508-06:00 DEBUG 24748 --- [ProyectoTiendaRopa] [           main] org.hibernate.type.BasicTypeRegistry     : Adding type registration java.time.Duration -> org.hibernate.type.BasicTypeReference@4def7d36
2024-06-29T15:50:25.508-06:00 DEBUG 24748 --- [ProyectoTiendaRopa] [           main] org.hibernate.type.BasicTypeRegistry     : Adding type registration LocalDateTime -> org.hibernate.type.BasicTypeReference@43c7fe8a
2024-06-29T15:50:25.508-06:00 DEBUG 24748 --- [ProyectoTiendaRopa] [           main] org.hibernate.type.BasicTypeRegistry     : Adding type registration java.time.LocalDateTime -> org.hibernate.type.BasicTypeReference@43c7fe8a
2024-06-29T15:50:25.508-06:00 DEBUG 24748 --- [ProyectoTiendaRopa] [           main] org.hibernate.type.BasicTypeRegistry     : Adding type registration LocalDate -> org.hibernate.type.BasicTypeReference@67f946c3
2024-06-29T15:50:25.508-06:00 DEBUG 24748 --- [ProyectoTiendaRopa] [           main] org.hibernate.type.BasicTypeRegistry     : Adding type registration java.time.LocalDate -> org.hibernate.type.BasicTypeReference@67f946c3
2024-06-29T15:50:25.508-06:00 DEBUG 24748 --- [ProyectoTiendaRopa] [           main] org.hibernate.type.BasicTypeRegistry     : Adding type registration LocalTime -> org.hibernate.type.BasicTypeReference@21b51e59
2024-06-29T15:50:25.508-06:00 DEBUG 24748 --- [ProyectoTiendaRopa] [           main] org.hibernate.type.BasicTypeRegistry     : Adding type registration java.time.LocalTime -> org.hibernate.type.BasicTypeReference@21b51e59
2024-06-29T15:50:25.508-06:00 DEBUG 24748 --- [ProyectoTiendaRopa] [           main] org.hibernate.type.BasicTypeRegistry     : Adding type registration OffsetDateTime -> org.hibernate.type.BasicTypeReference@1785d194
2024-06-29T15:50:25.508-06:00 DEBUG 24748 --- [ProyectoTiendaRopa] [           main] org.hibernate.type.BasicTypeRegistry     : Adding type registration java.time.OffsetDateTime -> org.hibernate.type.BasicTypeReference@1785d194
2024-06-29T15:50:25.508-06:00 DEBUG 24748 --- [ProyectoTiendaRopa] [           main] org.hibernate.type.BasicTypeRegistry     : Adding type registration OffsetDateTimeWithTimezone -> org.hibernate.type.BasicTypeReference@6b4a4e40
2024-06-29T15:50:25.508-06:00 DEBUG 24748 --- [ProyectoTiendaRopa] [           main] org.hibernate.type.BasicTypeRegistry     : Adding type registration OffsetDateTimeWithoutTimezone -> org.hibernate.type.BasicTypeReference@46a8c2b4
2024-06-29T15:50:25.508-06:00 DEBUG 24748 --- [ProyectoTiendaRopa] [           main] org.hibernate.type.BasicTypeRegistry     : Adding type registration OffsetTime -> org.hibernate.type.BasicTypeReference@4f664bee
2024-06-29T15:50:25.508-06:00 DEBUG 24748 --- [ProyectoTiendaRopa] [           main] org.hibernate.type.BasicTypeRegistry     : Adding type registration java.time.OffsetTime -> org.hibernate.type.BasicTypeReference@4f664bee
2024-06-29T15:50:25.508-06:00 DEBUG 24748 --- [ProyectoTiendaRopa] [           main] org.hibernate.type.BasicTypeRegistry     : Adding type registration OffsetTimeUtc -> org.hibernate.type.BasicTypeReference@76563ae7
2024-06-29T15:50:25.509-06:00 DEBUG 24748 --- [ProyectoTiendaRopa] [           main] org.hibernate.type.BasicTypeRegistry     : Adding type registration OffsetTimeWithTimezone -> org.hibernate.type.BasicTypeReference@4fd74223
2024-06-29T15:50:25.509-06:00 DEBUG 24748 --- [ProyectoTiendaRopa] [           main] org.hibernate.type.BasicTypeRegistry     : Adding type registration OffsetTimeWithoutTimezone -> org.hibernate.type.BasicTypeReference@4fea840f
2024-06-29T15:50:25.509-06:00 DEBUG 24748 --- [ProyectoTiendaRopa] [           main] org.hibernate.type.BasicTypeRegistry     : Adding type registration ZonedDateTime -> org.hibernate.type.BasicTypeReference@32ae8f27
2024-06-29T15:50:25.509-06:00 DEBUG 24748 --- [ProyectoTiendaRopa] [           main] org.hibernate.type.BasicTypeRegistry     : Adding type registration java.time.ZonedDateTime -> org.hibernate.type.BasicTypeReference@32ae8f27
2024-06-29T15:50:25.509-06:00 DEBUG 24748 --- [ProyectoTiendaRopa] [           main] org.hibernate.type.BasicTypeRegistry     : Adding type registration ZonedDateTimeWithTimezone -> org.hibernate.type.BasicTypeReference@75e80a97
2024-06-29T15:50:25.509-06:00 DEBUG 24748 --- [ProyectoTiendaRopa] [           main] org.hibernate.type.BasicTypeRegistry     : Adding type registration ZonedDateTimeWithoutTimezone -> org.hibernate.type.BasicTypeReference@5b8853
2024-06-29T15:50:25.509-06:00 DEBUG 24748 --- [ProyectoTiendaRopa] [           main] org.hibernate.type.BasicTypeRegistry     : Adding type registration date -> org.hibernate.type.BasicTypeReference@1b8aaeab
2024-06-29T15:50:25.509-06:00 DEBUG 24748 --- [ProyectoTiendaRopa] [           main] org.hibernate.type.BasicTypeRegistry     : Adding type registration java.sql.Date -> org.hibernate.type.BasicTypeReference@1b8aaeab
2024-06-29T15:50:25.509-06:00 DEBUG 24748 --- [ProyectoTiendaRopa] [           main] org.hibernate.type.BasicTypeRegistry     : Adding type registration time -> org.hibernate.type.BasicTypeReference@5d1bdd4a
2024-06-29T15:50:25.509-06:00 DEBUG 24748 --- [ProyectoTiendaRopa] [           main] org.hibernate.type.BasicTypeRegistry     : Adding type registration java.sql.Time -> org.hibernate.type.BasicTypeReference@5d1bdd4a
2024-06-29T15:50:25.509-06:00 DEBUG 24748 --- [ProyectoTiendaRopa] [           main] org.hibernate.type.BasicTypeRegistry     : Adding type registration timestamp -> org.hibernate.type.BasicTypeReference@6812c8cc
2024-06-29T15:50:25.509-06:00 DEBUG 24748 --- [ProyectoTiendaRopa] [           main] org.hibernate.type.BasicTypeRegistry     : Adding type registration java.sql.Timestamp -> org.hibernate.type.BasicTypeReference@6812c8cc
2024-06-29T15:50:25.509-06:00 DEBUG 24748 --- [ProyectoTiendaRopa] [           main] org.hibernate.type.BasicTypeRegistry     : Adding type registration java.util.Date -> org.hibernate.type.BasicTypeReference@6812c8cc
2024-06-29T15:50:25.510-06:00 DEBUG 24748 --- [ProyectoTiendaRopa] [           main] org.hibernate.type.BasicTypeRegistry     : Adding type registration calendar -> org.hibernate.type.BasicTypeReference@3457cc8d
2024-06-29T15:50:25.510-06:00 DEBUG 24748 --- [ProyectoTiendaRopa] [           main] org.hibernate.type.BasicTypeRegistry     : Adding type registration java.util.Calendar -> org.hibernate.type.BasicTypeReference@3457cc8d
2024-06-29T15:50:25.510-06:00 DEBUG 24748 --- [ProyectoTiendaRopa] [           main] org.hibernate.type.BasicTypeRegistry     : Adding type registration java.util.GregorianCalendar -> org.hibernate.type.BasicTypeReference@3457cc8d
2024-06-29T15:50:25.510-06:00 DEBUG 24748 --- [ProyectoTiendaRopa] [           main] org.hibernate.type.BasicTypeRegistry     : Adding type registration calendar_date -> org.hibernate.type.BasicTypeReference@7a66c35a
2024-06-29T15:50:25.510-06:00 DEBUG 24748 --- [ProyectoTiendaRopa] [           main] org.hibernate.type.BasicTypeRegistry     : Adding type registration calendar_time -> org.hibernate.type.BasicTypeReference@7994a0d1
2024-06-29T15:50:25.510-06:00 DEBUG 24748 --- [ProyectoTiendaRopa] [           main] org.hibernate.type.BasicTypeRegistry     : Adding type registration instant -> org.hibernate.type.BasicTypeReference@73e4387
2024-06-29T15:50:25.510-06:00 DEBUG 24748 --- [ProyectoTiendaRopa] [           main] org.hibernate.type.BasicTypeRegistry     : Adding type registration java.time.Instant -> org.hibernate.type.BasicTypeReference@73e4387
2024-06-29T15:50:25.510-06:00 DEBUG 24748 --- [ProyectoTiendaRopa] [           main] org.hibernate.type.BasicTypeRegistry     : Adding type registration uuid -> org.hibernate.type.BasicTypeReference@d87d449
2024-06-29T15:50:25.510-06:00 DEBUG 24748 --- [ProyectoTiendaRopa] [           main] org.hibernate.type.BasicTypeRegistry     : Adding type registration java.util.UUID -> org.hibernate.type.BasicTypeReference@d87d449
2024-06-29T15:50:25.510-06:00 DEBUG 24748 --- [ProyectoTiendaRopa] [           main] org.hibernate.type.BasicTypeRegistry     : Adding type registration pg-uuid -> org.hibernate.type.BasicTypeReference@d87d449
2024-06-29T15:50:25.510-06:00 DEBUG 24748 --- [ProyectoTiendaRopa] [           main] org.hibernate.type.BasicTypeRegistry     : Adding type registration uuid-binary -> org.hibernate.type.BasicTypeReference@4137aab0
2024-06-29T15:50:25.510-06:00 DEBUG 24748 --- [ProyectoTiendaRopa] [           main] org.hibernate.type.BasicTypeRegistry     : Adding type registration uuid-char -> org.hibernate.type.BasicTypeReference@1df9186f
2024-06-29T15:50:25.510-06:00 DEBUG 24748 --- [ProyectoTiendaRopa] [           main] org.hibernate.type.BasicTypeRegistry     : Adding type registration class -> org.hibernate.type.BasicTypeReference@682e422c
2024-06-29T15:50:25.510-06:00 DEBUG 24748 --- [ProyectoTiendaRopa] [           main] org.hibernate.type.BasicTypeRegistry     : Adding type registration java.lang.Class -> org.hibernate.type.BasicTypeReference@682e422c
2024-06-29T15:50:25.510-06:00 DEBUG 24748 --- [ProyectoTiendaRopa] [           main] org.hibernate.type.BasicTypeRegistry     : Adding type registration currency -> org.hibernate.type.BasicTypeReference@5bb8e6fc
2024-06-29T15:50:25.511-06:00 DEBUG 24748 --- [ProyectoTiendaRopa] [           main] org.hibernate.type.BasicTypeRegistry     : Adding type registration Currency -> org.hibernate.type.BasicTypeReference@5bb8e6fc
2024-06-29T15:50:25.511-06:00 DEBUG 24748 --- [ProyectoTiendaRopa] [           main] org.hibernate.type.BasicTypeRegistry     : Adding type registration java.util.Currency -> org.hibernate.type.BasicTypeReference@5bb8e6fc
2024-06-29T15:50:25.511-06:00 DEBUG 24748 --- [ProyectoTiendaRopa] [           main] org.hibernate.type.BasicTypeRegistry     : Adding type registration locale -> org.hibernate.type.BasicTypeReference@2726a511
2024-06-29T15:50:25.511-06:00 DEBUG 24748 --- [ProyectoTiendaRopa] [           main] org.hibernate.type.BasicTypeRegistry     : Adding type registration java.util.Locale -> org.hibernate.type.BasicTypeReference@2726a511
2024-06-29T15:50:25.511-06:00 DEBUG 24748 --- [ProyectoTiendaRopa] [           main] org.hibernate.type.BasicTypeRegistry     : Adding type registration serializable -> org.hibernate.type.BasicTypeReference@72c9ebfa
2024-06-29T15:50:25.511-06:00 DEBUG 24748 --- [ProyectoTiendaRopa] [           main] org.hibernate.type.BasicTypeRegistry     : Adding type registration java.io.Serializable -> org.hibernate.type.BasicTypeReference@72c9ebfa
2024-06-29T15:50:25.511-06:00 DEBUG 24748 --- [ProyectoTiendaRopa] [           main] org.hibernate.type.BasicTypeRegistry     : Adding type registration timezone -> org.hibernate.type.BasicTypeReference@686cf8ad
2024-06-29T15:50:25.511-06:00 DEBUG 24748 --- [ProyectoTiendaRopa] [           main] org.hibernate.type.BasicTypeRegistry     : Adding type registration java.util.TimeZone -> org.hibernate.type.BasicTypeReference@686cf8ad
2024-06-29T15:50:25.511-06:00 DEBUG 24748 --- [ProyectoTiendaRopa] [           main] org.hibernate.type.BasicTypeRegistry     : Adding type registration ZoneOffset -> org.hibernate.type.BasicTypeReference@747f6c5a
2024-06-29T15:50:25.511-06:00 DEBUG 24748 --- [ProyectoTiendaRopa] [           main] org.hibernate.type.BasicTypeRegistry     : Adding type registration java.time.ZoneOffset -> org.hibernate.type.BasicTypeReference@747f6c5a
2024-06-29T15:50:25.511-06:00 DEBUG 24748 --- [ProyectoTiendaRopa] [           main] org.hibernate.type.BasicTypeRegistry     : Adding type registration url -> org.hibernate.type.BasicTypeReference@66e341e9
2024-06-29T15:50:25.512-06:00 DEBUG 24748 --- [ProyectoTiendaRopa] [           main] org.hibernate.type.BasicTypeRegistry     : Adding type registration java.net.URL -> org.hibernate.type.BasicTypeReference@66e341e9
2024-06-29T15:50:25.512-06:00 DEBUG 24748 --- [ProyectoTiendaRopa] [           main] org.hibernate.type.BasicTypeRegistry     : Adding type registration vector -> org.hibernate.type.BasicTypeReference@5b48f0f4
2024-06-29T15:50:25.512-06:00 DEBUG 24748 --- [ProyectoTiendaRopa] [           main] org.hibernate.type.BasicTypeRegistry     : Adding type registration row_version -> org.hibernate.type.BasicTypeReference@546ed2a0
2024-06-29T15:50:25.525-06:00 DEBUG 24748 --- [ProyectoTiendaRopa] [           main] org.hibernate.type.BasicTypeRegistry     : Adding type registration object -> org.hibernate.type.JavaObjectType@272778ae
2024-06-29T15:50:25.526-06:00 DEBUG 24748 --- [ProyectoTiendaRopa] [           main] org.hibernate.type.BasicTypeRegistry     : Adding type registration java.lang.Object -> org.hibernate.type.JavaObjectType@272778ae
2024-06-29T15:50:25.527-06:00 DEBUG 24748 --- [ProyectoTiendaRopa] [           main] org.hibernate.type.BasicTypeRegistry     : Adding type registration null -> org.hibernate.type.NullType@120aa40b
2024-06-29T15:50:25.528-06:00 DEBUG 24748 --- [ProyectoTiendaRopa] [           main] org.hibernate.type.BasicTypeRegistry     : Adding type registration imm_date -> org.hibernate.type.BasicTypeReference@32ab408e
2024-06-29T15:50:25.528-06:00 DEBUG 24748 --- [ProyectoTiendaRopa] [           main] org.hibernate.type.BasicTypeRegistry     : Adding type registration imm_time -> org.hibernate.type.BasicTypeReference@6ad6443
2024-06-29T15:50:25.528-06:00 DEBUG 24748 --- [ProyectoTiendaRopa] [           main] org.hibernate.type.BasicTypeRegistry     : Adding type registration imm_timestamp -> org.hibernate.type.BasicTypeReference@78b03788
2024-06-29T15:50:25.528-06:00 DEBUG 24748 --- [ProyectoTiendaRopa] [           main] org.hibernate.type.BasicTypeRegistry     : Adding type registration imm_calendar -> org.hibernate.type.BasicTypeReference@3f5dfe69
2024-06-29T15:50:25.528-06:00 DEBUG 24748 --- [ProyectoTiendaRopa] [           main] org.hibernate.type.BasicTypeRegistry     : Adding type registration imm_calendar_date -> org.hibernate.type.BasicTypeReference@571a663c
2024-06-29T15:50:25.528-06:00 DEBUG 24748 --- [ProyectoTiendaRopa] [           main] org.hibernate.type.BasicTypeRegistry     : Adding type registration imm_calendar_time -> org.hibernate.type.BasicTypeReference@3a788fe0
2024-06-29T15:50:25.528-06:00 DEBUG 24748 --- [ProyectoTiendaRopa] [           main] org.hibernate.type.BasicTypeRegistry     : Adding type registration imm_binary -> org.hibernate.type.BasicTypeReference@430df350
2024-06-29T15:50:25.528-06:00 DEBUG 24748 --- [ProyectoTiendaRopa] [           main] org.hibernate.type.BasicTypeRegistry     : Adding type registration imm_serializable -> org.hibernate.type.BasicTypeReference@1373e3ee
2024-06-29T15:50:25.535-06:00 DEBUG 24748 --- [ProyectoTiendaRopa] [           main] o.h.boot.internal.BootstrapContextImpl   : Injecting JPA temp ClassLoader [org.springframework.instrument.classloading.SimpleThrowawayClassLoader@27898e13] into BootstrapContext; was [null]
2024-06-29T15:50:25.535-06:00 DEBUG 24748 --- [ProyectoTiendaRopa] [           main] o.h.boot.internal.ClassLoaderAccessImpl  : ClassLoaderAccessImpl#injectTempClassLoader(org.springframework.instrument.classloading.SimpleThrowawayClassLoader@27898e13) [was null]
2024-06-29T15:50:25.536-06:00 DEBUG 24748 --- [ProyectoTiendaRopa] [           main] o.h.boot.internal.BootstrapContextImpl   : Injecting ScanEnvironment [org.hibernate.jpa.boot.internal.StandardJpaScanEnvironmentImpl@4a1a412e] into BootstrapContext; was [null]
2024-06-29T15:50:25.536-06:00 DEBUG 24748 --- [ProyectoTiendaRopa] [           main] o.h.boot.internal.BootstrapContextImpl   : Injecting ScanOptions [org.hibernate.boot.archive.scan.internal.StandardScanOptions@c568f91] into BootstrapContext; was [org.hibernate.boot.archive.scan.internal.StandardScanOptions@5fd43e58]
2024-06-29T15:50:25.762-06:00  INFO 24748 --- [ProyectoTiendaRopa] [           main] o.s.o.j.p.SpringPersistenceUnitInfo      : No LoadTimeWeaver setup: ignoring JPA class transformer
2024-06-29T15:50:25.763-06:00 DEBUG 24748 --- [ProyectoTiendaRopa] [           main] o.h.boot.internal.BootstrapContextImpl   : Injecting JPA temp ClassLoader [null] into BootstrapContext; was [org.springframework.instrument.classloading.SimpleThrowawayClassLoader@27898e13]
2024-06-29T15:50:25.763-06:00 DEBUG 24748 --- [ProyectoTiendaRopa] [           main] o.h.boot.internal.ClassLoaderAccessImpl  : ClassLoaderAccessImpl#injectTempClassLoader(null) [was org.springframework.instrument.classloading.SimpleThrowawayClassLoader@27898e13]
2024-06-29T15:50:25.808-06:00  INFO 24748 --- [ProyectoTiendaRopa] [           main] com.zaxxer.hikari.HikariDataSource       : HikariPool-1 - Starting...
2024-06-29T15:50:30.430-06:00  INFO 24748 --- [ProyectoTiendaRopa] [           main] com.zaxxer.hikari.pool.HikariPool        : HikariPool-1 - Added connection org.postgresql.jdbc.PgConnection@1de85972
2024-06-29T15:50:30.433-06:00  INFO 24748 --- [ProyectoTiendaRopa] [           main] com.zaxxer.hikari.HikariDataSource       : HikariPool-1 - Start completed.
2024-06-29T15:50:30.438-06:00 DEBUG 24748 --- [ProyectoTiendaRopa] [           main] o.h.e.j.e.i.JdbcEnvironmentInitiator     : Database ->
       name : PostgreSQL
    version : 15.1 (Ubuntu 15.1-1.pgdg20.04+1)
      major : 15
      minor : 1
2024-06-29T15:50:30.438-06:00 DEBUG 24748 --- [ProyectoTiendaRopa] [           main] o.h.e.j.e.i.JdbcEnvironmentInitiator     : Driver ->
       name : PostgreSQL JDBC Driver
    version : 42.6.2
      major : 42
      minor : 6
2024-06-29T15:50:30.439-06:00 DEBUG 24748 --- [ProyectoTiendaRopa] [           main] o.h.e.j.e.i.JdbcEnvironmentInitiator     : JDBC version : 4.2
2024-06-29T15:50:30.654-06:00  WARN 24748 --- [ProyectoTiendaRopa] [           main] org.hibernate.orm.deprecation            : HHH90000025: PostgreSQLDialect does not need to be specified explicitly using 'hibernate.dialect' (remove the property setting and it will be selected by default)
2024-06-29T15:50:30.657-06:00 DEBUG 24748 --- [ProyectoTiendaRopa] [           main] org.hibernate.orm.dialect                : HHH035001: Using dialect: org.hibernate.dialect.PostgreSQLDialect, version: 15.1
2024-06-29T15:50:30.663-06:00 DEBUG 24748 --- [ProyectoTiendaRopa] [           main] o.h.e.j.env.spi.IdentifierHelperBuilder  : JDBC driver metadata reported database stores quoted identifiers in neither upper, lower nor mixed case
2024-06-29T15:50:31.461-06:00 DEBUG 24748 --- [ProyectoTiendaRopa] [           main] org.hibernate.orm.jdbc.lob               : HHH10010004: Disabling contextual LOB creation as Dialect reported it is not supported
2024-06-29T15:50:31.477-06:00 DEBUG 24748 --- [ProyectoTiendaRopa] [           main] o.h.t.d.sql.spi.DdlTypeRegistry          : addDescriptor(2003, org.hibernate.type.descriptor.sql.internal.ArrayDdlTypeImpl@2f9addd4) replaced previous registration(org.hibernate.type.descriptor.sql.internal.ArrayDdlTypeImpl@1c43df76)
2024-06-29T15:50:31.477-06:00 DEBUG 24748 --- [ProyectoTiendaRopa] [           main] o.h.t.d.sql.spi.DdlTypeRegistry          : addDescriptor(6, org.hibernate.type.descriptor.sql.internal.CapacityDependentDdlType@ff2266c) replaced previous registration(org.hibernate.type.descriptor.sql.internal.DdlTypeImpl@71b3ba5a)
2024-06-29T15:50:31.480-06:00 DEBUG 24748 --- [ProyectoTiendaRopa] [           main] o.h.t.d.jdbc.spi.JdbcTypeRegistry        : addDescriptor(2004, BlobTypeDescriptor(BLOB_BINDING)) replaced previous registration(BlobTypeDescriptor(DEFAULT))
2024-06-29T15:50:31.480-06:00 DEBUG 24748 --- [ProyectoTiendaRopa] [           main] o.h.t.d.jdbc.spi.JdbcTypeRegistry        : addDescriptor(2005, ClobTypeDescriptor(CLOB_BINDING)) replaced previous registration(ClobTypeDescriptor(DEFAULT))
2024-06-29T15:50:31.492-06:00 DEBUG 24748 --- [ProyectoTiendaRopa] [           main] org.hibernate.type.BasicTypeRegistry     : Adding type registration JAVA_OBJECT -> org.hibernate.type.JavaObjectType@2e1ba142
2024-06-29T15:50:31.492-06:00 DEBUG 24748 --- [ProyectoTiendaRopa] [           main] org.hibernate.type.BasicTypeRegistry     : Adding type registration java.lang.Object -> org.hibernate.type.JavaObjectType@2e1ba142
2024-06-29T15:50:31.492-06:00 DEBUG 24748 --- [ProyectoTiendaRopa] [           main] org.hibernate.type.BasicTypeRegistry     : Type registration key [java.lang.Object] overrode previous entry : `org.hibernate.type.JavaObjectType@272778ae`
2024-06-29T15:50:31.496-06:00 DEBUG 24748 --- [ProyectoTiendaRopa] [           main] org.hibernate.type.BasicTypeRegistry     : Adding type registration org.hibernate.type.DurationType -> basicType@1(java.time.Duration,3015)
2024-06-29T15:50:31.496-06:00 DEBUG 24748 --- [ProyectoTiendaRopa] [           main] org.hibernate.type.BasicTypeRegistry     : Adding type registration Duration -> basicType@1(java.time.Duration,3015)
2024-06-29T15:50:31.496-06:00 DEBUG 24748 --- [ProyectoTiendaRopa] [           main] org.hibernate.type.BasicTypeRegistry     : Adding type registration java.time.Duration -> basicType@1(java.time.Duration,3015)
2024-06-29T15:50:31.499-06:00 DEBUG 24748 --- [ProyectoTiendaRopa] [           main] org.hibernate.type.BasicTypeRegistry     : Adding type registration org.hibernate.type.OffsetDateTimeType -> basicType@2(java.time.OffsetDateTime,3003)
2024-06-29T15:50:31.499-06:00 DEBUG 24748 --- [ProyectoTiendaRopa] [           main] org.hibernate.type.BasicTypeRegistry     : Adding type registration OffsetDateTime -> basicType@2(java.time.OffsetDateTime,3003)
2024-06-29T15:50:31.500-06:00 DEBUG 24748 --- [ProyectoTiendaRopa] [           main] org.hibernate.type.BasicTypeRegistry     : Adding type registration java.time.OffsetDateTime -> basicType@2(java.time.OffsetDateTime,3003)
2024-06-29T15:50:31.500-06:00 DEBUG 24748 --- [ProyectoTiendaRopa] [           main] org.hibernate.type.BasicTypeRegistry     : Adding type registration org.hibernate.type.ZonedDateTimeType -> basicType@3(java.time.ZonedDateTime,3003)
2024-06-29T15:50:31.500-06:00 DEBUG 24748 --- [ProyectoTiendaRopa] [           main] org.hibernate.type.BasicTypeRegistry     : Adding type registration ZonedDateTime -> basicType@3(java.time.ZonedDateTime,3003)
2024-06-29T15:50:31.500-06:00 DEBUG 24748 --- [ProyectoTiendaRopa] [           main] org.hibernate.type.BasicTypeRegistry     : Adding type registration java.time.ZonedDateTime -> basicType@3(java.time.ZonedDateTime,3003)
2024-06-29T15:50:31.500-06:00 DEBUG 24748 --- [ProyectoTiendaRopa] [           main] org.hibernate.type.BasicTypeRegistry     : Adding type registration org.hibernate.type.OffsetTimeType -> basicType@4(java.time.OffsetTime,3007)
2024-06-29T15:50:31.500-06:00 DEBUG 24748 --- [ProyectoTiendaRopa] [           main] org.hibernate.type.BasicTypeRegistry     : Adding type registration OffsetTime -> basicType@4(java.time.OffsetTime,3007)
2024-06-29T15:50:31.500-06:00 DEBUG 24748 --- [ProyectoTiendaRopa] [           main] org.hibernate.type.BasicTypeRegistry     : Adding type registration java.time.OffsetTime -> basicType@4(java.time.OffsetTime,3007)
2024-06-29T15:50:31.503-06:00 DEBUG 24748 --- [ProyectoTiendaRopa] [           main] o.h.type.spi.TypeConfiguration$Scope     : Scoping TypeConfiguration [org.hibernate.type.spi.TypeConfiguration@11c3d22f] to MetadataBuildingContext [org.hibernate.boot.internal.MetadataBuildingContextRootImpl@3a54638b]
2024-06-29T15:50:31.546-06:00 DEBUG 24748 --- [ProyectoTiendaRopa] [           main] o.h.boot.model.relational.Namespace      : Created database namespace [logicalName=Name{catalog=null, schema=null}, physicalName=Name{catalog=null, schema=null}]
2024-06-29T15:50:31.573-06:00 DEBUG 24748 --- [ProyectoTiendaRopa] [           main] o.h.boot.model.internal.EntityBinder     : Binding entity from annotated class: com.ipn.mx.modelo.entidades.Categoria
2024-06-29T15:50:31.584-06:00 DEBUG 24748 --- [ProyectoTiendaRopa] [           main] o.h.boot.model.internal.EntityBinder     : Import with entity name Categoria
2024-06-29T15:50:31.591-06:00 DEBUG 24748 --- [ProyectoTiendaRopa] [           main] o.h.boot.model.internal.EntityBinder     : Bind entity com.ipn.mx.modelo.entidades.Categoria on table categoria
2024-06-29T15:50:31.601-06:00 DEBUG 24748 --- [ProyectoTiendaRopa] [           main] o.h.boot.model.internal.AnnotatedColumn  : Binding column: AnnotatedDiscriminatorColumn(column='DTYPE')
2024-06-29T15:50:31.616-06:00 DEBUG 24748 --- [ProyectoTiendaRopa] [           main] o.h.boot.model.internal.AnnotatedColumn  : Binding column: AnnotatedColumn(column='idcategoria')
2024-06-29T15:50:31.617-06:00 DEBUG 24748 --- [ProyectoTiendaRopa] [           main] o.h.boot.internal.ClassLoaderAccessImpl  : Not known whether passed class name [com.ipn.mx.modelo.entidades.Categoria] is safe
2024-06-29T15:50:31.618-06:00 DEBUG 24748 --- [ProyectoTiendaRopa] [           main] o.h.boot.internal.ClassLoaderAccessImpl  : No temp ClassLoader provided; using live ClassLoader for loading potentially unsafe class : com.ipn.mx.modelo.entidades.Categoria
2024-06-29T15:50:31.620-06:00 DEBUG 24748 --- [ProyectoTiendaRopa] [           main] o.h.boot.model.internal.PropertyBinder   : MetadataSourceProcessor property idCategoria with lazy=false
2024-06-29T15:50:31.624-06:00 DEBUG 24748 --- [ProyectoTiendaRopa] [           main] o.h.b.m.internal.AbstractPropertyHolder  : Attempting to locate auto-apply AttributeConverter for property [com.ipn.mx.modelo.entidades.Categoria:idCategoria]
2024-06-29T15:50:31.626-06:00 DEBUG 24748 --- [ProyectoTiendaRopa] [           main] o.h.b.model.internal.BasicValueBinder    : building BasicValue for idCategoria
2024-06-29T15:50:31.629-06:00 DEBUG 24748 --- [ProyectoTiendaRopa] [           main] org.hibernate.mapping.BasicValue         : Skipping column re-registration: categoria.idcategoria
2024-06-29T15:50:31.629-06:00 DEBUG 24748 --- [ProyectoTiendaRopa] [           main] o.h.boot.model.internal.PropertyBinder   : Building property idCategoria
2024-06-29T15:50:31.631-06:00 DEBUG 24748 --- [ProyectoTiendaRopa] [           main] o.h.boot.model.internal.BinderHelper     : #makeIdGenerator(BasicValue([Column(idcategoria)]), idCategoria, identity, , ...)
2024-06-29T15:50:31.633-06:00 DEBUG 24748 --- [ProyectoTiendaRopa] [           main] o.h.boot.model.internal.AnnotatedColumn  : Binding column: AnnotatedColumn(column='nombre')
2024-06-29T15:50:31.633-06:00 DEBUG 24748 --- [ProyectoTiendaRopa] [           main] o.h.boot.model.internal.PropertyBinder   : MetadataSourceProcessor property nombre with lazy=false
2024-06-29T15:50:31.633-06:00 DEBUG 24748 --- [ProyectoTiendaRopa] [           main] o.h.b.m.internal.AbstractPropertyHolder  : Attempting to locate auto-apply AttributeConverter for property [com.ipn.mx.modelo.entidades.Categoria:nombre]
2024-06-29T15:50:31.633-06:00 DEBUG 24748 --- [ProyectoTiendaRopa] [           main] o.h.b.model.internal.BasicValueBinder    : building BasicValue for nombre
2024-06-29T15:50:31.633-06:00 DEBUG 24748 --- [ProyectoTiendaRopa] [           main] org.hibernate.mapping.BasicValue         : Skipping column re-registration: categoria.nombre
2024-06-29T15:50:31.633-06:00 DEBUG 24748 --- [ProyectoTiendaRopa] [           main] o.h.boot.model.internal.PropertyBinder   : Building property nombre
2024-06-29T15:50:31.633-06:00 DEBUG 24748 --- [ProyectoTiendaRopa] [           main] o.h.boot.model.internal.AnnotatedColumn  : Binding column: AnnotatedColumn(column='tipo')
2024-06-29T15:50:31.634-06:00 DEBUG 24748 --- [ProyectoTiendaRopa] [           main] o.h.boot.model.internal.PropertyBinder   : MetadataSourceProcessor property tipo with lazy=false
2024-06-29T15:50:31.634-06:00 DEBUG 24748 --- [ProyectoTiendaRopa] [           main] o.h.b.m.internal.AbstractPropertyHolder  : Attempting to locate auto-apply AttributeConverter for property [com.ipn.mx.modelo.entidades.Categoria:tipo]
2024-06-29T15:50:31.634-06:00 DEBUG 24748 --- [ProyectoTiendaRopa] [           main] o.h.b.model.internal.BasicValueBinder    : building BasicValue for tipo
2024-06-29T15:50:31.634-06:00 DEBUG 24748 --- [ProyectoTiendaRopa] [           main] org.hibernate.mapping.BasicValue         : Skipping column re-registration: categoria.tipo
2024-06-29T15:50:31.634-06:00 DEBUG 24748 --- [ProyectoTiendaRopa] [           main] o.h.boot.model.internal.PropertyBinder   : Building property tipo
2024-06-29T15:50:31.635-06:00 DEBUG 24748 --- [ProyectoTiendaRopa] [           main] o.h.b.r.c.i.ClassLoaderServiceImpl       : HHH000194: Package not found or wo package-info.java: com.ipn.mx.modelo.entidades
2024-06-29T15:50:31.642-06:00 DEBUG 24748 --- [ProyectoTiendaRopa] [           main] o.h.boot.model.internal.EntityBinder     : Binding entity from annotated class: com.ipn.mx.modelo.entidades.Cliente
2024-06-29T15:50:31.643-06:00 DEBUG 24748 --- [ProyectoTiendaRopa] [           main] o.h.boot.model.internal.EntityBinder     : Import with entity name Cliente
2024-06-29T15:50:31.643-06:00 DEBUG 24748 --- [ProyectoTiendaRopa] [           main] o.h.boot.model.internal.EntityBinder     : Bind entity com.ipn.mx.modelo.entidades.Cliente on table cliente
2024-06-29T15:50:31.643-06:00 DEBUG 24748 --- [ProyectoTiendaRopa] [           main] o.h.boot.model.internal.AnnotatedColumn  : Binding column: AnnotatedDiscriminatorColumn(column='DTYPE')
2024-06-29T15:50:31.647-06:00 DEBUG 24748 --- [ProyectoTiendaRopa] [           main] o.h.boot.model.internal.AnnotatedColumn  : Binding column: AnnotatedColumn()
2024-06-29T15:50:31.647-06:00 DEBUG 24748 --- [ProyectoTiendaRopa] [           main] o.h.boot.internal.ClassLoaderAccessImpl  : Not known whether passed class name [com.ipn.mx.modelo.entidades.Cliente] is safe
2024-06-29T15:50:31.647-06:00 DEBUG 24748 --- [ProyectoTiendaRopa] [           main] o.h.boot.internal.ClassLoaderAccessImpl  : No temp ClassLoader provided; using live ClassLoader for loading potentially unsafe class : com.ipn.mx.modelo.entidades.Cliente
2024-06-29T15:50:31.647-06:00 DEBUG 24748 --- [ProyectoTiendaRopa] [           main] o.h.boot.model.internal.PropertyBinder   : MetadataSourceProcessor property idcliente with lazy=false
2024-06-29T15:50:31.647-06:00 DEBUG 24748 --- [ProyectoTiendaRopa] [           main] o.h.b.m.internal.AbstractPropertyHolder  : Attempting to locate auto-apply AttributeConverter for property [com.ipn.mx.modelo.entidades.Cliente:idcliente]
2024-06-29T15:50:31.647-06:00 DEBUG 24748 --- [ProyectoTiendaRopa] [           main] o.h.b.model.internal.BasicValueBinder    : building BasicValue for idcliente
2024-06-29T15:50:31.647-06:00 DEBUG 24748 --- [ProyectoTiendaRopa] [           main] org.hibernate.mapping.BasicValue         : Skipping column re-registration: cliente.idcliente
2024-06-29T15:50:31.648-06:00 DEBUG 24748 --- [ProyectoTiendaRopa] [           main] o.h.boot.model.internal.PropertyBinder   : Building property idcliente
2024-06-29T15:50:31.648-06:00 DEBUG 24748 --- [ProyectoTiendaRopa] [           main] o.h.boot.model.internal.BinderHelper     : #makeIdGenerator(BasicValue([Column(idcliente)]), idcliente, identity, , ...)
2024-06-29T15:50:31.650-06:00 DEBUG 24748 --- [ProyectoTiendaRopa] [           main] o.h.boot.model.internal.AnnotatedColumn  : Binding column: AnnotatedColumn(column='correo')
2024-06-29T15:50:31.650-06:00 DEBUG 24748 --- [ProyectoTiendaRopa] [           main] o.h.boot.model.internal.PropertyBinder   : MetadataSourceProcessor property correo with lazy=false
2024-06-29T15:50:31.650-06:00 DEBUG 24748 --- [ProyectoTiendaRopa] [           main] o.h.b.m.internal.AbstractPropertyHolder  : Attempting to locate auto-apply AttributeConverter for property [com.ipn.mx.modelo.entidades.Cliente:correo]
2024-06-29T15:50:31.650-06:00 DEBUG 24748 --- [ProyectoTiendaRopa] [           main] o.h.b.model.internal.BasicValueBinder    : building BasicValue for correo
2024-06-29T15:50:31.650-06:00 DEBUG 24748 --- [ProyectoTiendaRopa] [           main] org.hibernate.mapping.BasicValue         : Skipping column re-registration: cliente.correo
2024-06-29T15:50:31.650-06:00 DEBUG 24748 --- [ProyectoTiendaRopa] [           main] o.h.boot.model.internal.PropertyBinder   : Building property correo
2024-06-29T15:50:31.650-06:00 DEBUG 24748 --- [ProyectoTiendaRopa] [           main] o.h.boot.model.internal.AnnotatedColumn  : Binding column: AnnotatedColumn(column='direccion')
2024-06-29T15:50:31.650-06:00 DEBUG 24748 --- [ProyectoTiendaRopa] [           main] o.h.boot.model.internal.PropertyBinder   : MetadataSourceProcessor property direccion with lazy=false
2024-06-29T15:50:31.650-06:00 DEBUG 24748 --- [ProyectoTiendaRopa] [           main] o.h.b.m.internal.AbstractPropertyHolder  : Attempting to locate auto-apply AttributeConverter for property [com.ipn.mx.modelo.entidades.Cliente:direccion]
2024-06-29T15:50:31.650-06:00 DEBUG 24748 --- [ProyectoTiendaRopa] [           main] o.h.b.model.internal.BasicValueBinder    : building BasicValue for direccion
2024-06-29T15:50:31.650-06:00 DEBUG 24748 --- [ProyectoTiendaRopa] [           main] org.hibernate.mapping.BasicValue         : Skipping column re-registration: cliente.direccion
2024-06-29T15:50:31.651-06:00 DEBUG 24748 --- [ProyectoTiendaRopa] [           main] o.h.boot.model.internal.PropertyBinder   : Building property direccion
2024-06-29T15:50:31.651-06:00 DEBUG 24748 --- [ProyectoTiendaRopa] [           main] o.h.boot.model.internal.AnnotatedColumn  : Binding column: AnnotatedColumn(column='nombre')
2024-06-29T15:50:31.651-06:00 DEBUG 24748 --- [ProyectoTiendaRopa] [           main] o.h.boot.model.internal.PropertyBinder   : MetadataSourceProcessor property nombre with lazy=false
2024-06-29T15:50:31.651-06:00 DEBUG 24748 --- [ProyectoTiendaRopa] [           main] o.h.b.m.internal.AbstractPropertyHolder  : Attempting to locate auto-apply AttributeConverter for property [com.ipn.mx.modelo.entidades.Cliente:nombre]
2024-06-29T15:50:31.651-06:00 DEBUG 24748 --- [ProyectoTiendaRopa] [           main] o.h.b.model.internal.BasicValueBinder    : building BasicValue for nombre
2024-06-29T15:50:31.651-06:00 DEBUG 24748 --- [ProyectoTiendaRopa] [           main] org.hibernate.mapping.BasicValue         : Skipping column re-registration: cliente.nombre
2024-06-29T15:50:31.651-06:00 DEBUG 24748 --- [ProyectoTiendaRopa] [           main] o.h.boot.model.internal.PropertyBinder   : Building property nombre
2024-06-29T15:50:31.651-06:00 DEBUG 24748 --- [ProyectoTiendaRopa] [           main] o.h.boot.model.internal.AnnotatedColumn  : Binding column: AnnotatedColumn(column='telefono')
2024-06-29T15:50:31.651-06:00 DEBUG 24748 --- [ProyectoTiendaRopa] [           main] o.h.boot.model.internal.PropertyBinder   : MetadataSourceProcessor property telefono with lazy=false
2024-06-29T15:50:31.651-06:00 DEBUG 24748 --- [ProyectoTiendaRopa] [           main] o.h.b.m.internal.AbstractPropertyHolder  : Attempting to locate auto-apply AttributeConverter for property [com.ipn.mx.modelo.entidades.Cliente:telefono]
2024-06-29T15:50:31.651-06:00 DEBUG 24748 --- [ProyectoTiendaRopa] [           main] o.h.b.model.internal.BasicValueBinder    : building BasicValue for telefono
2024-06-29T15:50:31.651-06:00 DEBUG 24748 --- [ProyectoTiendaRopa] [           main] org.hibernate.mapping.BasicValue         : Skipping column re-registration: cliente.telefono
2024-06-29T15:50:31.651-06:00 DEBUG 24748 --- [ProyectoTiendaRopa] [           main] o.h.boot.model.internal.PropertyBinder   : Building property telefono
2024-06-29T15:50:31.652-06:00 DEBUG 24748 --- [ProyectoTiendaRopa] [           main] o.h.b.r.c.i.ClassLoaderServiceImpl       : HHH000194: Package not found or wo package-info.java: com.ipn.mx.modelo.entidades
2024-06-29T15:50:31.652-06:00 DEBUG 24748 --- [ProyectoTiendaRopa] [           main] o.h.boot.model.internal.EntityBinder     : Binding entity from annotated class: com.ipn.mx.modelo.entidades.Envio
2024-06-29T15:50:31.653-06:00 DEBUG 24748 --- [ProyectoTiendaRopa] [           main] o.h.boot.model.internal.EntityBinder     : Import with entity name Envio
2024-06-29T15:50:31.653-06:00 DEBUG 24748 --- [ProyectoTiendaRopa] [           main] o.h.boot.model.internal.EntityBinder     : Bind entity com.ipn.mx.modelo.entidades.Envio on table Envio
2024-06-29T15:50:31.653-06:00 DEBUG 24748 --- [ProyectoTiendaRopa] [           main] o.h.boot.model.internal.AnnotatedColumn  : Binding column: AnnotatedDiscriminatorColumn(column='DTYPE')
2024-06-29T15:50:31.658-06:00 DEBUG 24748 --- [ProyectoTiendaRopa] [           main] o.h.boot.model.internal.AnnotatedColumn  : Binding column: AnnotatedColumn(column='idEnvio')
2024-06-29T15:50:31.658-06:00 DEBUG 24748 --- [ProyectoTiendaRopa] [           main] o.h.boot.internal.ClassLoaderAccessImpl  : Not known whether passed class name [com.ipn.mx.modelo.entidades.Envio] is safe
2024-06-29T15:50:31.658-06:00 DEBUG 24748 --- [ProyectoTiendaRopa] [           main] o.h.boot.internal.ClassLoaderAccessImpl  : No temp ClassLoader provided; using live ClassLoader for loading potentially unsafe class : com.ipn.mx.modelo.entidades.Envio
2024-06-29T15:50:31.658-06:00 DEBUG 24748 --- [ProyectoTiendaRopa] [           main] o.h.boot.model.internal.PropertyBinder   : MetadataSourceProcessor property idEnvio with lazy=false
2024-06-29T15:50:31.658-06:00 DEBUG 24748 --- [ProyectoTiendaRopa] [           main] o.h.b.m.internal.AbstractPropertyHolder  : Attempting to locate auto-apply AttributeConverter for property [com.ipn.mx.modelo.entidades.Envio:idEnvio]
2024-06-29T15:50:31.658-06:00 DEBUG 24748 --- [ProyectoTiendaRopa] [           main] o.h.b.model.internal.BasicValueBinder    : building BasicValue for idEnvio
2024-06-29T15:50:31.658-06:00 DEBUG 24748 --- [ProyectoTiendaRopa] [           main] org.hibernate.mapping.BasicValue         : Skipping column re-registration: Envio.idEnvio
2024-06-29T15:50:31.658-06:00 DEBUG 24748 --- [ProyectoTiendaRopa] [           main] o.h.boot.model.internal.PropertyBinder   : Building property idEnvio
2024-06-29T15:50:31.658-06:00 DEBUG 24748 --- [ProyectoTiendaRopa] [           main] o.h.boot.model.internal.BinderHelper     : #makeIdGenerator(BasicValue([Column(idEnvio)]), idEnvio, identity, , ...)
2024-06-29T15:50:31.658-06:00 DEBUG 24748 --- [ProyectoTiendaRopa] [           main] o.h.boot.model.internal.AnnotatedColumn  : Binding column: AnnotatedColumn(column='correo')
2024-06-29T15:50:31.659-06:00 DEBUG 24748 --- [ProyectoTiendaRopa] [           main] o.h.boot.model.internal.PropertyBinder   : MetadataSourceProcessor property correo with lazy=false
2024-06-29T15:50:31.659-06:00 DEBUG 24748 --- [ProyectoTiendaRopa] [           main] o.h.b.m.internal.AbstractPropertyHolder  : Attempting to locate auto-apply AttributeConverter for property [com.ipn.mx.modelo.entidades.Envio:correo]
2024-06-29T15:50:31.659-06:00 DEBUG 24748 --- [ProyectoTiendaRopa] [           main] o.h.b.model.internal.BasicValueBinder    : building BasicValue for correo
2024-06-29T15:50:31.659-06:00 DEBUG 24748 --- [ProyectoTiendaRopa] [           main] org.hibernate.mapping.BasicValue         : Skipping column re-registration: Envio.correo
2024-06-29T15:50:31.659-06:00 DEBUG 24748 --- [ProyectoTiendaRopa] [           main] o.h.boot.model.internal.PropertyBinder   : Building property correo
2024-06-29T15:50:31.659-06:00 DEBUG 24748 --- [ProyectoTiendaRopa] [           main] o.h.boot.model.internal.AnnotatedColumn  : Binding column: AnnotatedColumn(column='costo')
2024-06-29T15:50:31.659-06:00 DEBUG 24748 --- [ProyectoTiendaRopa] [           main] o.h.boot.model.internal.PropertyBinder   : MetadataSourceProcessor property costo with lazy=false
2024-06-29T15:50:31.659-06:00 DEBUG 24748 --- [ProyectoTiendaRopa] [           main] o.h.b.m.internal.AbstractPropertyHolder  : Attempting to locate auto-apply AttributeConverter for property [com.ipn.mx.modelo.entidades.Envio:costo]
2024-06-29T15:50:31.659-06:00 DEBUG 24748 --- [ProyectoTiendaRopa] [           main] o.h.b.model.internal.BasicValueBinder    : building BasicValue for costo
2024-06-29T15:50:31.659-06:00 DEBUG 24748 --- [ProyectoTiendaRopa] [           main] org.hibernate.mapping.BasicValue         : Skipping column re-registration: Envio.costo
2024-06-29T15:50:31.659-06:00 DEBUG 24748 --- [ProyectoTiendaRopa] [           main] o.h.boot.model.internal.PropertyBinder   : Building property costo
2024-06-29T15:50:31.659-06:00 DEBUG 24748 --- [ProyectoTiendaRopa] [           main] o.h.boot.model.internal.AnnotatedColumn  : Binding column: AnnotatedColumn(column='empresaProcediente')
2024-06-29T15:50:31.659-06:00 DEBUG 24748 --- [ProyectoTiendaRopa] [           main] o.h.boot.model.internal.PropertyBinder   : MetadataSourceProcessor property empresaProcediente with lazy=false
2024-06-29T15:50:31.659-06:00 DEBUG 24748 --- [ProyectoTiendaRopa] [           main] o.h.b.m.internal.AbstractPropertyHolder  : Attempting to locate auto-apply AttributeConverter for property [com.ipn.mx.modelo.entidades.Envio:empresaProcediente]
2024-06-29T15:50:31.660-06:00 DEBUG 24748 --- [ProyectoTiendaRopa] [           main] o.h.b.model.internal.BasicValueBinder    : building BasicValue for empresaProcediente
2024-06-29T15:50:31.660-06:00 DEBUG 24748 --- [ProyectoTiendaRopa] [           main] org.hibernate.mapping.BasicValue         : Skipping column re-registration: Envio.empresaProcediente
2024-06-29T15:50:31.660-06:00 DEBUG 24748 --- [ProyectoTiendaRopa] [           main] o.h.boot.model.internal.PropertyBinder   : Building property empresaProcediente
2024-06-29T15:50:31.661-06:00 DEBUG 24748 --- [ProyectoTiendaRopa] [           main] o.h.boot.model.internal.AnnotatedColumn  : Binding column: AnnotatedColumn(column='nombreRepartidor')
2024-06-29T15:50:31.661-06:00 DEBUG 24748 --- [ProyectoTiendaRopa] [           main] o.h.boot.model.internal.PropertyBinder   : MetadataSourceProcessor property nombreRepartidor with lazy=false
2024-06-29T15:50:31.661-06:00 DEBUG 24748 --- [ProyectoTiendaRopa] [           main] o.h.b.m.internal.AbstractPropertyHolder  : Attempting to locate auto-apply AttributeConverter for property [com.ipn.mx.modelo.entidades.Envio:nombreRepartidor]
2024-06-29T15:50:31.661-06:00 DEBUG 24748 --- [ProyectoTiendaRopa] [           main] o.h.b.model.internal.BasicValueBinder    : building BasicValue for nombreRepartidor
2024-06-29T15:50:31.661-06:00 DEBUG 24748 --- [ProyectoTiendaRopa] [           main] org.hibernate.mapping.BasicValue         : Skipping column re-registration: Envio.nombreRepartidor
2024-06-29T15:50:31.661-06:00 DEBUG 24748 --- [ProyectoTiendaRopa] [           main] o.h.boot.model.internal.PropertyBinder   : Building property nombreRepartidor
2024-06-29T15:50:31.663-06:00 DEBUG 24748 --- [ProyectoTiendaRopa] [           main] o.h.boot.model.internal.AnnotatedColumn  : Binding column: AnnotatedJoinColumn(column='idPedido')
2024-06-29T15:50:31.664-06:00 DEBUG 24748 --- [ProyectoTiendaRopa] [           main] o.h.boot.model.internal.AnnotatedColumn  : Binding column: AnnotatedColumn()
2024-06-29T15:50:31.667-06:00 DEBUG 24748 --- [ProyectoTiendaRopa] [           main] o.h.boot.model.internal.PropertyBinder   : Building property pedido
2024-06-29T15:50:31.668-06:00 DEBUG 24748 --- [ProyectoTiendaRopa] [           main] o.h.b.r.c.i.ClassLoaderServiceImpl       : HHH000194: Package not found or wo package-info.java: com.ipn.mx.modelo.entidades
2024-06-29T15:50:31.668-06:00 DEBUG 24748 --- [ProyectoTiendaRopa] [           main] o.h.boot.model.internal.EntityBinder     : Binding entity from annotated class: com.ipn.mx.modelo.entidades.Historial
2024-06-29T15:50:31.669-06:00 DEBUG 24748 --- [ProyectoTiendaRopa] [           main] o.h.boot.model.internal.EntityBinder     : Import with entity name Historial
2024-06-29T15:50:31.669-06:00 DEBUG 24748 --- [ProyectoTiendaRopa] [           main] o.h.boot.model.internal.EntityBinder     : Bind entity com.ipn.mx.modelo.entidades.Historial on table historial
2024-06-29T15:50:31.669-06:00 DEBUG 24748 --- [ProyectoTiendaRopa] [           main] o.h.boot.model.internal.AnnotatedColumn  : Binding column: AnnotatedDiscriminatorColumn(column='DTYPE')
2024-06-29T15:50:31.672-06:00 DEBUG 24748 --- [ProyectoTiendaRopa] [           main] o.h.boot.model.internal.AnnotatedColumn  : Binding column: AnnotatedColumn(column='idhistorial')
2024-06-29T15:50:31.672-06:00 DEBUG 24748 --- [ProyectoTiendaRopa] [           main] o.h.boot.internal.ClassLoaderAccessImpl  : Not known whether passed class name [com.ipn.mx.modelo.entidades.Historial] is safe
2024-06-29T15:50:31.672-06:00 DEBUG 24748 --- [ProyectoTiendaRopa] [           main] o.h.boot.internal.ClassLoaderAccessImpl  : No temp ClassLoader provided; using live ClassLoader for loading potentially unsafe class : com.ipn.mx.modelo.entidades.Historial
2024-06-29T15:50:31.672-06:00 DEBUG 24748 --- [ProyectoTiendaRopa] [           main] o.h.boot.model.internal.PropertyBinder   : MetadataSourceProcessor property idhistorial with lazy=false
2024-06-29T15:50:31.672-06:00 DEBUG 24748 --- [ProyectoTiendaRopa] [           main] o.h.b.m.internal.AbstractPropertyHolder  : Attempting to locate auto-apply AttributeConverter for property [com.ipn.mx.modelo.entidades.Historial:idhistorial]
2024-06-29T15:50:31.672-06:00 DEBUG 24748 --- [ProyectoTiendaRopa] [           main] o.h.b.model.internal.BasicValueBinder    : building BasicValue for idhistorial
2024-06-29T15:50:31.673-06:00 DEBUG 24748 --- [ProyectoTiendaRopa] [           main] org.hibernate.mapping.BasicValue         : Skipping column re-registration: historial.idhistorial
2024-06-29T15:50:31.673-06:00 DEBUG 24748 --- [ProyectoTiendaRopa] [           main] o.h.boot.model.internal.PropertyBinder   : Building property idhistorial
2024-06-29T15:50:31.673-06:00 DEBUG 24748 --- [ProyectoTiendaRopa] [           main] o.h.boot.model.internal.BinderHelper     : #makeIdGenerator(BasicValue([Column(idhistorial)]), idhistorial, identity, , ...)
2024-06-29T15:50:31.673-06:00 DEBUG 24748 --- [ProyectoTiendaRopa] [           main] o.h.boot.model.internal.AnnotatedColumn  : Binding column: AnnotatedColumn(column='fecha')
2024-06-29T15:50:31.673-06:00 DEBUG 24748 --- [ProyectoTiendaRopa] [           main] o.h.boot.model.internal.PropertyBinder   : MetadataSourceProcessor property fecha with lazy=false
2024-06-29T15:50:31.673-06:00 DEBUG 24748 --- [ProyectoTiendaRopa] [           main] o.h.b.m.internal.AbstractPropertyHolder  : Attempting to locate auto-apply AttributeConverter for property [com.ipn.mx.modelo.entidades.Historial:fecha]
2024-06-29T15:50:31.673-06:00 DEBUG 24748 --- [ProyectoTiendaRopa] [           main] o.h.b.model.internal.BasicValueBinder    : building BasicValue for fecha
2024-06-29T15:50:31.673-06:00 DEBUG 24748 --- [ProyectoTiendaRopa] [           main] org.hibernate.mapping.BasicValue         : Skipping column re-registration: historial.fecha
2024-06-29T15:50:31.673-06:00 DEBUG 24748 --- [ProyectoTiendaRopa] [           main] o.h.boot.model.internal.PropertyBinder   : Building property fecha
2024-06-29T15:50:31.674-06:00 DEBUG 24748 --- [ProyectoTiendaRopa] [           main] o.h.boot.model.internal.AnnotatedColumn  : Binding column: AnnotatedColumn(column='foliocompra')
2024-06-29T15:50:31.674-06:00 DEBUG 24748 --- [ProyectoTiendaRopa] [           main] o.h.boot.model.internal.PropertyBinder   : MetadataSourceProcessor property folioCompra with lazy=false
2024-06-29T15:50:31.674-06:00 DEBUG 24748 --- [ProyectoTiendaRopa] [           main] o.h.b.m.internal.AbstractPropertyHolder  : Attempting to locate auto-apply AttributeConverter for property [com.ipn.mx.modelo.entidades.Historial:folioCompra]
2024-06-29T15:50:31.674-06:00 DEBUG 24748 --- [ProyectoTiendaRopa] [           main] o.h.b.model.internal.BasicValueBinder    : building BasicValue for folioCompra
2024-06-29T15:50:31.674-06:00 DEBUG 24748 --- [ProyectoTiendaRopa] [           main] org.hibernate.mapping.BasicValue         : Skipping column re-registration: historial.foliocompra
2024-06-29T15:50:31.674-06:00 DEBUG 24748 --- [ProyectoTiendaRopa] [           main] o.h.boot.model.internal.PropertyBinder   : Building property folioCompra
2024-06-29T15:50:31.674-06:00 DEBUG 24748 --- [ProyectoTiendaRopa] [           main] o.h.b.r.c.i.ClassLoaderServiceImpl       : HHH000194: Package not found or wo package-info.java: com.ipn.mx.modelo.entidades
2024-06-29T15:50:31.675-06:00 DEBUG 24748 --- [ProyectoTiendaRopa] [           main] o.h.boot.model.internal.EntityBinder     : Binding entity from annotated class: com.ipn.mx.modelo.entidades.Pago
2024-06-29T15:50:31.675-06:00 DEBUG 24748 --- [ProyectoTiendaRopa] [           main] o.h.boot.model.internal.EntityBinder     : Import with entity name Pago
2024-06-29T15:50:31.675-06:00 DEBUG 24748 --- [ProyectoTiendaRopa] [           main] o.h.boot.model.internal.EntityBinder     : Bind entity com.ipn.mx.modelo.entidades.Pago on table Pago
2024-06-29T15:50:31.675-06:00 DEBUG 24748 --- [ProyectoTiendaRopa] [           main] o.h.boot.model.internal.AnnotatedColumn  : Binding column: AnnotatedDiscriminatorColumn(column='DTYPE')
2024-06-29T15:50:31.683-06:00 DEBUG 24748 --- [ProyectoTiendaRopa] [           main] o.h.boot.model.internal.AnnotatedColumn  : Binding column: AnnotatedColumn(column='idDocumento')
2024-06-29T15:50:31.683-06:00 DEBUG 24748 --- [ProyectoTiendaRopa] [           main] o.h.boot.internal.ClassLoaderAccessImpl  : Not known whether passed class name [com.ipn.mx.modelo.entidades.Pago] is safe
2024-06-29T15:50:31.684-06:00 DEBUG 24748 --- [ProyectoTiendaRopa] [           main] o.h.boot.internal.ClassLoaderAccessImpl  : No temp ClassLoader provided; using live ClassLoader for loading potentially unsafe class : com.ipn.mx.modelo.entidades.Pago
2024-06-29T15:50:31.684-06:00 DEBUG 24748 --- [ProyectoTiendaRopa] [           main] o.h.boot.model.internal.PropertyBinder   : MetadataSourceProcessor property idPago with lazy=false
2024-06-29T15:50:31.684-06:00 DEBUG 24748 --- [ProyectoTiendaRopa] [           main] o.h.b.m.internal.AbstractPropertyHolder  : Attempting to locate auto-apply AttributeConverter for property [com.ipn.mx.modelo.entidades.Pago:idPago]
2024-06-29T15:50:31.684-06:00 DEBUG 24748 --- [ProyectoTiendaRopa] [           main] o.h.b.model.internal.BasicValueBinder    : building BasicValue for idPago
2024-06-29T15:50:31.684-06:00 DEBUG 24748 --- [ProyectoTiendaRopa] [           main] org.hibernate.mapping.BasicValue         : Skipping column re-registration: Pago.idDocumento
2024-06-29T15:50:31.684-06:00 DEBUG 24748 --- [ProyectoTiendaRopa] [           main] o.h.boot.model.internal.PropertyBinder   : Building property idPago
2024-06-29T15:50:31.684-06:00 DEBUG 24748 --- [ProyectoTiendaRopa] [           main] o.h.boot.model.internal.BinderHelper     : #makeIdGenerator(BasicValue([Column(idDocumento)]), idPago, identity, , ...)
2024-06-29T15:50:31.684-06:00 DEBUG 24748 --- [ProyectoTiendaRopa] [           main] o.h.boot.model.internal.AnnotatedColumn  : Binding column: AnnotatedJoinColumn(column='idPedido')
2024-06-29T15:50:31.684-06:00 DEBUG 24748 --- [ProyectoTiendaRopa] [           main] o.h.boot.model.internal.AnnotatedColumn  : Binding column: AnnotatedColumn()
2024-06-29T15:50:31.684-06:00 DEBUG 24748 --- [ProyectoTiendaRopa] [           main] o.h.boot.model.internal.PropertyBinder   : Building property pedido
2024-06-29T15:50:31.686-06:00 DEBUG 24748 --- [ProyectoTiendaRopa] [           main] o.h.boot.model.internal.AnnotatedColumn  : Binding column: AnnotatedColumn(column='totalPago')
2024-06-29T15:50:31.686-06:00 DEBUG 24748 --- [ProyectoTiendaRopa] [           main] o.h.boot.model.internal.PropertyBinder   : MetadataSourceProcessor property totalPago with lazy=false
2024-06-29T15:50:31.686-06:00 DEBUG 24748 --- [ProyectoTiendaRopa] [           main] o.h.b.m.internal.AbstractPropertyHolder  : Attempting to locate auto-apply AttributeConverter for property [com.ipn.mx.modelo.entidades.Pago:totalPago]
2024-06-29T15:50:31.686-06:00 DEBUG 24748 --- [ProyectoTiendaRopa] [           main] o.h.b.model.internal.BasicValueBinder    : building BasicValue for totalPago
2024-06-29T15:50:31.686-06:00 DEBUG 24748 --- [ProyectoTiendaRopa] [           main] org.hibernate.mapping.BasicValue         : Skipping column re-registration: Pago.totalPago
2024-06-29T15:50:31.687-06:00 DEBUG 24748 --- [ProyectoTiendaRopa] [           main] o.h.boot.model.internal.PropertyBinder   : Building property totalPago
2024-06-29T15:50:31.687-06:00 DEBUG 24748 --- [ProyectoTiendaRopa] [           main] o.h.b.r.c.i.ClassLoaderServiceImpl       : HHH000194: Package not found or wo package-info.java: com.ipn.mx.modelo.entidades
2024-06-29T15:50:31.688-06:00 DEBUG 24748 --- [ProyectoTiendaRopa] [           main] o.h.boot.model.internal.EntityBinder     : Binding entity from annotated class: com.ipn.mx.modelo.entidades.Pedido
2024-06-29T15:50:31.688-06:00 DEBUG 24748 --- [ProyectoTiendaRopa] [           main] o.h.boot.model.internal.EntityBinder     : Import with entity name Pedido
2024-06-29T15:50:31.688-06:00 DEBUG 24748 --- [ProyectoTiendaRopa] [           main] o.h.boot.model.internal.EntityBinder     : Bind entity com.ipn.mx.modelo.entidades.Pedido on table pedido
2024-06-29T15:50:31.688-06:00 DEBUG 24748 --- [ProyectoTiendaRopa] [           main] o.h.boot.model.internal.AnnotatedColumn  : Binding column: AnnotatedDiscriminatorColumn(column='DTYPE')
2024-06-29T15:50:31.702-06:00 DEBUG 24748 --- [ProyectoTiendaRopa] [           main] o.h.boot.model.internal.AnnotatedColumn  : Binding column: AnnotatedColumn(column='idpedido')
2024-06-29T15:50:31.702-06:00 DEBUG 24748 --- [ProyectoTiendaRopa] [           main] o.h.boot.internal.ClassLoaderAccessImpl  : Not known whether passed class name [com.ipn.mx.modelo.entidades.Pedido] is safe
2024-06-29T15:50:31.702-06:00 DEBUG 24748 --- [ProyectoTiendaRopa] [           main] o.h.boot.internal.ClassLoaderAccessImpl  : No temp ClassLoader provided; using live ClassLoader for loading potentially unsafe class : com.ipn.mx.modelo.entidades.Pedido
2024-06-29T15:50:31.702-06:00 DEBUG 24748 --- [ProyectoTiendaRopa] [           main] o.h.boot.model.internal.PropertyBinder   : MetadataSourceProcessor property idpedido with lazy=false
2024-06-29T15:50:31.702-06:00 DEBUG 24748 --- [ProyectoTiendaRopa] [           main] o.h.b.m.internal.AbstractPropertyHolder  : Attempting to locate auto-apply AttributeConverter for property [com.ipn.mx.modelo.entidades.Pedido:idpedido]
2024-06-29T15:50:31.702-06:00 DEBUG 24748 --- [ProyectoTiendaRopa] [           main] o.h.b.model.internal.BasicValueBinder    : building BasicValue for idpedido
2024-06-29T15:50:31.703-06:00 DEBUG 24748 --- [ProyectoTiendaRopa] [           main] org.hibernate.mapping.BasicValue         : Skipping column re-registration: pedido.idpedido
2024-06-29T15:50:31.703-06:00 DEBUG 24748 --- [ProyectoTiendaRopa] [           main] o.h.boot.model.internal.PropertyBinder   : Building property idpedido
2024-06-29T15:50:31.703-06:00 DEBUG 24748 --- [ProyectoTiendaRopa] [           main] o.h.boot.model.internal.BinderHelper     : #makeIdGenerator(BasicValue([Column(idpedido)]), idpedido, identity, , ...)
2024-06-29T15:50:31.703-06:00 DEBUG 24748 --- [ProyectoTiendaRopa] [           main] o.h.boot.model.internal.AnnotatedColumn  : Binding column: AnnotatedColumn(column='cantidad')
2024-06-29T15:50:31.703-06:00 DEBUG 24748 --- [ProyectoTiendaRopa] [           main] o.h.boot.model.internal.PropertyBinder   : MetadataSourceProcessor property cantidad with lazy=false
2024-06-29T15:50:31.703-06:00 DEBUG 24748 --- [ProyectoTiendaRopa] [           main] o.h.b.m.internal.AbstractPropertyHolder  : Attempting to locate auto-apply AttributeConverter for property [com.ipn.mx.modelo.entidades.Pedido:cantidad]
2024-06-29T15:50:31.703-06:00 DEBUG 24748 --- [ProyectoTiendaRopa] [           main] o.h.b.model.internal.BasicValueBinder    : building BasicValue for cantidad
2024-06-29T15:50:31.703-06:00 DEBUG 24748 --- [ProyectoTiendaRopa] [           main] org.hibernate.mapping.BasicValue         : Skipping column re-registration: pedido.cantidad
2024-06-29T15:50:31.703-06:00 DEBUG 24748 --- [ProyectoTiendaRopa] [           main] o.h.boot.model.internal.PropertyBinder   : Building property cantidad
2024-06-29T15:50:31.703-06:00 DEBUG 24748 --- [ProyectoTiendaRopa] [           main] o.h.boot.model.internal.AnnotatedColumn  : Binding column: AnnotatedJoinColumn(column='idcliente',referencedColumn='idcliente')
2024-06-29T15:50:31.704-06:00 DEBUG 24748 --- [ProyectoTiendaRopa] [           main] o.h.boot.model.internal.AnnotatedColumn  : Binding column: AnnotatedColumn()
2024-06-29T15:50:31.704-06:00 DEBUG 24748 --- [ProyectoTiendaRopa] [           main] o.h.boot.model.internal.PropertyBinder   : Building property cliente
2024-06-29T15:50:31.705-06:00 DEBUG 24748 --- [ProyectoTiendaRopa] [           main] o.h.boot.model.internal.AnnotatedColumn  : Binding column: AnnotatedColumn(column='estado')
2024-06-29T15:50:31.705-06:00 DEBUG 24748 --- [ProyectoTiendaRopa] [           main] o.h.boot.model.internal.PropertyBinder   : MetadataSourceProcessor property estado with lazy=false
2024-06-29T15:50:31.705-06:00 DEBUG 24748 --- [ProyectoTiendaRopa] [           main] o.h.b.m.internal.AbstractPropertyHolder  : Attempting to locate auto-apply AttributeConverter for property [com.ipn.mx.modelo.entidades.Pedido:estado]
2024-06-29T15:50:31.705-06:00 DEBUG 24748 --- [ProyectoTiendaRopa] [           main] o.h.b.model.internal.BasicValueBinder    : building BasicValue for estado
2024-06-29T15:50:31.705-06:00 DEBUG 24748 --- [ProyectoTiendaRopa] [           main] org.hibernate.mapping.BasicValue         : Skipping column re-registration: pedido.estado
2024-06-29T15:50:31.705-06:00 DEBUG 24748 --- [ProyectoTiendaRopa] [           main] o.h.boot.model.internal.PropertyBinder   : Building property estado
2024-06-29T15:50:31.707-06:00 DEBUG 24748 --- [ProyectoTiendaRopa] [           main] o.h.boot.model.internal.AnnotatedColumn  : Binding column: AnnotatedColumn(column='fechaentrega')
2024-06-29T15:50:31.707-06:00 DEBUG 24748 --- [ProyectoTiendaRopa] [           main] o.h.boot.model.internal.PropertyBinder   : MetadataSourceProcessor property fechaentrega with lazy=false
2024-06-29T15:50:31.707-06:00 DEBUG 24748 --- [ProyectoTiendaRopa] [           main] o.h.b.m.internal.AbstractPropertyHolder  : Attempting to locate auto-apply AttributeConverter for property [com.ipn.mx.modelo.entidades.Pedido:fechaentrega]
2024-06-29T15:50:31.707-06:00 DEBUG 24748 --- [ProyectoTiendaRopa] [           main] o.h.b.model.internal.BasicValueBinder    : building BasicValue for fechaentrega
2024-06-29T15:50:31.707-06:00 DEBUG 24748 --- [ProyectoTiendaRopa] [           main] org.hibernate.mapping.BasicValue         : Skipping column re-registration: pedido.fechaentrega
2024-06-29T15:50:31.707-06:00 DEBUG 24748 --- [ProyectoTiendaRopa] [           main] o.h.boot.model.internal.PropertyBinder   : Building property fechaentrega
2024-06-29T15:50:31.707-06:00 DEBUG 24748 --- [ProyectoTiendaRopa] [           main] o.h.boot.model.internal.AnnotatedColumn  : Binding column: AnnotatedColumn(column='fechalimiteentrega')
2024-06-29T15:50:31.707-06:00 DEBUG 24748 --- [ProyectoTiendaRopa] [           main] o.h.boot.model.internal.PropertyBinder   : MetadataSourceProcessor property fechalimiteentrega with lazy=false
2024-06-29T15:50:31.708-06:00 DEBUG 24748 --- [ProyectoTiendaRopa] [           main] o.h.b.m.internal.AbstractPropertyHolder  : Attempting to locate auto-apply AttributeConverter for property [com.ipn.mx.modelo.entidades.Pedido:fechalimiteentrega]
2024-06-29T15:50:31.708-06:00 DEBUG 24748 --- [ProyectoTiendaRopa] [           main] o.h.b.model.internal.BasicValueBinder    : building BasicValue for fechalimiteentrega
2024-06-29T15:50:31.708-06:00 DEBUG 24748 --- [ProyectoTiendaRopa] [           main] org.hibernate.mapping.BasicValue         : Skipping column re-registration: pedido.fechalimiteentrega
2024-06-29T15:50:31.708-06:00 DEBUG 24748 --- [ProyectoTiendaRopa] [           main] o.h.boot.model.internal.PropertyBinder   : Building property fechalimiteentrega
2024-06-29T15:50:31.708-06:00 DEBUG 24748 --- [ProyectoTiendaRopa] [           main] o.h.boot.model.internal.AnnotatedColumn  : Binding column: AnnotatedColumn(column='fecharecibido')
2024-06-29T15:50:31.708-06:00 DEBUG 24748 --- [ProyectoTiendaRopa] [           main] o.h.boot.model.internal.PropertyBinder   : MetadataSourceProcessor property fecharecibido with lazy=false
2024-06-29T15:50:31.708-06:00 DEBUG 24748 --- [ProyectoTiendaRopa] [           main] o.h.b.m.internal.AbstractPropertyHolder  : Attempting to locate auto-apply AttributeConverter for property [com.ipn.mx.modelo.entidades.Pedido:fecharecibido]
2024-06-29T15:50:31.708-06:00 DEBUG 24748 --- [ProyectoTiendaRopa] [           main] o.h.b.model.internal.BasicValueBinder    : building BasicValue for fecharecibido
2024-06-29T15:50:31.708-06:00 DEBUG 24748 --- [ProyectoTiendaRopa] [           main] org.hibernate.mapping.BasicValue         : Skipping column re-registration: pedido.fecharecibido
2024-06-29T15:50:31.708-06:00 DEBUG 24748 --- [ProyectoTiendaRopa] [           main] o.h.boot.model.internal.PropertyBinder   : Building property fecharecibido
2024-06-29T15:50:31.709-06:00 DEBUG 24748 --- [ProyectoTiendaRopa] [           main] o.h.boot.model.internal.AnnotatedColumn  : Binding column: AnnotatedColumn(column='foliocompra')
2024-06-29T15:50:31.709-06:00 DEBUG 24748 --- [ProyectoTiendaRopa] [           main] o.h.boot.model.internal.PropertyBinder   : MetadataSourceProcessor property foliocompra with lazy=false
2024-06-29T15:50:31.709-06:00 DEBUG 24748 --- [ProyectoTiendaRopa] [           main] o.h.b.m.internal.AbstractPropertyHolder  : Attempting to locate auto-apply AttributeConverter for property [com.ipn.mx.modelo.entidades.Pedido:foliocompra]
2024-06-29T15:50:31.709-06:00 DEBUG 24748 --- [ProyectoTiendaRopa] [           main] o.h.b.model.internal.BasicValueBinder    : building BasicValue for foliocompra
2024-06-29T15:50:31.709-06:00 DEBUG 24748 --- [ProyectoTiendaRopa] [           main] org.hibernate.mapping.BasicValue         : Skipping column re-registration: pedido.foliocompra
2024-06-29T15:50:31.709-06:00 DEBUG 24748 --- [ProyectoTiendaRopa] [           main] o.h.boot.model.internal.PropertyBinder   : Building property foliocompra
2024-06-29T15:50:31.710-06:00 DEBUG 24748 --- [ProyectoTiendaRopa] [           main] o.h.boot.model.internal.AnnotatedColumn  : Binding column: AnnotatedJoinColumn(column='idhistorial',referencedColumn='idhistorial')
2024-06-29T15:50:31.710-06:00 DEBUG 24748 --- [ProyectoTiendaRopa] [           main] o.h.boot.model.internal.AnnotatedColumn  : Binding column: AnnotatedColumn()
2024-06-29T15:50:31.710-06:00 DEBUG 24748 --- [ProyectoTiendaRopa] [           main] o.h.boot.model.internal.PropertyBinder   : Building property historial
2024-06-29T15:50:31.710-06:00 DEBUG 24748 --- [ProyectoTiendaRopa] [           main] o.h.boot.model.internal.AnnotatedColumn  : Binding column: AnnotatedColumn(column='observacion')
2024-06-29T15:50:31.710-06:00 DEBUG 24748 --- [ProyectoTiendaRopa] [           main] o.h.boot.model.internal.PropertyBinder   : MetadataSourceProcessor property observacion with lazy=false
2024-06-29T15:50:31.711-06:00 DEBUG 24748 --- [ProyectoTiendaRopa] [           main] o.h.b.m.internal.AbstractPropertyHolder  : Attempting to locate auto-apply AttributeConverter for property [com.ipn.mx.modelo.entidades.Pedido:observacion]
2024-06-29T15:50:31.711-06:00 DEBUG 24748 --- [ProyectoTiendaRopa] [           main] o.h.b.model.internal.BasicValueBinder    : building BasicValue for observacion
2024-06-29T15:50:31.711-06:00 DEBUG 24748 --- [ProyectoTiendaRopa] [           main] org.hibernate.mapping.BasicValue         : Skipping column re-registration: pedido.observacion
2024-06-29T15:50:31.711-06:00 DEBUG 24748 --- [ProyectoTiendaRopa] [           main] o.h.boot.model.internal.PropertyBinder   : Building property observacion
2024-06-29T15:50:31.711-06:00 DEBUG 24748 --- [ProyectoTiendaRopa] [           main] o.h.boot.model.internal.AnnotatedColumn  : Binding column: AnnotatedColumn(column='preciounitario')
2024-06-29T15:50:31.711-06:00 DEBUG 24748 --- [ProyectoTiendaRopa] [           main] o.h.boot.model.internal.PropertyBinder   : MetadataSourceProcessor property preciounitario with lazy=false
2024-06-29T15:50:31.711-06:00 DEBUG 24748 --- [ProyectoTiendaRopa] [           main] o.h.b.m.internal.AbstractPropertyHolder  : Attempting to locate auto-apply AttributeConverter for property [com.ipn.mx.modelo.entidades.Pedido:preciounitario]
2024-06-29T15:50:31.711-06:00 DEBUG 24748 --- [ProyectoTiendaRopa] [           main] o.h.b.model.internal.BasicValueBinder    : building BasicValue for preciounitario
2024-06-29T15:50:31.711-06:00 DEBUG 24748 --- [ProyectoTiendaRopa] [           main] org.hibernate.mapping.BasicValue         : Skipping column re-registration: pedido.preciounitario
2024-06-29T15:50:31.711-06:00 DEBUG 24748 --- [ProyectoTiendaRopa] [           main] o.h.boot.model.internal.PropertyBinder   : Building property preciounitario
2024-06-29T15:50:31.729-06:00 DEBUG 24748 --- [ProyectoTiendaRopa] [           main] o.h.boot.model.internal.AnnotatedColumn  : Binding column: IndexColumn(column='productos_ORDER')
2024-06-29T15:50:31.731-06:00 DEBUG 24748 --- [ProyectoTiendaRopa] [           main] o.h.boot.model.internal.AnnotatedColumn  : Binding column: AnnotatedColumn()
2024-06-29T15:50:31.732-06:00 DEBUG 24748 --- [ProyectoTiendaRopa] [           main] o.h.boot.model.internal.AnnotatedColumn  : Binding column: AnnotatedColumn(column='productos_KEY')
2024-06-29T15:50:31.733-06:00 DEBUG 24748 --- [ProyectoTiendaRopa] [           main] o.h.boot.model.internal.AnnotatedColumn  : Binding column: AnnotatedJoinColumn(column='productos_KEY')
2024-06-29T15:50:31.734-06:00 DEBUG 24748 --- [ProyectoTiendaRopa] [           main] o.h.boot.model.internal.AnnotatedColumn  : Binding column: AnnotatedJoinColumn(column='idpedido',referencedColumn='idpedido')
2024-06-29T15:50:31.734-06:00 DEBUG 24748 --- [ProyectoTiendaRopa] [           main] o.h.boot.model.internal.AnnotatedColumn  : Binding column: AnnotatedJoinColumn(column='idproducto',referencedColumn='idproducto')
2024-06-29T15:50:31.738-06:00 DEBUG 24748 --- [ProyectoTiendaRopa] [           main] o.h.b.model.internal.CollectionBinder    : Collection role: com.ipn.mx.modelo.entidades.Pedido.productos
2024-06-29T15:50:31.740-06:00 DEBUG 24748 --- [ProyectoTiendaRopa] [           main] o.h.boot.model.internal.PropertyBinder   : Building property productos
2024-06-29T15:50:31.741-06:00 DEBUG 24748 --- [ProyectoTiendaRopa] [           main] o.h.boot.model.internal.AnnotatedColumn  : Binding column: AnnotatedJoinColumn(column='idpromocion',referencedColumn='idpromocion')
2024-06-29T15:50:31.741-06:00 DEBUG 24748 --- [ProyectoTiendaRopa] [           main] o.h.boot.model.internal.AnnotatedColumn  : Binding column: AnnotatedColumn()
2024-06-29T15:50:31.741-06:00 DEBUG 24748 --- [ProyectoTiendaRopa] [           main] o.h.boot.model.internal.PropertyBinder   : Building property promocion
2024-06-29T15:50:31.743-06:00 DEBUG 24748 --- [ProyectoTiendaRopa] [           main] o.h.b.r.c.i.ClassLoaderServiceImpl       : HHH000194: Package not found or wo package-info.java: com.ipn.mx.modelo.entidades
2024-06-29T15:50:31.743-06:00 DEBUG 24748 --- [ProyectoTiendaRopa] [           main] o.h.boot.model.internal.EntityBinder     : Binding entity from annotated class: com.ipn.mx.modelo.entidades.Producto
2024-06-29T15:50:31.744-06:00 DEBUG 24748 --- [ProyectoTiendaRopa] [           main] o.h.boot.model.internal.EntityBinder     : Import with entity name Producto
2024-06-29T15:50:31.744-06:00 DEBUG 24748 --- [ProyectoTiendaRopa] [           main] o.h.boot.model.internal.EntityBinder     : Bind entity com.ipn.mx.modelo.entidades.Producto on table producto
2024-06-29T15:50:31.744-06:00 DEBUG 24748 --- [ProyectoTiendaRopa] [           main] o.h.boot.model.internal.AnnotatedColumn  : Binding column: AnnotatedDiscriminatorColumn(column='DTYPE')
2024-06-29T15:50:31.750-06:00 DEBUG 24748 --- [ProyectoTiendaRopa] [           main] o.h.boot.model.internal.AnnotatedColumn  : Binding column: AnnotatedColumn(column='idproducto')
2024-06-29T15:50:31.750-06:00 DEBUG 24748 --- [ProyectoTiendaRopa] [           main] o.h.boot.internal.ClassLoaderAccessImpl  : Not known whether passed class name [com.ipn.mx.modelo.entidades.Producto] is safe
2024-06-29T15:50:31.750-06:00 DEBUG 24748 --- [ProyectoTiendaRopa] [           main] o.h.boot.internal.ClassLoaderAccessImpl  : No temp ClassLoader provided; using live ClassLoader for loading potentially unsafe class : com.ipn.mx.modelo.entidades.Producto
2024-06-29T15:50:31.750-06:00 DEBUG 24748 --- [ProyectoTiendaRopa] [           main] o.h.boot.model.internal.PropertyBinder   : MetadataSourceProcessor property idProducto with lazy=false
2024-06-29T15:50:31.750-06:00 DEBUG 24748 --- [ProyectoTiendaRopa] [           main] o.h.b.m.internal.AbstractPropertyHolder  : Attempting to locate auto-apply AttributeConverter for property [com.ipn.mx.modelo.entidades.Producto:idProducto]
2024-06-29T15:50:31.750-06:00 DEBUG 24748 --- [ProyectoTiendaRopa] [           main] o.h.b.model.internal.BasicValueBinder    : building BasicValue for idProducto
2024-06-29T15:50:31.750-06:00 DEBUG 24748 --- [ProyectoTiendaRopa] [           main] org.hibernate.mapping.BasicValue         : Skipping column re-registration: producto.idproducto
2024-06-29T15:50:31.751-06:00 DEBUG 24748 --- [ProyectoTiendaRopa] [           main] o.h.boot.model.internal.PropertyBinder   : Building property idProducto
2024-06-29T15:50:31.751-06:00 DEBUG 24748 --- [ProyectoTiendaRopa] [           main] o.h.boot.model.internal.BinderHelper     : #makeIdGenerator(BasicValue([Column(idproducto)]), idProducto, identity, , ...)
2024-06-29T15:50:31.751-06:00 DEBUG 24748 --- [ProyectoTiendaRopa] [           main] o.h.boot.model.internal.AnnotatedColumn  : Binding column: AnnotatedJoinColumn(column='idcategoria',referencedColumn='idcategoria')
2024-06-29T15:50:31.751-06:00 DEBUG 24748 --- [ProyectoTiendaRopa] [           main] o.h.boot.model.internal.AnnotatedColumn  : Binding column: AnnotatedColumn()
2024-06-29T15:50:31.752-06:00 DEBUG 24748 --- [ProyectoTiendaRopa] [           main] o.h.boot.model.internal.PropertyBinder   : Building property categoria
2024-06-29T15:50:31.752-06:00 DEBUG 24748 --- [ProyectoTiendaRopa] [           main] o.h.boot.model.internal.AnnotatedColumn  : Binding column: AnnotatedColumn(column='color')
2024-06-29T15:50:31.752-06:00 DEBUG 24748 --- [ProyectoTiendaRopa] [           main] o.h.boot.model.internal.PropertyBinder   : MetadataSourceProcessor property color with lazy=false
2024-06-29T15:50:31.752-06:00 DEBUG 24748 --- [ProyectoTiendaRopa] [           main] o.h.b.m.internal.AbstractPropertyHolder  : Attempting to locate auto-apply AttributeConverter for property [com.ipn.mx.modelo.entidades.Producto:color]
2024-06-29T15:50:31.753-06:00 DEBUG 24748 --- [ProyectoTiendaRopa] [           main] o.h.b.model.internal.BasicValueBinder    : building BasicValue for color
2024-06-29T15:50:31.754-06:00 DEBUG 24748 --- [ProyectoTiendaRopa] [           main] org.hibernate.mapping.BasicValue         : Skipping column re-registration: producto.color
2024-06-29T15:50:31.754-06:00 DEBUG 24748 --- [ProyectoTiendaRopa] [           main] o.h.boot.model.internal.PropertyBinder   : Building property color
2024-06-29T15:50:31.754-06:00 DEBUG 24748 --- [ProyectoTiendaRopa] [           main] o.h.boot.model.internal.AnnotatedColumn  : Binding column: AnnotatedColumn(column='descripcion')
2024-06-29T15:50:31.754-06:00 DEBUG 24748 --- [ProyectoTiendaRopa] [           main] o.h.boot.model.internal.PropertyBinder   : MetadataSourceProcessor property descripcion with lazy=false
2024-06-29T15:50:31.754-06:00 DEBUG 24748 --- [ProyectoTiendaRopa] [           main] o.h.b.m.internal.AbstractPropertyHolder  : Attempting to locate auto-apply AttributeConverter for property [com.ipn.mx.modelo.entidades.Producto:descripcion]
2024-06-29T15:50:31.755-06:00 DEBUG 24748 --- [ProyectoTiendaRopa] [           main] o.h.b.model.internal.BasicValueBinder    : building BasicValue for descripcion
2024-06-29T15:50:31.755-06:00 DEBUG 24748 --- [ProyectoTiendaRopa] [           main] org.hibernate.mapping.BasicValue         : Skipping column re-registration: producto.descripcion
2024-06-29T15:50:31.755-06:00 DEBUG 24748 --- [ProyectoTiendaRopa] [           main] o.h.boot.model.internal.PropertyBinder   : Building property descripcion
2024-06-29T15:50:31.755-06:00 DEBUG 24748 --- [ProyectoTiendaRopa] [           main] o.h.boot.model.internal.AnnotatedColumn  : Binding column: AnnotatedColumn(column='disponibilidad')
2024-06-29T15:50:31.755-06:00 DEBUG 24748 --- [ProyectoTiendaRopa] [           main] o.h.boot.model.internal.PropertyBinder   : MetadataSourceProcessor property disponibilidad with lazy=false
2024-06-29T15:50:31.756-06:00 DEBUG 24748 --- [ProyectoTiendaRopa] [           main] o.h.b.m.internal.AbstractPropertyHolder  : Attempting to locate auto-apply AttributeConverter for property [com.ipn.mx.modelo.entidades.Producto:disponibilidad]
2024-06-29T15:50:31.756-06:00 DEBUG 24748 --- [ProyectoTiendaRopa] [           main] o.h.b.model.internal.BasicValueBinder    : building BasicValue for disponibilidad
2024-06-29T15:50:31.756-06:00 DEBUG 24748 --- [ProyectoTiendaRopa] [           main] org.hibernate.mapping.BasicValue         : Skipping column re-registration: producto.disponibilidad
2024-06-29T15:50:31.756-06:00 DEBUG 24748 --- [ProyectoTiendaRopa] [           main] o.h.boot.model.internal.PropertyBinder   : Building property disponibilidad
2024-06-29T15:50:31.757-06:00 DEBUG 24748 --- [ProyectoTiendaRopa] [           main] o.h.boot.model.internal.AnnotatedColumn  : Binding column: AnnotatedColumn(column='imagen')
2024-06-29T15:50:31.757-06:00 DEBUG 24748 --- [ProyectoTiendaRopa] [           main] o.h.boot.model.internal.PropertyBinder   : MetadataSourceProcessor property imagen with lazy=false
2024-06-29T15:50:31.757-06:00 DEBUG 24748 --- [ProyectoTiendaRopa] [           main] o.h.b.m.internal.AbstractPropertyHolder  : Attempting to locate auto-apply AttributeConverter for property [com.ipn.mx.modelo.entidades.Producto:imagen]
2024-06-29T15:50:31.757-06:00 DEBUG 24748 --- [ProyectoTiendaRopa] [           main] o.h.b.model.internal.BasicValueBinder    : building BasicValue for imagen
2024-06-29T15:50:31.757-06:00 DEBUG 24748 --- [ProyectoTiendaRopa] [           main] org.hibernate.mapping.BasicValue         : Skipping column re-registration: producto.imagen
2024-06-29T15:50:31.757-06:00 DEBUG 24748 --- [ProyectoTiendaRopa] [           main] o.h.boot.model.internal.PropertyBinder   : Building property imagen
2024-06-29T15:50:31.758-06:00 DEBUG 24748 --- [ProyectoTiendaRopa] [           main] o.h.boot.model.internal.AnnotatedColumn  : Binding column: AnnotatedColumn(column='nombre')
2024-06-29T15:50:31.758-06:00 DEBUG 24748 --- [ProyectoTiendaRopa] [           main] o.h.boot.model.internal.PropertyBinder   : MetadataSourceProcessor property nombre with lazy=false
2024-06-29T15:50:31.758-06:00 DEBUG 24748 --- [ProyectoTiendaRopa] [           main] o.h.b.m.internal.AbstractPropertyHolder  : Attempting to locate auto-apply AttributeConverter for property [com.ipn.mx.modelo.entidades.Producto:nombre]
2024-06-29T15:50:31.758-06:00 DEBUG 24748 --- [ProyectoTiendaRopa] [           main] o.h.b.model.internal.BasicValueBinder    : building BasicValue for nombre
2024-06-29T15:50:31.758-06:00 DEBUG 24748 --- [ProyectoTiendaRopa] [           main] org.hibernate.mapping.BasicValue         : Skipping column re-registration: producto.nombre
2024-06-29T15:50:31.758-06:00 DEBUG 24748 --- [ProyectoTiendaRopa] [           main] o.h.boot.model.internal.PropertyBinder   : Building property nombre
2024-06-29T15:50:31.759-06:00 DEBUG 24748 --- [ProyectoTiendaRopa] [           main] o.h.boot.model.internal.AnnotatedColumn  : Binding column: IndexColumn(column='pedidos_ORDER')
2024-06-29T15:50:31.759-06:00 DEBUG 24748 --- [ProyectoTiendaRopa] [           main] o.h.boot.model.internal.AnnotatedColumn  : Binding column: AnnotatedColumn()
2024-06-29T15:50:31.760-06:00 DEBUG 24748 --- [ProyectoTiendaRopa] [           main] o.h.boot.model.internal.AnnotatedColumn  : Binding column: AnnotatedColumn(column='pedidos_KEY')
2024-06-29T15:50:31.760-06:00 DEBUG 24748 --- [ProyectoTiendaRopa] [           main] o.h.boot.model.internal.AnnotatedColumn  : Binding column: AnnotatedJoinColumn(column='pedidos_KEY')
2024-06-29T15:50:31.760-06:00 DEBUG 24748 --- [ProyectoTiendaRopa] [           main] o.h.boot.model.internal.AnnotatedColumn  : Binding column: AnnotatedJoinColumn()
2024-06-29T15:50:31.760-06:00 DEBUG 24748 --- [ProyectoTiendaRopa] [           main] o.h.boot.model.internal.AnnotatedColumn  : Binding column: AnnotatedJoinColumn()
2024-06-29T15:50:31.760-06:00 DEBUG 24748 --- [ProyectoTiendaRopa] [           main] o.h.b.model.internal.CollectionBinder    : Collection role: com.ipn.mx.modelo.entidades.Producto.pedidos
2024-06-29T15:50:31.761-06:00 DEBUG 24748 --- [ProyectoTiendaRopa] [           main] o.h.boot.model.internal.PropertyBinder   : Building property pedidos
2024-06-29T15:50:31.762-06:00 DEBUG 24748 --- [ProyectoTiendaRopa] [           main] o.h.boot.model.internal.AnnotatedColumn  : Binding column: AnnotatedColumn(column='precio')
2024-06-29T15:50:31.762-06:00 DEBUG 24748 --- [ProyectoTiendaRopa] [           main] o.h.boot.model.internal.PropertyBinder   : MetadataSourceProcessor property precio with lazy=false
2024-06-29T15:50:31.762-06:00 DEBUG 24748 --- [ProyectoTiendaRopa] [           main] o.h.b.m.internal.AbstractPropertyHolder  : Attempting to locate auto-apply AttributeConverter for property [com.ipn.mx.modelo.entidades.Producto:precio]
2024-06-29T15:50:31.762-06:00 DEBUG 24748 --- [ProyectoTiendaRopa] [           main] o.h.b.model.internal.BasicValueBinder    : building BasicValue for precio
2024-06-29T15:50:31.762-06:00 DEBUG 24748 --- [ProyectoTiendaRopa] [           main] org.hibernate.mapping.BasicValue         : Skipping column re-registration: producto.precio
2024-06-29T15:50:31.762-06:00 DEBUG 24748 --- [ProyectoTiendaRopa] [           main] o.h.boot.model.internal.PropertyBinder   : Building property precio
2024-06-29T15:50:31.763-06:00 DEBUG 24748 --- [ProyectoTiendaRopa] [           main] o.h.boot.model.internal.AnnotatedColumn  : Binding column: AnnotatedColumn(column='tamaño')
2024-06-29T15:50:31.764-06:00 DEBUG 24748 --- [ProyectoTiendaRopa] [           main] o.h.boot.model.internal.PropertyBinder   : MetadataSourceProcessor property tamaño with lazy=false
2024-06-29T15:50:31.764-06:00 DEBUG 24748 --- [ProyectoTiendaRopa] [           main] o.h.b.m.internal.AbstractPropertyHolder  : Attempting to locate auto-apply AttributeConverter for property [com.ipn.mx.modelo.entidades.Producto:tamaño]
2024-06-29T15:50:31.765-06:00 DEBUG 24748 --- [ProyectoTiendaRopa] [           main] o.h.b.model.internal.BasicValueBinder    : building BasicValue for tamaño
2024-06-29T15:50:31.765-06:00 DEBUG 24748 --- [ProyectoTiendaRopa] [           main] org.hibernate.mapping.BasicValue         : Skipping column re-registration: producto.tamaño
2024-06-29T15:50:31.765-06:00 DEBUG 24748 --- [ProyectoTiendaRopa] [           main] o.h.boot.model.internal.PropertyBinder   : Building property tamaño
2024-06-29T15:50:31.766-06:00 DEBUG 24748 --- [ProyectoTiendaRopa] [           main] o.h.b.r.c.i.ClassLoaderServiceImpl       : HHH000194: Package not found or wo package-info.java: com.ipn.mx.modelo.entidades
2024-06-29T15:50:31.767-06:00 DEBUG 24748 --- [ProyectoTiendaRopa] [           main] o.h.boot.model.internal.EntityBinder     : Binding entity from annotated class: com.ipn.mx.modelo.entidades.Promocion
2024-06-29T15:50:31.767-06:00 DEBUG 24748 --- [ProyectoTiendaRopa] [           main] o.h.boot.model.internal.EntityBinder     : Import with entity name Promocion
2024-06-29T15:50:31.767-06:00 DEBUG 24748 --- [ProyectoTiendaRopa] [           main] o.h.boot.model.internal.EntityBinder     : Bind entity com.ipn.mx.modelo.entidades.Promocion on table promocion
2024-06-29T15:50:31.768-06:00 DEBUG 24748 --- [ProyectoTiendaRopa] [           main] o.h.boot.model.internal.AnnotatedColumn  : Binding column: AnnotatedDiscriminatorColumn(column='DTYPE')
2024-06-29T15:50:31.771-06:00 DEBUG 24748 --- [ProyectoTiendaRopa] [           main] o.h.boot.model.internal.AnnotatedColumn  : Binding column: AnnotatedColumn(column='idpromocion')
2024-06-29T15:50:31.771-06:00 DEBUG 24748 --- [ProyectoTiendaRopa] [           main] o.h.boot.internal.ClassLoaderAccessImpl  : Not known whether passed class name [com.ipn.mx.modelo.entidades.Promocion] is safe
2024-06-29T15:50:31.771-06:00 DEBUG 24748 --- [ProyectoTiendaRopa] [           main] o.h.boot.internal.ClassLoaderAccessImpl  : No temp ClassLoader provided; using live ClassLoader for loading potentially unsafe class : com.ipn.mx.modelo.entidades.Promocion
2024-06-29T15:50:31.771-06:00 DEBUG 24748 --- [ProyectoTiendaRopa] [           main] o.h.boot.model.internal.PropertyBinder   : MetadataSourceProcessor property idpromocion with lazy=false
2024-06-29T15:50:31.771-06:00 DEBUG 24748 --- [ProyectoTiendaRopa] [           main] o.h.b.m.internal.AbstractPropertyHolder  : Attempting to locate auto-apply AttributeConverter for property [com.ipn.mx.modelo.entidades.Promocion:idpromocion]
2024-06-29T15:50:31.771-06:00 DEBUG 24748 --- [ProyectoTiendaRopa] [           main] o.h.b.model.internal.BasicValueBinder    : building BasicValue for idpromocion
2024-06-29T15:50:31.771-06:00 DEBUG 24748 --- [ProyectoTiendaRopa] [           main] org.hibernate.mapping.BasicValue         : Skipping column re-registration: promocion.idpromocion
2024-06-29T15:50:31.771-06:00 DEBUG 24748 --- [ProyectoTiendaRopa] [           main] o.h.boot.model.internal.PropertyBinder   : Building property idpromocion
2024-06-29T15:50:31.771-06:00 DEBUG 24748 --- [ProyectoTiendaRopa] [           main] o.h.boot.model.internal.BinderHelper     : #makeIdGenerator(BasicValue([Column(idpromocion)]), idpromocion, identity, , ...)
2024-06-29T15:50:31.772-06:00 DEBUG 24748 --- [ProyectoTiendaRopa] [           main] o.h.boot.model.internal.AnnotatedColumn  : Binding column: AnnotatedColumn(column='codigosdescuento')
2024-06-29T15:50:31.772-06:00 DEBUG 24748 --- [ProyectoTiendaRopa] [           main] o.h.boot.model.internal.PropertyBinder   : MetadataSourceProcessor property codigosdescuento with lazy=false
2024-06-29T15:50:31.772-06:00 DEBUG 24748 --- [ProyectoTiendaRopa] [           main] o.h.b.m.internal.AbstractPropertyHolder  : Attempting to locate auto-apply AttributeConverter for property [com.ipn.mx.modelo.entidades.Promocion:codigosdescuento]
2024-06-29T15:50:31.772-06:00 DEBUG 24748 --- [ProyectoTiendaRopa] [           main] o.h.b.model.internal.BasicValueBinder    : building BasicValue for codigosdescuento
2024-06-29T15:50:31.772-06:00 DEBUG 24748 --- [ProyectoTiendaRopa] [           main] org.hibernate.mapping.BasicValue         : Skipping column re-registration: promocion.codigosdescuento
2024-06-29T15:50:31.772-06:00 DEBUG 24748 --- [ProyectoTiendaRopa] [           main] o.h.boot.model.internal.PropertyBinder   : Building property codigosdescuento
2024-06-29T15:50:31.772-06:00 DEBUG 24748 --- [ProyectoTiendaRopa] [           main] o.h.boot.model.internal.AnnotatedColumn  : Binding column: AnnotatedColumn(column='detallesdeuso')
2024-06-29T15:50:31.772-06:00 DEBUG 24748 --- [ProyectoTiendaRopa] [           main] o.h.boot.model.internal.PropertyBinder   : MetadataSourceProcessor property detallesdeuso with lazy=false
2024-06-29T15:50:31.773-06:00 DEBUG 24748 --- [ProyectoTiendaRopa] [           main] o.h.b.m.internal.AbstractPropertyHolder  : Attempting to locate auto-apply AttributeConverter for property [com.ipn.mx.modelo.entidades.Promocion:detallesdeuso]
2024-06-29T15:50:31.773-06:00 DEBUG 24748 --- [ProyectoTiendaRopa] [           main] o.h.b.model.internal.BasicValueBinder    : building BasicValue for detallesdeuso
2024-06-29T15:50:31.773-06:00 DEBUG 24748 --- [ProyectoTiendaRopa] [           main] org.hibernate.mapping.BasicValue         : Skipping column re-registration: promocion.detallesdeuso
2024-06-29T15:50:31.773-06:00 DEBUG 24748 --- [ProyectoTiendaRopa] [           main] o.h.boot.model.internal.PropertyBinder   : Building property detallesdeuso
2024-06-29T15:50:31.773-06:00 DEBUG 24748 --- [ProyectoTiendaRopa] [           main] o.h.boot.model.internal.AnnotatedColumn  : Binding column: AnnotatedColumn(column='fechavalidez')
2024-06-29T15:50:31.773-06:00 DEBUG 24748 --- [ProyectoTiendaRopa] [           main] o.h.boot.model.internal.PropertyBinder   : MetadataSourceProcessor property fechavalidez with lazy=false
2024-06-29T15:50:31.773-06:00 DEBUG 24748 --- [ProyectoTiendaRopa] [           main] o.h.b.m.internal.AbstractPropertyHolder  : Attempting to locate auto-apply AttributeConverter for property [com.ipn.mx.modelo.entidades.Promocion:fechavalidez]
2024-06-29T15:50:31.773-06:00 DEBUG 24748 --- [ProyectoTiendaRopa] [           main] o.h.b.model.internal.BasicValueBinder    : building BasicValue for fechavalidez
2024-06-29T15:50:31.773-06:00 DEBUG 24748 --- [ProyectoTiendaRopa] [           main] org.hibernate.mapping.BasicValue         : Skipping column re-registration: promocion.fechavalidez
2024-06-29T15:50:31.773-06:00 DEBUG 24748 --- [ProyectoTiendaRopa] [           main] o.h.boot.model.internal.PropertyBinder   : Building property fechavalidez
2024-06-29T15:50:31.774-06:00 DEBUG 24748 --- [ProyectoTiendaRopa] [           main] o.h.b.r.c.i.ClassLoaderServiceImpl       : HHH000194: Package not found or wo package-info.java: com.ipn.mx.modelo.entidades
2024-06-29T15:50:31.776-06:00 DEBUG 24748 --- [ProyectoTiendaRopa] [           main] o.h.b.model.internal.BasicValueBinder    : Starting `BasicValueBinder#fillSimpleValue` for idCategoria
2024-06-29T15:50:31.794-06:00 DEBUG 24748 --- [ProyectoTiendaRopa] [           main] o.h.b.model.internal.BasicValueBinder    : Starting `BasicValueBinder#fillSimpleValue` for nombre
2024-06-29T15:50:31.794-06:00 DEBUG 24748 --- [ProyectoTiendaRopa] [           main] o.h.b.model.internal.BasicValueBinder    : Starting `BasicValueBinder#fillSimpleValue` for tipo
2024-06-29T15:50:31.794-06:00 DEBUG 24748 --- [ProyectoTiendaRopa] [           main] o.h.b.model.internal.BasicValueBinder    : Starting `BasicValueBinder#fillSimpleValue` for idcliente
2024-06-29T15:50:31.794-06:00 DEBUG 24748 --- [ProyectoTiendaRopa] [           main] o.h.b.model.internal.BasicValueBinder    : Starting `BasicValueBinder#fillSimpleValue` for correo
2024-06-29T15:50:31.794-06:00 DEBUG 24748 --- [ProyectoTiendaRopa] [           main] o.h.b.model.internal.BasicValueBinder    : Starting `BasicValueBinder#fillSimpleValue` for direccion
2024-06-29T15:50:31.794-06:00 DEBUG 24748 --- [ProyectoTiendaRopa] [           main] o.h.b.model.internal.BasicValueBinder    : Starting `BasicValueBinder#fillSimpleValue` for nombre
2024-06-29T15:50:31.795-06:00 DEBUG 24748 --- [ProyectoTiendaRopa] [           main] o.h.b.model.internal.BasicValueBinder    : Starting `BasicValueBinder#fillSimpleValue` for telefono
2024-06-29T15:50:31.795-06:00 DEBUG 24748 --- [ProyectoTiendaRopa] [           main] o.h.b.model.internal.BasicValueBinder    : Starting `BasicValueBinder#fillSimpleValue` for idEnvio
2024-06-29T15:50:31.795-06:00 DEBUG 24748 --- [ProyectoTiendaRopa] [           main] o.h.b.model.internal.BasicValueBinder    : Starting `BasicValueBinder#fillSimpleValue` for correo
2024-06-29T15:50:31.795-06:00 DEBUG 24748 --- [ProyectoTiendaRopa] [           main] o.h.b.model.internal.BasicValueBinder    : Starting `BasicValueBinder#fillSimpleValue` for costo
2024-06-29T15:50:31.795-06:00 DEBUG 24748 --- [ProyectoTiendaRopa] [           main] o.h.b.model.internal.BasicValueBinder    : Starting `BasicValueBinder#fillSimpleValue` for empresaProcediente
2024-06-29T15:50:31.795-06:00 DEBUG 24748 --- [ProyectoTiendaRopa] [           main] o.h.b.model.internal.BasicValueBinder    : Starting `BasicValueBinder#fillSimpleValue` for nombreRepartidor
2024-06-29T15:50:31.795-06:00 DEBUG 24748 --- [ProyectoTiendaRopa] [           main] o.h.b.model.internal.BasicValueBinder    : Starting `BasicValueBinder#fillSimpleValue` for idhistorial
2024-06-29T15:50:31.795-06:00 DEBUG 24748 --- [ProyectoTiendaRopa] [           main] o.h.b.model.internal.BasicValueBinder    : Starting `BasicValueBinder#fillSimpleValue` for fecha
2024-06-29T15:50:31.795-06:00 DEBUG 24748 --- [ProyectoTiendaRopa] [           main] o.h.b.model.internal.BasicValueBinder    : Starting `BasicValueBinder#fillSimpleValue` for folioCompra
2024-06-29T15:50:31.795-06:00 DEBUG 24748 --- [ProyectoTiendaRopa] [           main] o.h.b.model.internal.BasicValueBinder    : Starting `BasicValueBinder#fillSimpleValue` for idPago
2024-06-29T15:50:31.795-06:00 DEBUG 24748 --- [ProyectoTiendaRopa] [           main] o.h.b.model.internal.BasicValueBinder    : Starting `BasicValueBinder#fillSimpleValue` for totalPago
2024-06-29T15:50:31.795-06:00 DEBUG 24748 --- [ProyectoTiendaRopa] [           main] o.h.b.model.internal.BasicValueBinder    : Starting `BasicValueBinder#fillSimpleValue` for idpedido
2024-06-29T15:50:31.795-06:00 DEBUG 24748 --- [ProyectoTiendaRopa] [           main] o.h.b.model.internal.BasicValueBinder    : Starting `BasicValueBinder#fillSimpleValue` for cantidad
2024-06-29T15:50:31.795-06:00 DEBUG 24748 --- [ProyectoTiendaRopa] [           main] o.h.b.model.internal.BasicValueBinder    : Starting `BasicValueBinder#fillSimpleValue` for estado
2024-06-29T15:50:31.796-06:00 DEBUG 24748 --- [ProyectoTiendaRopa] [           main] o.h.b.model.internal.BasicValueBinder    : Starting `BasicValueBinder#fillSimpleValue` for fechaentrega
2024-06-29T15:50:31.796-06:00 DEBUG 24748 --- [ProyectoTiendaRopa] [           main] o.h.b.model.internal.BasicValueBinder    : Starting `BasicValueBinder#fillSimpleValue` for fechalimiteentrega
2024-06-29T15:50:31.796-06:00 DEBUG 24748 --- [ProyectoTiendaRopa] [           main] o.h.b.model.internal.BasicValueBinder    : Starting `BasicValueBinder#fillSimpleValue` for fecharecibido
2024-06-29T15:50:31.796-06:00 DEBUG 24748 --- [ProyectoTiendaRopa] [           main] o.h.b.model.internal.BasicValueBinder    : Starting `BasicValueBinder#fillSimpleValue` for foliocompra
2024-06-29T15:50:31.796-06:00 DEBUG 24748 --- [ProyectoTiendaRopa] [           main] o.h.b.model.internal.BasicValueBinder    : Starting `BasicValueBinder#fillSimpleValue` for observacion
2024-06-29T15:50:31.796-06:00 DEBUG 24748 --- [ProyectoTiendaRopa] [           main] o.h.b.model.internal.BasicValueBinder    : Starting `BasicValueBinder#fillSimpleValue` for preciounitario
2024-06-29T15:50:31.796-06:00 DEBUG 24748 --- [ProyectoTiendaRopa] [           main] o.h.b.model.internal.BasicValueBinder    : Starting `BasicValueBinder#fillSimpleValue` for idProducto
2024-06-29T15:50:31.796-06:00 DEBUG 24748 --- [ProyectoTiendaRopa] [           main] o.h.b.model.internal.BasicValueBinder    : Starting `BasicValueBinder#fillSimpleValue` for color
2024-06-29T15:50:31.796-06:00 DEBUG 24748 --- [ProyectoTiendaRopa] [           main] o.h.b.model.internal.BasicValueBinder    : Starting `BasicValueBinder#fillSimpleValue` for descripcion
2024-06-29T15:50:31.796-06:00 DEBUG 24748 --- [ProyectoTiendaRopa] [           main] o.h.b.model.internal.BasicValueBinder    : Starting `BasicValueBinder#fillSimpleValue` for disponibilidad
2024-06-29T15:50:31.796-06:00 DEBUG 24748 --- [ProyectoTiendaRopa] [           main] o.h.b.model.internal.BasicValueBinder    : Starting `BasicValueBinder#fillSimpleValue` for imagen
2024-06-29T15:50:31.796-06:00 DEBUG 24748 --- [ProyectoTiendaRopa] [           main] o.h.b.model.internal.BasicValueBinder    : Starting `BasicValueBinder#fillSimpleValue` for nombre
2024-06-29T15:50:31.797-06:00 DEBUG 24748 --- [ProyectoTiendaRopa] [           main] o.h.b.model.internal.BasicValueBinder    : Starting `BasicValueBinder#fillSimpleValue` for precio
2024-06-29T15:50:31.797-06:00 DEBUG 24748 --- [ProyectoTiendaRopa] [           main] o.h.b.model.internal.BasicValueBinder    : Starting `BasicValueBinder#fillSimpleValue` for tamaño
2024-06-29T15:50:31.797-06:00 DEBUG 24748 --- [ProyectoTiendaRopa] [           main] o.h.b.model.internal.BasicValueBinder    : Starting `BasicValueBinder#fillSimpleValue` for idpromocion
2024-06-29T15:50:31.797-06:00 DEBUG 24748 --- [ProyectoTiendaRopa] [           main] o.h.b.model.internal.BasicValueBinder    : Starting `BasicValueBinder#fillSimpleValue` for codigosdescuento
2024-06-29T15:50:31.797-06:00 DEBUG 24748 --- [ProyectoTiendaRopa] [           main] o.h.b.model.internal.BasicValueBinder    : Starting `BasicValueBinder#fillSimpleValue` for detallesdeuso
2024-06-29T15:50:31.797-06:00 DEBUG 24748 --- [ProyectoTiendaRopa] [           main] o.h.b.model.internal.BasicValueBinder    : Starting `BasicValueBinder#fillSimpleValue` for fechavalidez
2024-06-29T15:50:31.812-06:00 DEBUG 24748 --- [ProyectoTiendaRopa] [           main] org.hibernate.mapping.PrimaryKey         : Forcing column [idcategoria] to be non-null as it is part of the primary key for table [categoria]
2024-06-29T15:50:31.813-06:00 DEBUG 24748 --- [ProyectoTiendaRopa] [           main] org.hibernate.mapping.PrimaryKey         : Forcing column [idcliente] to be non-null as it is part of the primary key for table [cliente]
2024-06-29T15:50:31.813-06:00 DEBUG 24748 --- [ProyectoTiendaRopa] [           main] org.hibernate.mapping.PrimaryKey         : Forcing column [idenvio] to be non-null as it is part of the primary key for table [envio]
2024-06-29T15:50:31.813-06:00 DEBUG 24748 --- [ProyectoTiendaRopa] [           main] org.hibernate.mapping.PrimaryKey         : Forcing column [idhistorial] to be non-null as it is part of the primary key for table [historial]
2024-06-29T15:50:31.813-06:00 DEBUG 24748 --- [ProyectoTiendaRopa] [           main] org.hibernate.mapping.PrimaryKey         : Forcing column [iddocumento] to be non-null as it is part of the primary key for table [pago]
2024-06-29T15:50:31.813-06:00 DEBUG 24748 --- [ProyectoTiendaRopa] [           main] org.hibernate.mapping.PrimaryKey         : Forcing column [idpedido] to be non-null as it is part of the primary key for table [pedido]
2024-06-29T15:50:31.814-06:00 DEBUG 24748 --- [ProyectoTiendaRopa] [           main] org.hibernate.mapping.PrimaryKey         : Forcing column [idproducto] to be non-null as it is part of the primary key for table [producto]
2024-06-29T15:50:31.814-06:00 DEBUG 24748 --- [ProyectoTiendaRopa] [           main] org.hibernate.mapping.PrimaryKey         : Forcing column [idpromocion] to be non-null as it is part of the primary key for table [promocion]
2024-06-29T15:50:31.814-06:00 DEBUG 24748 --- [ProyectoTiendaRopa] [           main] o.h.b.m.internal.CollectionSecondPass    : Second pass for collection: com.ipn.mx.modelo.entidades.Pedido.productos
2024-06-29T15:50:31.815-06:00 DEBUG 24748 --- [ProyectoTiendaRopa] [           main] o.h.b.model.internal.CollectionBinder    : Binding a ManyToMany: com.ipn.mx.modelo.entidades.Pedido.productos
2024-06-29T15:50:31.818-06:00 DEBUG 24748 --- [ProyectoTiendaRopa] [           main] o.h.b.r.c.i.ClassLoaderServiceImpl       : HHH000194: Package not found or wo package-info.java: com.ipn.mx.modelo.entidades
2024-06-29T15:50:31.826-06:00 DEBUG 24748 --- [ProyectoTiendaRopa] [           main] o.h.b.m.internal.CollectionSecondPass    : Mapped collection key: idpedido, element: idproducto
2024-06-29T15:50:31.829-06:00 DEBUG 24748 --- [ProyectoTiendaRopa] [           main] o.h.b.m.internal.CollectionSecondPass    : Second pass for collection: com.ipn.mx.modelo.entidades.Producto.pedidos
2024-06-29T15:50:31.829-06:00 DEBUG 24748 --- [ProyectoTiendaRopa] [           main] o.h.b.model.internal.CollectionBinder    : Binding a ManyToMany: com.ipn.mx.modelo.entidades.Producto.pedidos
2024-06-29T15:50:31.830-06:00 DEBUG 24748 --- [ProyectoTiendaRopa] [           main] o.h.b.r.c.i.ClassLoaderServiceImpl       : HHH000194: Package not found or wo package-info.java: com.ipn.mx.modelo.entidades
2024-06-29T15:50:31.830-06:00 DEBUG 24748 --- [ProyectoTiendaRopa] [           main] o.h.boot.model.internal.TableBinder      : Retrieving property com.ipn.mx.modelo.entidades.Pedido.productos
2024-06-29T15:50:31.831-06:00 DEBUG 24748 --- [ProyectoTiendaRopa] [           main] o.h.b.m.internal.CollectionSecondPass    : Mapped collection key: idproducto, element: idpedido
2024-06-29T15:50:31.831-06:00 DEBUG 24748 --- [ProyectoTiendaRopa] [           main] o.h.b.i.InFlightMetadataCollectorImpl    : Resolving reference to class: com.ipn.mx.modelo.entidades.Pedido
2024-06-29T15:50:31.833-06:00 DEBUG 24748 --- [ProyectoTiendaRopa] [           main] o.h.b.i.InFlightMetadataCollectorImpl    : Resolving reference to class: com.ipn.mx.modelo.entidades.Pedido
2024-06-29T15:50:31.833-06:00 DEBUG 24748 --- [ProyectoTiendaRopa] [           main] o.h.b.i.InFlightMetadataCollectorImpl    : Resolving reference to class: com.ipn.mx.modelo.entidades.Cliente
2024-06-29T15:50:31.833-06:00 DEBUG 24748 --- [ProyectoTiendaRopa] [           main] o.h.b.i.InFlightMetadataCollectorImpl    : Resolving reference to class: com.ipn.mx.modelo.entidades.Historial
2024-06-29T15:50:31.833-06:00 DEBUG 24748 --- [ProyectoTiendaRopa] [           main] o.h.b.i.InFlightMetadataCollectorImpl    : Resolving reference to class: com.ipn.mx.modelo.entidades.Promocion
2024-06-29T15:50:31.834-06:00 DEBUG 24748 --- [ProyectoTiendaRopa] [           main] o.h.b.i.InFlightMetadataCollectorImpl    : Resolving reference to class: com.ipn.mx.modelo.entidades.Producto
2024-06-29T15:50:31.834-06:00 DEBUG 24748 --- [ProyectoTiendaRopa] [           main] o.h.b.i.InFlightMetadataCollectorImpl    : Resolving reference to class: com.ipn.mx.modelo.entidades.Pedido
2024-06-29T15:50:31.834-06:00 DEBUG 24748 --- [ProyectoTiendaRopa] [           main] o.h.b.i.InFlightMetadataCollectorImpl    : Resolving reference to class: com.ipn.mx.modelo.entidades.Categoria
2024-06-29T15:50:31.860-06:00 DEBUG 24748 --- [ProyectoTiendaRopa] [           main] o.h.b.i.InFlightMetadataCollectorImpl    : Resolving reference to class: com.ipn.mx.modelo.entidades.Pedido
2024-06-29T15:50:31.861-06:00 DEBUG 24748 --- [ProyectoTiendaRopa] [           main] o.h.b.i.InFlightMetadataCollectorImpl    : Resolving reference to class: com.ipn.mx.modelo.entidades.Pedido
2024-06-29T15:50:31.861-06:00 DEBUG 24748 --- [ProyectoTiendaRopa] [           main] o.h.b.i.InFlightMetadataCollectorImpl    : Resolving reference to class: com.ipn.mx.modelo.entidades.Cliente
2024-06-29T15:50:31.861-06:00 DEBUG 24748 --- [ProyectoTiendaRopa] [           main] o.h.b.i.InFlightMetadataCollectorImpl    : Resolving reference to class: com.ipn.mx.modelo.entidades.Historial
2024-06-29T15:50:31.861-06:00 DEBUG 24748 --- [ProyectoTiendaRopa] [           main] o.h.b.i.InFlightMetadataCollectorImpl    : Resolving reference to class: com.ipn.mx.modelo.entidades.Promocion
2024-06-29T15:50:31.861-06:00 DEBUG 24748 --- [ProyectoTiendaRopa] [           main] o.h.b.i.InFlightMetadataCollectorImpl    : Resolving reference to class: com.ipn.mx.modelo.entidades.Producto
2024-06-29T15:50:31.861-06:00 DEBUG 24748 --- [ProyectoTiendaRopa] [           main] o.h.b.i.InFlightMetadataCollectorImpl    : Resolving reference to class: com.ipn.mx.modelo.entidades.Pedido
2024-06-29T15:50:31.861-06:00 DEBUG 24748 --- [ProyectoTiendaRopa] [           main] o.h.b.i.InFlightMetadataCollectorImpl    : Resolving reference to class: com.ipn.mx.modelo.entidades.Categoria
2024-06-29T15:50:31.924-06:00 DEBUG 24748 --- [ProyectoTiendaRopa] [           main] o.hibernate.internal.SessionFactoryImpl  : Building session factory
2024-06-29T15:50:31.991-06:00 DEBUG 24748 --- [ProyectoTiendaRopa] [           main] .h.s.i.SessionFactoryServiceRegistryImpl : EventListenerRegistry access via ServiceRegistry is deprecated.  Use `sessionFactory.getEventEngine().getListenerRegistry()` instead
2024-06-29T15:50:31.992-06:00 DEBUG 24748 --- [ProyectoTiendaRopa] [           main] o.hibernate.internal.SessionFactoryImpl  : Instantiating SessionFactory with settings: {java.specification.version=17, sun.cpu.isalist=amd64, hibernate.resource.beans.container=org.springframework.orm.hibernate5.SpringBeanContainer@451af781, hibernate.connection.handling_mode=DELAYED_ACQUISITION_AND_HOLD, sun.jnu.encoding=Cp1252, hibernate.dialect=org.hibernate.dialect.PostgreSQLDialect, hibernate.implicit_naming_strategy=org.hibernate.boot.model.naming.ImplicitNamingStrategyLegacyJpaImpl, java.class.path=C:\Users\alexc\git\repo-tienda\ProyectoTiendaRopa\target\test-classes;C:\Users\alexc\git\repo-tienda\ProyectoTiendaRopa\target\classes;C:\Users\alexc\.m2\repository\com\itextpdf\itextpdf\5.5.13\itextpdf-5.5.13.jar;C:\Users\alexc\.m2\repository\org\springframework\boot\spring-boot-starter-data-jpa\3.2.5\spring-boot-starter-data-jpa-3.2.5.jar;C:\Users\alexc\.m2\repository\org\springframework\boot\spring-boot-starter-aop\3.2.5\spring-boot-starter-aop-3.2.5.jar;C:\Users\alexc\.m2\repository\org\springframework\spring-aop\6.1.6\spring-aop-6.1.6.jar;C:\Users\alexc\.m2\repository\org\aspectj\aspectjweaver\1.9.22\aspectjweaver-1.9.22.jar;C:\Users\alexc\.m2\repository\org\springframework\boot\spring-boot-starter-jdbc\3.2.5\spring-boot-starter-jdbc-3.2.5.jar;C:\Users\alexc\.m2\repository\com\zaxxer\HikariCP\5.0.1\HikariCP-5.0.1.jar;C:\Users\alexc\.m2\repository\org\springframework\spring-jdbc\6.1.6\spring-jdbc-6.1.6.jar;C:\Users\alexc\.m2\repository\org\hibernate\orm\hibernate-core\6.4.4.Final\hibernate-core-6.4.4.Final.jar;C:\Users\alexc\.m2\repository\jakarta\persistence\jakarta.persistence-api\3.1.0\jakarta.persistence-api-3.1.0.jar;C:\Users\alexc\.m2\repository\jakarta\transaction\jakarta.transaction-api\2.0.1\jakarta.transaction-api-2.0.1.jar;C:\Users\alexc\.m2\repository\org\jboss\logging\jboss-logging\3.5.3.Final\jboss-logging-3.5.3.Final.jar;C:\Users\alexc\.m2\repository\org\hibernate\common\hibernate-commons-annotations\6.0.6.Final\hibernate-commons-annotations-6.0.6.Final.jar;C:\Users\alexc\.m2\repository\io\smallrye\jandex\3.1.2\jandex-3.1.2.jar;C:\Users\alexc\.m2\repository\com\fasterxml\classmate\1.6.0\classmate-1.6.0.jar;C:\Users\alexc\.m2\repository\net\bytebuddy\byte-buddy\1.14.13\byte-buddy-1.14.13.jar;C:\Users\alexc\.m2\repository\org\glassfish\jaxb\jaxb-runtime\4.0.5\jaxb-runtime-4.0.5.jar;C:\Users\alexc\.m2\repository\org\glassfish\jaxb\jaxb-core\4.0.5\jaxb-core-4.0.5.jar;C:\Users\alexc\.m2\repository\org\eclipse\angus\angus-activation\2.0.2\angus-activation-2.0.2.jar;C:\Users\alexc\.m2\repository\org\glassfish\jaxb\txw2\4.0.5\txw2-4.0.5.jar;C:\Users\alexc\.m2\repository\com\sun\istack\istack-commons-runtime\4.1.2\istack-commons-runtime-4.1.2.jar;C:\Users\alexc\.m2\repository\jakarta\inject\jakarta.inject-api\2.0.1\jakarta.inject-api-2.0.1.jar;C:\Users\alexc\.m2\repository\org\antlr\antlr4-runtime\4.13.0\antlr4-runtime-4.13.0.jar;C:\Users\alexc\.m2\repository\org\springframework\data\spring-data-jpa\3.2.5\spring-data-jpa-3.2.5.jar;C:\Users\alexc\.m2\repository\org\springframework\data\spring-data-commons\3.2.5\spring-data-commons-3.2.5.jar;C:\Users\alexc\.m2\repository\org\springframework\spring-orm\6.1.6\spring-orm-6.1.6.jar;C:\Users\alexc\.m2\repository\org\springframework\spring-context\6.1.6\spring-context-6.1.6.jar;C:\Users\alexc\.m2\repository\org\springframework\spring-tx\6.1.6\spring-tx-6.1.6.jar;C:\Users\alexc\.m2\repository\org\springframework\spring-beans\6.1.6\spring-beans-6.1.6.jar;C:\Users\alexc\.m2\repository\jakarta\annotation\jakarta.annotation-api\2.1.1\jakarta.annotation-api-2.1.1.jar;C:\Users\alexc\.m2\repository\org\slf4j\slf4j-api\2.0.13\slf4j-api-2.0.13.jar;C:\Users\alexc\.m2\repository\org\springframework\spring-aspects\6.1.6\spring-aspects-6.1.6.jar;C:\Users\alexc\.m2\repository\org\springframework\boot\spring-boot-starter-validation\3.2.5\spring-boot-starter-validation-3.2.5.jar;C:\Users\alexc\.m2\repository\org\springframework\boot\spring-boot-starter\3.2.5\spring-boot-starter-3.2.5.jar;C:\Users\alexc\.m2\repository\org\springframework\boot\spring-boot-starter-logging\3.2.5\spring-boot-starter-logging-3.2.5.jar;C:\Users\alexc\.m2\repository\ch\qos\logback\logback-classic\1.4.14\logback-classic-1.4.14.jar;C:\Users\alexc\.m2\repository\ch\qos\logback\logback-core\1.4.14\logback-core-1.4.14.jar;C:\Users\alexc\.m2\repository\org\apache\logging\log4j\log4j-to-slf4j\2.21.1\log4j-to-slf4j-2.21.1.jar;C:\Users\alexc\.m2\repository\org\apache\logging\log4j\log4j-api\2.21.1\log4j-api-2.21.1.jar;C:\Users\alexc\.m2\repository\org\slf4j\jul-to-slf4j\2.0.13\jul-to-slf4j-2.0.13.jar;C:\Users\alexc\.m2\repository\org\yaml\snakeyaml\2.2\snakeyaml-2.2.jar;C:\Users\alexc\.m2\repository\org\apache\tomcat\embed\tomcat-embed-el\10.1.20\tomcat-embed-el-10.1.20.jar;C:\Users\alexc\.m2\repository\org\hibernate\validator\hibernate-validator\8.0.1.Final\hibernate-validator-8.0.1.Final.jar;C:\Users\alexc\.m2\repository\jakarta\validation\jakarta.validation-api\3.0.2\jakarta.validation-api-3.0.2.jar;C:\Users\alexc\.m2\repository\org\springframework\boot\spring-boot-starter-web\3.2.5\spring-boot-starter-web-3.2.5.jar;C:\Users\alexc\.m2\repository\org\springframework\boot\spring-boot-starter-json\3.2.5\spring-boot-starter-json-3.2.5.jar;C:\Users\alexc\.m2\repository\com\fasterxml\jackson\core\jackson-databind\2.15.4\jackson-databind-2.15.4.jar;C:\Users\alexc\.m2\repository\com\fasterxml\jackson\core\jackson-annotations\2.15.4\jackson-annotations-2.15.4.jar;C:\Users\alexc\.m2\repository\com\fasterxml\jackson\core\jackson-core\2.15.4\jackson-core-2.15.4.jar;C:\Users\alexc\.m2\repository\com\fasterxml\jackson\datatype\jackson-datatype-jdk8\2.15.4\jackson-datatype-jdk8-2.15.4.jar;C:\Users\alexc\.m2\repository\com\fasterxml\jackson\datatype\jackson-datatype-jsr310\2.15.4\jackson-datatype-jsr310-2.15.4.jar;C:\Users\alexc\.m2\repository\com\fasterxml\jackson\module\jackson-module-parameter-names\2.15.4\jackson-module-parameter-names-2.15.4.jar;C:\Users\alexc\.m2\repository\org\springframework\boot\spring-boot-starter-tomcat\3.2.5\spring-boot-starter-tomcat-3.2.5.jar;C:\Users\alexc\.m2\repository\org\apache\tomcat\embed\tomcat-embed-core\10.1.20\tomcat-embed-core-10.1.20.jar;C:\Users\alexc\.m2\repository\org\apache\tomcat\embed\tomcat-embed-websocket\10.1.20\tomcat-embed-websocket-10.1.20.jar;C:\Users\alexc\.m2\repository\org\springframework\spring-web\6.1.6\spring-web-6.1.6.jar;C:\Users\alexc\.m2\repository\io\micrometer\micrometer-observation\1.12.5\micrometer-observation-1.12.5.jar;C:\Users\alexc\.m2\repository\io\micrometer\micrometer-commons\1.12.5\micrometer-commons-1.12.5.jar;C:\Users\alexc\.m2\repository\org\springframework\spring-webmvc\6.1.6\spring-webmvc-6.1.6.jar;C:\Users\alexc\.m2\repository\org\springframework\spring-expression\6.1.6\spring-expression-6.1.6.jar;C:\Users\alexc\.m2\repository\org\springframework\boot\spring-boot-devtools\3.2.5\spring-boot-devtools-3.2.5.jar;C:\Users\alexc\.m2\repository\org\springframework\boot\spring-boot\3.2.5\spring-boot-3.2.5.jar;C:\Users\alexc\.m2\repository\org\springframework\boot\spring-boot-autoconfigure\3.2.5\spring-boot-autoconfigure-3.2.5.jar;C:\Users\alexc\.m2\repository\com\mysql\mysql-connector-j\8.3.0\mysql-connector-j-8.3.0.jar;C:\Users\alexc\.m2\repository\org\postgresql\postgresql\42.6.2\postgresql-42.6.2.jar;C:\Users\alexc\.m2\repository\org\checkerframework\checker-qual\3.31.0\checker-qual-3.31.0.jar;C:\Users\alexc\.m2\repository\org\projectlombok\lombok\1.18.32\lombok-1.18.32.jar;C:\Users\alexc\.m2\repository\org\springframework\boot\spring-boot-starter-test\3.2.5\spring-boot-starter-test-3.2.5.jar;C:\Users\alexc\.m2\repository\org\springframework\boot\spring-boot-test\3.2.5\spring-boot-test-3.2.5.jar;C:\Users\alexc\.m2\repository\org\springframework\boot\spring-boot-test-autoconfigure\3.2.5\spring-boot-test-autoconfigure-3.2.5.jar;C:\Users\alexc\.m2\repository\com\jayway\jsonpath\json-path\2.9.0\json-path-2.9.0.jar;C:\Users\alexc\.m2\repository\jakarta\xml\bind\jakarta.xml.bind-api\4.0.2\jakarta.xml.bind-api-4.0.2.jar;C:\Users\alexc\.m2\repository\jakarta\activation\jakarta.activation-api\2.1.3\jakarta.activation-api-2.1.3.jar;C:\Users\alexc\.m2\repository\net\minidev\json-smart\2.5.1\json-smart-2.5.1.jar;C:\Users\alexc\.m2\repository\net\minidev\accessors-smart\2.5.1\accessors-smart-2.5.1.jar;C:\Users\alexc\.m2\repository\org\ow2\asm\asm\9.6\asm-9.6.jar;C:\Users\alexc\.m2\repository\org\assertj\assertj-core\3.24.2\assertj-core-3.24.2.jar;C:\Users\alexc\.m2\repository\org\awaitility\awaitility\4.2.1\awaitility-4.2.1.jar;C:\Users\alexc\.m2\repository\org\hamcrest\hamcrest\2.2\hamcrest-2.2.jar;C:\Users\alexc\.m2\repository\org\junit\jupiter\junit-jupiter\5.10.2\junit-jupiter-5.10.2.jar;C:\Users\alexc\.m2\repository\org\junit\jupiter\junit-jupiter-api\5.10.2\junit-jupiter-api-5.10.2.jar;C:\Users\alexc\.m2\repository\org\opentest4j\opentest4j\1.3.0\opentest4j-1.3.0.jar;C:\Users\alexc\.m2\repository\org\junit\platform\junit-platform-commons\1.10.2\junit-platform-commons-1.10.2.jar;C:\Users\alexc\.m2\repository\org\apiguardian\apiguardian-api\1.1.2\apiguardian-api-1.1.2.jar;C:\Users\alexc\.m2\repository\org\junit\jupiter\junit-jupiter-params\5.10.2\junit-jupiter-params-5.10.2.jar;C:\Users\alexc\.m2\repository\org\junit\jupiter\junit-jupiter-engine\5.10.2\junit-jupiter-engine-5.10.2.jar;C:\Users\alexc\.m2\repository\org\junit\platform\junit-platform-engine\1.10.2\junit-platform-engine-1.10.2.jar;C:\Users\alexc\.m2\repository\org\mockito\mockito-core\5.7.0\mockito-core-5.7.0.jar;C:\Users\alexc\.m2\repository\net\bytebuddy\byte-buddy-agent\1.14.13\byte-buddy-agent-1.14.13.jar;C:\Users\alexc\.m2\repository\org\objenesis\objenesis\3.3\objenesis-3.3.jar;C:\Users\alexc\.m2\repository\org\mockito\mockito-junit-jupiter\5.7.0\mockito-junit-jupiter-5.7.0.jar;C:\Users\alexc\.m2\repository\org\skyscreamer\jsonassert\1.5.1\jsonassert-1.5.1.jar;C:\Users\alexc\.m2\repository\com\vaadin\external\google\android-json\0.0.20131108.vaadin1\android-json-0.0.20131108.vaadin1.jar;C:\Users\alexc\.m2\repository\org\springframework\spring-core\6.1.6\spring-core-6.1.6.jar;C:\Users\alexc\.m2\repository\org\springframework\spring-jcl\6.1.6\spring-jcl-6.1.6.jar;C:\Users\alexc\.m2\repository\org\springframework\spring-test\6.1.6\spring-test-6.1.6.jar;C:\Users\alexc\.m2\repository\org\xmlunit\xmlunit-core\2.9.1\xmlunit-core-2.9.1.jar;, java.vm.vendor=Eclipse Adoptium, sun.arch.data.model=64, user.variant=, java.vendor.url=https://adoptium.net/, user.timezone=America/Mexico_City, jakarta.persistence.sharedCache.mode=UNSPECIFIED, org.jboss.logging.provider=slf4j, java.vm.specification.version=17, os.name=Windows 11, jakarta.persistence.nonJtaDataSource=HikariDataSource (HikariPool-1), sun.java.launcher=SUN_STANDARD, user.country=MX, sun.boot.library.path=C:\Program Files\Spring Tool Suite\sts-4.22.0.RELEASE\plugins\org.eclipse.justj.openjdk.hotspot.jre.full.win32.x86_64_17.0.10.v20240120-1143\jre\bin, sun.java.command=C:\Users\alexc\AppData\Local\Temp\surefire11057645350316599875\surefirebooter-20240629155021349_3.jar C:\Users\alexc\AppData\Local\Temp\surefire11057645350316599875 2024-06-29T15-50-19_261-jvmRun1 surefire-20240629155021349_1tmp surefire_0-20240629155021349_2tmp, javax.persistence.nonJtaDataSource=HikariDataSource (HikariPool-1), hibernate.transaction.jta.platform=org.hibernate.engine.transaction.jta.platform.internal.NoJtaPlatform@3749c2b, jdk.debug=release, surefire.test.class.path=C:\Users\alexc\git\repo-tienda\ProyectoTiendaRopa\target\test-classes;C:\Users\alexc\git\repo-tienda\ProyectoTiendaRopa\target\classes;C:\Users\alexc\.m2\repository\com\itextpdf\itextpdf\5.5.13\itextpdf-5.5.13.jar;C:\Users\alexc\.m2\repository\org\springframework\boot\spring-boot-starter-data-jpa\3.2.5\spring-boot-starter-data-jpa-3.2.5.jar;C:\Users\alexc\.m2\repository\org\springframework\boot\spring-boot-starter-aop\3.2.5\spring-boot-starter-aop-3.2.5.jar;C:\Users\alexc\.m2\repository\org\springframework\spring-aop\6.1.6\spring-aop-6.1.6.jar;C:\Users\alexc\.m2\repository\org\aspectj\aspectjweaver\1.9.22\aspectjweaver-1.9.22.jar;C:\Users\alexc\.m2\repository\org\springframework\boot\spring-boot-starter-jdbc\3.2.5\spring-boot-starter-jdbc-3.2.5.jar;C:\Users\alexc\.m2\repository\com\zaxxer\HikariCP\5.0.1\HikariCP-5.0.1.jar;C:\Users\alexc\.m2\repository\org\springframework\spring-jdbc\6.1.6\spring-jdbc-6.1.6.jar;C:\Users\alexc\.m2\repository\org\hibernate\orm\hibernate-core\6.4.4.Final\hibernate-core-6.4.4.Final.jar;C:\Users\alexc\.m2\repository\jakarta\persistence\jakarta.persistence-api\3.1.0\jakarta.persistence-api-3.1.0.jar;C:\Users\alexc\.m2\repository\jakarta\transaction\jakarta.transaction-api\2.0.1\jakarta.transaction-api-2.0.1.jar;C:\Users\alexc\.m2\repository\org\jboss\logging\jboss-logging\3.5.3.Final\jboss-logging-3.5.3.Final.jar;C:\Users\alexc\.m2\repository\org\hibernate\common\hibernate-commons-annotations\6.0.6.Final\hibernate-commons-annotations-6.0.6.Final.jar;C:\Users\alexc\.m2\repository\io\smallrye\jandex\3.1.2\jandex-3.1.2.jar;C:\Users\alexc\.m2\repository\com\fasterxml\classmate\1.6.0\classmate-1.6.0.jar;C:\Users\alexc\.m2\repository\net\bytebuddy\byte-buddy\1.14.13\byte-buddy-1.14.13.jar;C:\Users\alexc\.m2\repository\org\glassfish\jaxb\jaxb-runtime\4.0.5\jaxb-runtime-4.0.5.jar;C:\Users\alexc\.m2\repository\org\glassfish\jaxb\jaxb-core\4.0.5\jaxb-core-4.0.5.jar;C:\Users\alexc\.m2\repository\org\eclipse\angus\angus-activation\2.0.2\angus-activation-2.0.2.jar;C:\Users\alexc\.m2\repository\org\glassfish\jaxb\txw2\4.0.5\txw2-4.0.5.jar;C:\Users\alexc\.m2\repository\com\sun\istack\istack-commons-runtime\4.1.2\istack-commons-runtime-4.1.2.jar;C:\Users\alexc\.m2\repository\jakarta\inject\jakarta.inject-api\2.0.1\jakarta.inject-api-2.0.1.jar;C:\Users\alexc\.m2\repository\org\antlr\antlr4-runtime\4.13.0\antlr4-runtime-4.13.0.jar;C:\Users\alexc\.m2\repository\org\springframework\data\spring-data-jpa\3.2.5\spring-data-jpa-3.2.5.jar;C:\Users\alexc\.m2\repository\org\springframework\data\spring-data-commons\3.2.5\spring-data-commons-3.2.5.jar;C:\Users\alexc\.m2\repository\org\springframework\spring-orm\6.1.6\spring-orm-6.1.6.jar;C:\Users\alexc\.m2\repository\org\springframework\spring-context\6.1.6\spring-context-6.1.6.jar;C:\Users\alexc\.m2\repository\org\springframework\spring-tx\6.1.6\spring-tx-6.1.6.jar;C:\Users\alexc\.m2\repository\org\springframework\spring-beans\6.1.6\spring-beans-6.1.6.jar;C:\Users\alexc\.m2\repository\jakarta\annotation\jakarta.annotation-api\2.1.1\jakarta.annotation-api-2.1.1.jar;C:\Users\alexc\.m2\repository\org\slf4j\slf4j-api\2.0.13\slf4j-api-2.0.13.jar;C:\Users\alexc\.m2\repository\org\springframework\spring-aspects\6.1.6\spring-aspects-6.1.6.jar;C:\Users\alexc\.m2\repository\org\springframework\boot\spring-boot-starter-validation\3.2.5\spring-boot-starter-validation-3.2.5.jar;C:\Users\alexc\.m2\repository\org\springframework\boot\spring-boot-starter\3.2.5\spring-boot-starter-3.2.5.jar;C:\Users\alexc\.m2\repository\org\springframework\boot\spring-boot-starter-logging\3.2.5\spring-boot-starter-logging-3.2.5.jar;C:\Users\alexc\.m2\repository\ch\qos\logback\logback-classic\1.4.14\logback-classic-1.4.14.jar;C:\Users\alexc\.m2\repository\ch\qos\logback\logback-core\1.4.14\logback-core-1.4.14.jar;C:\Users\alexc\.m2\repository\org\apache\logging\log4j\log4j-to-slf4j\2.21.1\log4j-to-slf4j-2.21.1.jar;C:\Users\alexc\.m2\repository\org\apache\logging\log4j\log4j-api\2.21.1\log4j-api-2.21.1.jar;C:\Users\alexc\.m2\repository\org\slf4j\jul-to-slf4j\2.0.13\jul-to-slf4j-2.0.13.jar;C:\Users\alexc\.m2\repository\org\yaml\snakeyaml\2.2\snakeyaml-2.2.jar;C:\Users\alexc\.m2\repository\org\apache\tomcat\embed\tomcat-embed-el\10.1.20\tomcat-embed-el-10.1.20.jar;C:\Users\alexc\.m2\repository\org\hibernate\validator\hibernate-validator\8.0.1.Final\hibernate-validator-8.0.1.Final.jar;C:\Users\alexc\.m2\repository\jakarta\validation\jakarta.validation-api\3.0.2\jakarta.validation-api-3.0.2.jar;C:\Users\alexc\.m2\repository\org\springframework\boot\spring-boot-starter-web\3.2.5\spring-boot-starter-web-3.2.5.jar;C:\Users\alexc\.m2\repository\org\springframework\boot\spring-boot-starter-json\3.2.5\spring-boot-starter-json-3.2.5.jar;C:\Users\alexc\.m2\repository\com\fasterxml\jackson\core\jackson-databind\2.15.4\jackson-databind-2.15.4.jar;C:\Users\alexc\.m2\repository\com\fasterxml\jackson\core\jackson-annotations\2.15.4\jackson-annotations-2.15.4.jar;C:\Users\alexc\.m2\repository\com\fasterxml\jackson\core\jackson-core\2.15.4\jackson-core-2.15.4.jar;C:\Users\alexc\.m2\repository\com\fasterxml\jackson\datatype\jackson-datatype-jdk8\2.15.4\jackson-datatype-jdk8-2.15.4.jar;C:\Users\alexc\.m2\repository\com\fasterxml\jackson\datatype\jackson-datatype-jsr310\2.15.4\jackson-datatype-jsr310-2.15.4.jar;C:\Users\alexc\.m2\repository\com\fasterxml\jackson\module\jackson-module-parameter-names\2.15.4\jackson-module-parameter-names-2.15.4.jar;C:\Users\alexc\.m2\repository\org\springframework\boot\spring-boot-starter-tomcat\3.2.5\spring-boot-starter-tomcat-3.2.5.jar;C:\Users\alexc\.m2\repository\org\apache\tomcat\embed\tomcat-embed-core\10.1.20\tomcat-embed-core-10.1.20.jar;C:\Users\alexc\.m2\repository\org\apache\tomcat\embed\tomcat-embed-websocket\10.1.20\tomcat-embed-websocket-10.1.20.jar;C:\Users\alexc\.m2\repository\org\springframework\spring-web\6.1.6\spring-web-6.1.6.jar;C:\Users\alexc\.m2\repository\io\micrometer\micrometer-observation\1.12.5\micrometer-observation-1.12.5.jar;C:\Users\alexc\.m2\repository\io\micrometer\micrometer-commons\1.12.5\micrometer-commons-1.12.5.jar;C:\Users\alexc\.m2\repository\org\springframework\spring-webmvc\6.1.6\spring-webmvc-6.1.6.jar;C:\Users\alexc\.m2\repository\org\springframework\spring-expression\6.1.6\spring-expression-6.1.6.jar;C:\Users\alexc\.m2\repository\org\springframework\boot\spring-boot-devtools\3.2.5\spring-boot-devtools-3.2.5.jar;C:\Users\alexc\.m2\repository\org\springframework\boot\spring-boot\3.2.5\spring-boot-3.2.5.jar;C:\Users\alexc\.m2\repository\org\springframework\boot\spring-boot-autoconfigure\3.2.5\spring-boot-autoconfigure-3.2.5.jar;C:\Users\alexc\.m2\repository\com\mysql\mysql-connector-j\8.3.0\mysql-connector-j-8.3.0.jar;C:\Users\alexc\.m2\repository\org\postgresql\postgresql\42.6.2\postgresql-42.6.2.jar;C:\Users\alexc\.m2\repository\org\checkerframework\checker-qual\3.31.0\checker-qual-3.31.0.jar;C:\Users\alexc\.m2\repository\org\projectlombok\lombok\1.18.32\lombok-1.18.32.jar;C:\Users\alexc\.m2\repository\org\springframework\boot\spring-boot-starter-test\3.2.5\spring-boot-starter-test-3.2.5.jar;C:\Users\alexc\.m2\repository\org\springframework\boot\spring-boot-test\3.2.5\spring-boot-test-3.2.5.jar;C:\Users\alexc\.m2\repository\org\springframework\boot\spring-boot-test-autoconfigure\3.2.5\spring-boot-test-autoconfigure-3.2.5.jar;C:\Users\alexc\.m2\repository\com\jayway\jsonpath\json-path\2.9.0\json-path-2.9.0.jar;C:\Users\alexc\.m2\repository\jakarta\xml\bind\jakarta.xml.bind-api\4.0.2\jakarta.xml.bind-api-4.0.2.jar;C:\Users\alexc\.m2\repository\jakarta\activation\jakarta.activation-api\2.1.3\jakarta.activation-api-2.1.3.jar;C:\Users\alexc\.m2\repository\net\minidev\json-smart\2.5.1\json-smart-2.5.1.jar;C:\Users\alexc\.m2\repository\net\minidev\accessors-smart\2.5.1\accessors-smart-2.5.1.jar;C:\Users\alexc\.m2\repository\org\ow2\asm\asm\9.6\asm-9.6.jar;C:\Users\alexc\.m2\repository\org\assertj\assertj-core\3.24.2\assertj-core-3.24.2.jar;C:\Users\alexc\.m2\repository\org\awaitility\awaitility\4.2.1\awaitility-4.2.1.jar;C:\Users\alexc\.m2\repository\org\hamcrest\hamcrest\2.2\hamcrest-2.2.jar;C:\Users\alexc\.m2\repository\org\junit\jupiter\junit-jupiter\5.10.2\junit-jupiter-5.10.2.jar;C:\Users\alexc\.m2\repository\org\junit\jupiter\junit-jupiter-api\5.10.2\junit-jupiter-api-5.10.2.jar;C:\Users\alexc\.m2\repository\org\opentest4j\opentest4j\1.3.0\opentest4j-1.3.0.jar;C:\Users\alexc\.m2\repository\org\junit\platform\junit-platform-commons\1.10.2\junit-platform-commons-1.10.2.jar;C:\Users\alexc\.m2\repository\org\apiguardian\apiguardian-api\1.1.2\apiguardian-api-1.1.2.jar;C:\Users\alexc\.m2\repository\org\junit\jupiter\junit-jupiter-params\5.10.2\junit-jupiter-params-5.10.2.jar;C:\Users\alexc\.m2\repository\org\junit\jupiter\junit-jupiter-engine\5.10.2\junit-jupiter-engine-5.10.2.jar;C:\Users\alexc\.m2\repository\org\junit\platform\junit-platform-engine\1.10.2\junit-platform-engine-1.10.2.jar;C:\Users\alexc\.m2\repository\org\mockito\mockito-core\5.7.0\mockito-core-5.7.0.jar;C:\Users\alexc\.m2\repository\net\bytebuddy\byte-buddy-agent\1.14.13\byte-buddy-agent-1.14.13.jar;C:\Users\alexc\.m2\repository\org\objenesis\objenesis\3.3\objenesis-3.3.jar;C:\Users\alexc\.m2\repository\org\mockito\mockito-junit-jupiter\5.7.0\mockito-junit-jupiter-5.7.0.jar;C:\Users\alexc\.m2\repository\org\skyscreamer\jsonassert\1.5.1\jsonassert-1.5.1.jar;C:\Users\alexc\.m2\repository\com\vaadin\external\google\android-json\0.0.20131108.vaadin1\android-json-0.0.20131108.vaadin1.jar;C:\Users\alexc\.m2\repository\org\springframework\spring-core\6.1.6\spring-core-6.1.6.jar;C:\Users\alexc\.m2\repository\org\springframework\spring-jcl\6.1.6\spring-jcl-6.1.6.jar;C:\Users\alexc\.m2\repository\org\springframework\spring-test\6.1.6\spring-test-6.1.6.jar;C:\Users\alexc\.m2\repository\org\xmlunit\xmlunit-core\2.9.1\xmlunit-core-2.9.1.jar;, sun.cpu.endian=little, hibernate.cdi.extensions=true, user.home=C:\Users\alexc, user.language=es, java.specification.vendor=Oracle Corporation, java.version.date=2024-01-16, java.home=C:\Program Files\Spring Tool Suite\sts-4.22.0.RELEASE\plugins\org.eclipse.justj.openjdk.hotspot.jre.full.win32.x86_64_17.0.10.v20240120-1143\jre, file.separator=\, basedir=C:\Users\alexc\git\repo-tienda\ProyectoTiendaRopa, style.color=always, java.vm.compressedOopsMode=Zero based, line.separator=
, hibernate.persistenceUnitName=default, java.vm.specification.vendor=Oracle Corporation, java.specification.name=Java Platform API Specification, FILE_LOG_CHARSET=windows-1252, hibernate.transaction.coordinator_class=class org.hibernate.resource.transaction.backend.jdbc.internal.JdbcResourceLocalTransactionCoordinatorBuilderImpl, java.awt.headless=true, surefire.real.class.path=C:\Users\alexc\AppData\Local\Temp\surefire11057645350316599875\surefirebooter-20240629155021349_3.jar, jakarta.persistence.validation.mode=AUTO, hibernate.hbm2ddl.auto=update, user.script=, sun.management.compiler=HotSpot 64-Bit Tiered Compilers, java.runtime.version=17.0.10+7, user.name=alexc, path.separator=;, os.version=10.0, java.runtime.name=OpenJDK Runtime Environment, file.encoding=Cp1252, java.vm.name=OpenJDK 64-Bit Server VM, hibernate.show_sql=true, java.vendor.version=Temurin-17.0.10+7, localRepository=C:\Users\alexc\.m2\repository, java.vendor.url.bug=https://github.com/adoptium/adoptium-support/issues, java.io.tmpdir=C:\Users\alexc\AppData\Local\Temp\, java.version=17.0.10, hibernate.physical_naming_strategy=org.hibernate.boot.model.naming.PhysicalNamingStrategyStandardImpl, user.dir=C:\Users\alexc\git\repo-tienda\ProyectoTiendaRopa, os.arch=amd64, java.vm.specification.name=Java Virtual Machine Specification, PID=24748, sun.os.patch.level=, CONSOLE_LOG_CHARSET=windows-1252, hibernate.boot.CfgXmlAccessService.key=org.hibernate.boot.registry.StandardServiceRegistryBuilder$1@32e65852, native.encoding=Cp1252, java.library.path=C:\Program Files\Spring Tool Suite\sts-4.22.0.RELEASE\plugins\org.eclipse.justj.openjdk.hotspot.jre.full.win32.x86_64_17.0.10.v20240120-1143\jre\bin;C:\WINDOWS\Sun\Java\bin;C:\WINDOWS\system32;C:\WINDOWS;C:/Program Files/Spring Tool Suite/sts-4.22.0.RELEASE//plugins/org.eclipse.justj.openjdk.hotspot.jre.full.win32.x86_64_17.0.10.v20240120-1143/jre/bin/server;C:/Program Files/Spring Tool Suite/sts-4.22.0.RELEASE//plugins/org.eclipse.justj.openjdk.hotspot.jre.full.win32.x86_64_17.0.10.v20240120-1143/jre/bin;C:\windows\system32;C:\windows;C:\windows\System32\Wbem;C:\windows\System32\WindowsPowerShell\v1.0\;C:\windows\System32\OpenSSH\;C:\Program Files (x86)\NVIDIA Corporation\PhysX\Common;C:\MinGW\bin;C:\Program Files\MySQL\MySQL Server 8.0\bin;C:\Program Files\NVIDIA Corporation\NVIDIA NvDLISR;C:\Program Files\MATLAB\R2022b\bin;C:\GnuWin32\bin;C:\Program Files (x86)\IVI Foundation\VISA\WinNT\Bin\;C:\Program Files\IVI Foundation\VISA\Win64\Bin\;C:\Program Files (x86)\National Instruments\Shared\LabVIEW CLI;C:\Program Files (x86)\IVI Foundation\VISA\WinNT\Bin;C:\WINDOWS\system32;C:\WINDOWS;C:\WINDOWS\System32\Wbem;C:\WINDOWS\System32\WindowsPowerShell\v1.0\;C:\WINDOWS\System32\OpenSSH\;K:\Microchip\xc8\v2.40\bin;C:\Program Files\Docker\Docker\resources\bin;C:\Program Files\Graphviz\bin;C:\Program Files\HP\HP One Agent;C:\Program Files\Java\jdk-17\bin;C:\Program Files\nodejs\;C:\Program Files\Git\cmd;C:\Users\alexc\AppData\Local\Programs\Python\Python37\Scripts\;C:\Users\alexc\AppData\Local\Programs\Python\Python37\;C:\Users\alexc\AppData\Local\Microsoft\WindowsApps;C:\Users\alexc\AppData\Local\Programs\Microsoft VS Code\bin;C:\Users\alexc\AppData\Local\GitHubDesktop\bin;C:\Program Files\heroku\bin;C:\intelFPGA\20.1\modelsim_ase\win32aloem;C:\Program Files\MySQL\MySQL Server 8.0\bin\;;K:\Pycharm\PyCharm Community Edition 2022.3.2\bin;;C:\Users\alexc\AppData\Roaming\npm;C:\Program Files\Spring Tool Suite\sts-4.22.0.RELEASE;;., java.vendor=Eclipse Adoptium, java.vm.info=mixed mode, java.vm.version=17.0.10+7, sun.io.unicode.encoding=UnicodeLittle, hibernate.archive.scanner=org.hibernate.boot.archive.scan.internal.DisabledScanner, hibernate.connection.datasource=HikariDataSource (HikariPool-1), java.class.version=61.0, LOGGED_APPLICATION_NAME=[ProyectoTiendaRopa] }
2024-06-29T15:50:31.997-06:00 DEBUG 24748 --- [ProyectoTiendaRopa] [           main] o.hibernate.internal.SessionFactoryImpl  : Session factory constructed with filter configurations : {}
2024-06-29T15:50:32.004-06:00 DEBUG 24748 --- [ProyectoTiendaRopa] [           main] o.h.v.i.xml.config.ValidationXmlParser   : Trying to load META-INF/validation.xml for XML based Validator configuration.
2024-06-29T15:50:32.004-06:00 DEBUG 24748 --- [ProyectoTiendaRopa] [           main] o.h.v.i.xml.config.ResourceLoaderHelper  : Trying to load META-INF/validation.xml via TCCL
2024-06-29T15:50:32.004-06:00 DEBUG 24748 --- [ProyectoTiendaRopa] [           main] o.h.v.i.xml.config.ResourceLoaderHelper  : Trying to load META-INF/validation.xml via Hibernate Validator's class loader
2024-06-29T15:50:32.004-06:00 DEBUG 24748 --- [ProyectoTiendaRopa] [           main] o.h.v.i.xml.config.ValidationXmlParser   : No META-INF/validation.xml found. Using annotation based configuration only.
2024-06-29T15:50:32.004-06:00 DEBUG 24748 --- [ProyectoTiendaRopa] [           main] o.h.v.i.e.resolver.TraversableResolvers  : Found jakarta.persistence.Persistence on classpath containing 'getPersistenceUtil'. Assuming JPA 2 environment. Trying to instantiate JPA aware TraversableResolver
2024-06-29T15:50:32.004-06:00 DEBUG 24748 --- [ProyectoTiendaRopa] [           main] o.h.v.i.e.resolver.TraversableResolvers  : Instantiated JPA aware TraversableResolver of type org.hibernate.validator.internal.engine.resolver.JPATraversableResolver.
2024-06-29T15:50:32.004-06:00 DEBUG 24748 --- [ProyectoTiendaRopa] [           main] .h.v.m.ResourceBundleMessageInterpolator : Loaded expression factory via original TCCL
2024-06-29T15:50:32.006-06:00 DEBUG 24748 --- [ProyectoTiendaRopa] [           main] .i.e.ValidatorFactoryConfigurationHelper : HV000252: Using org.hibernate.validator.internal.engine.DefaultPropertyNodeNameProvider as property node name provider.
2024-06-29T15:50:32.006-06:00 DEBUG 24748 --- [ProyectoTiendaRopa] [           main] .i.e.ValidatorFactoryConfigurationHelper : HV000234: Using org.hibernate.validator.messageinterpolation.ResourceBundleMessageInterpolator as ValidatorFactory-scoped message interpolator.
2024-06-29T15:50:32.006-06:00 DEBUG 24748 --- [ProyectoTiendaRopa] [           main] .i.e.ValidatorFactoryConfigurationHelper : HV000234: Using org.hibernate.validator.internal.engine.resolver.JPATraversableResolver as ValidatorFactory-scoped traversable resolver.
2024-06-29T15:50:32.006-06:00 DEBUG 24748 --- [ProyectoTiendaRopa] [           main] .i.e.ValidatorFactoryConfigurationHelper : HV000234: Using org.hibernate.validator.internal.util.ExecutableParameterNameProvider as ValidatorFactory-scoped parameter name provider.
2024-06-29T15:50:32.006-06:00 DEBUG 24748 --- [ProyectoTiendaRopa] [           main] .i.e.ValidatorFactoryConfigurationHelper : HV000234: Using org.hibernate.validator.internal.engine.DefaultClockProvider as ValidatorFactory-scoped clock provider.
2024-06-29T15:50:32.006-06:00 DEBUG 24748 --- [ProyectoTiendaRopa] [           main] .i.e.ValidatorFactoryConfigurationHelper : HV000234: Using org.hibernate.validator.internal.engine.scripting.DefaultScriptEvaluatorFactory as ValidatorFactory-scoped script evaluator factory.
2024-06-29T15:50:32.008-06:00 DEBUG 24748 --- [ProyectoTiendaRopa] [           main] o.h.boot.internal.ClassLoaderAccessImpl  : Not known whether passed class name [com.ipn.mx.modelo.entidades.Historial] is safe
2024-06-29T15:50:32.008-06:00 DEBUG 24748 --- [ProyectoTiendaRopa] [           main] o.h.boot.internal.ClassLoaderAccessImpl  : No temp ClassLoader provided; using live ClassLoader for loading potentially unsafe class : com.ipn.mx.modelo.entidades.Historial
2024-06-29T15:50:32.041-06:00 DEBUG 24748 --- [ProyectoTiendaRopa] [           main] o.h.boot.internal.ClassLoaderAccessImpl  : Not known whether passed class name [com.ipn.mx.modelo.entidades.Pago] is safe
2024-06-29T15:50:32.041-06:00 DEBUG 24748 --- [ProyectoTiendaRopa] [           main] o.h.boot.internal.ClassLoaderAccessImpl  : No temp ClassLoader provided; using live ClassLoader for loading potentially unsafe class : com.ipn.mx.modelo.entidades.Pago
2024-06-29T15:50:32.043-06:00 DEBUG 24748 --- [ProyectoTiendaRopa] [           main] o.h.boot.internal.ClassLoaderAccessImpl  : Not known whether passed class name [com.ipn.mx.modelo.entidades.Pedido] is safe
2024-06-29T15:50:32.044-06:00 DEBUG 24748 --- [ProyectoTiendaRopa] [           main] o.h.boot.internal.ClassLoaderAccessImpl  : No temp ClassLoader provided; using live ClassLoader for loading potentially unsafe class : com.ipn.mx.modelo.entidades.Pedido
2024-06-29T15:50:32.049-06:00 DEBUG 24748 --- [ProyectoTiendaRopa] [           main] o.h.boot.internal.ClassLoaderAccessImpl  : Not known whether passed class name [com.ipn.mx.modelo.entidades.Categoria] is safe
2024-06-29T15:50:32.049-06:00 DEBUG 24748 --- [ProyectoTiendaRopa] [           main] o.h.boot.internal.ClassLoaderAccessImpl  : No temp ClassLoader provided; using live ClassLoader for loading potentially unsafe class : com.ipn.mx.modelo.entidades.Categoria
2024-06-29T15:50:32.051-06:00 DEBUG 24748 --- [ProyectoTiendaRopa] [           main] o.h.boot.internal.ClassLoaderAccessImpl  : Not known whether passed class name [com.ipn.mx.modelo.entidades.Cliente] is safe
2024-06-29T15:50:32.051-06:00 DEBUG 24748 --- [ProyectoTiendaRopa] [           main] o.h.boot.internal.ClassLoaderAccessImpl  : No temp ClassLoader provided; using live ClassLoader for loading potentially unsafe class : com.ipn.mx.modelo.entidades.Cliente
2024-06-29T15:50:32.053-06:00 DEBUG 24748 --- [ProyectoTiendaRopa] [           main] o.h.boot.internal.ClassLoaderAccessImpl  : Not known whether passed class name [com.ipn.mx.modelo.entidades.Envio] is safe
2024-06-29T15:50:32.053-06:00 DEBUG 24748 --- [ProyectoTiendaRopa] [           main] o.h.boot.internal.ClassLoaderAccessImpl  : No temp ClassLoader provided; using live ClassLoader for loading potentially unsafe class : com.ipn.mx.modelo.entidades.Envio
2024-06-29T15:50:32.055-06:00 DEBUG 24748 --- [ProyectoTiendaRopa] [           main] o.h.boot.internal.ClassLoaderAccessImpl  : Not known whether passed class name [com.ipn.mx.modelo.entidades.Producto] is safe
2024-06-29T15:50:32.055-06:00 DEBUG 24748 --- [ProyectoTiendaRopa] [           main] o.h.boot.internal.ClassLoaderAccessImpl  : No temp ClassLoader provided; using live ClassLoader for loading potentially unsafe class : com.ipn.mx.modelo.entidades.Producto
2024-06-29T15:50:32.058-06:00 DEBUG 24748 --- [ProyectoTiendaRopa] [           main] o.h.boot.internal.ClassLoaderAccessImpl  : Not known whether passed class name [com.ipn.mx.modelo.entidades.Promocion] is safe
2024-06-29T15:50:32.059-06:00 DEBUG 24748 --- [ProyectoTiendaRopa] [           main] o.h.boot.internal.ClassLoaderAccessImpl  : No temp ClassLoader provided; using live ClassLoader for loading potentially unsafe class : com.ipn.mx.modelo.entidades.Promocion
2024-06-29T15:50:32.061-06:00 DEBUG 24748 --- [ProyectoTiendaRopa] [           main] .h.s.i.SessionFactoryServiceRegistryImpl : EventListenerRegistry access via ServiceRegistry is deprecated.  Use `sessionFactory.getEventEngine().getListenerRegistry()` instead
2024-06-29T15:50:32.099-06:00 DEBUG 24748 --- [ProyectoTiendaRopa] [           main] o.h.q.sqm.function.SqmFunctionRegistry   : Registered SqmFunctionTemplate [NamedSqmFunctionTemplate(max)] under max; prior registration was null
2024-06-29T15:50:32.100-06:00 DEBUG 24748 --- [ProyectoTiendaRopa] [           main] o.h.q.sqm.function.SqmFunctionRegistry   : Registered SqmFunctionTemplate [NamedSqmFunctionTemplate(min)] under min; prior registration was null
2024-06-29T15:50:32.100-06:00 DEBUG 24748 --- [ProyectoTiendaRopa] [           main] o.h.q.sqm.function.SqmFunctionRegistry   : Registered SqmFunctionTemplate [NamedSqmFunctionTemplate(sum)] under sum; prior registration was null
2024-06-29T15:50:32.101-06:00 DEBUG 24748 --- [ProyectoTiendaRopa] [           main] o.h.q.sqm.function.SqmFunctionRegistry   : Registered SqmFunctionTemplate [NamedSqmFunctionTemplate(avg)] under avg; prior registration was null
2024-06-29T15:50:32.102-06:00 DEBUG 24748 --- [ProyectoTiendaRopa] [           main] o.h.q.sqm.function.SqmFunctionRegistry   : Registered SqmFunctionTemplate [org.hibernate.dialect.function.CountFunction@12bcf7c6] under count; prior registration was null
2024-06-29T15:50:32.103-06:00 DEBUG 24748 --- [ProyectoTiendaRopa] [           main] o.h.q.sqm.function.SqmFunctionRegistry   : Registered SqmFunctionTemplate [org.hibernate.dialect.function.EveryAnyEmulation@579dde54] under every; prior registration was null
2024-06-29T15:50:32.103-06:00 DEBUG 24748 --- [ProyectoTiendaRopa] [           main] o.h.q.sqm.function.SqmFunctionRegistry   : Registered SqmFunctionTemplate [org.hibernate.dialect.function.EveryAnyEmulation@30b9728f] under any; prior registration was null
2024-06-29T15:50:32.103-06:00 DEBUG 24748 --- [ProyectoTiendaRopa] [           main] o.h.q.sqm.function.SqmFunctionRegistry   : Registered SqmFunctionTemplate [NamedSqmFunctionTemplate(floor)] under floor; prior registration was null
2024-06-29T15:50:32.103-06:00 DEBUG 24748 --- [ProyectoTiendaRopa] [           main] o.h.q.sqm.function.SqmFunctionRegistry   : Registered SqmFunctionTemplate [NamedSqmFunctionTemplate(ceiling)] under ceiling; prior registration was null
2024-06-29T15:50:32.104-06:00 DEBUG 24748 --- [ProyectoTiendaRopa] [           main] o.h.q.sqm.function.SqmFunctionRegistry   : Registered SqmFunctionTemplate [NamedSqmFunctionTemplate(mod)] under mod; prior registration was null
2024-06-29T15:50:32.104-06:00 DEBUG 24748 --- [ProyectoTiendaRopa] [           main] o.h.q.sqm.function.SqmFunctionRegistry   : Registered SqmFunctionTemplate [NamedSqmFunctionTemplate(abs)] under abs; prior registration was null
2024-06-29T15:50:32.104-06:00 DEBUG 24748 --- [ProyectoTiendaRopa] [           main] o.h.q.sqm.function.SqmFunctionRegistry   : Registered SqmFunctionTemplate [NamedSqmFunctionTemplate(sign)] under sign; prior registration was null
2024-06-29T15:50:32.104-06:00 DEBUG 24748 --- [ProyectoTiendaRopa] [           main] o.h.q.sqm.function.SqmFunctionRegistry   : Registered SqmFunctionTemplate [NamedSqmFunctionTemplate(sqrt)] under sqrt; prior registration was null
2024-06-29T15:50:32.104-06:00 DEBUG 24748 --- [ProyectoTiendaRopa] [           main] o.h.q.sqm.function.SqmFunctionRegistry   : Registered SqmFunctionTemplate [NamedSqmFunctionTemplate(ln)] under ln; prior registration was null
2024-06-29T15:50:32.104-06:00 DEBUG 24748 --- [ProyectoTiendaRopa] [           main] o.h.q.sqm.function.SqmFunctionRegistry   : Registered SqmFunctionTemplate [NamedSqmFunctionTemplate(exp)] under exp; prior registration was null
2024-06-29T15:50:32.104-06:00 DEBUG 24748 --- [ProyectoTiendaRopa] [           main] o.h.q.sqm.function.SqmFunctionRegistry   : Registered SqmFunctionTemplate [NamedSqmFunctionTemplate(power)] under power; prior registration was null
2024-06-29T15:50:32.104-06:00 DEBUG 24748 --- [ProyectoTiendaRopa] [           main] o.h.q.sqm.function.SqmFunctionRegistry   : Registered SqmFunctionTemplate [NamedSqmFunctionTemplate(round)] under round; prior registration was null
2024-06-29T15:50:32.104-06:00 DEBUG 24748 --- [ProyectoTiendaRopa] [           main] o.h.q.sqm.function.SqmFunctionRegistry   : Registered SqmFunctionTemplate [NamedSqmFunctionTemplate(sin)] under sin; prior registration was null
2024-06-29T15:50:32.104-06:00 DEBUG 24748 --- [ProyectoTiendaRopa] [           main] o.h.q.sqm.function.SqmFunctionRegistry   : Registered SqmFunctionTemplate [NamedSqmFunctionTemplate(cos)] under cos; prior registration was null
2024-06-29T15:50:32.104-06:00 DEBUG 24748 --- [ProyectoTiendaRopa] [           main] o.h.q.sqm.function.SqmFunctionRegistry   : Registered SqmFunctionTemplate [NamedSqmFunctionTemplate(tan)] under tan; prior registration was null
2024-06-29T15:50:32.104-06:00 DEBUG 24748 --- [ProyectoTiendaRopa] [           main] o.h.q.sqm.function.SqmFunctionRegistry   : Registered SqmFunctionTemplate [NamedSqmFunctionTemplate(asin)] under asin; prior registration was null
2024-06-29T15:50:32.104-06:00 DEBUG 24748 --- [ProyectoTiendaRopa] [           main] o.h.q.sqm.function.SqmFunctionRegistry   : Registered SqmFunctionTemplate [NamedSqmFunctionTemplate(acos)] under acos; prior registration was null
2024-06-29T15:50:32.104-06:00 DEBUG 24748 --- [ProyectoTiendaRopa] [           main] o.h.q.sqm.function.SqmFunctionRegistry   : Registered SqmFunctionTemplate [NamedSqmFunctionTemplate(atan)] under atan; prior registration was null
2024-06-29T15:50:32.104-06:00 DEBUG 24748 --- [ProyectoTiendaRopa] [           main] o.h.q.sqm.function.SqmFunctionRegistry   : Registered SqmFunctionTemplate [NamedSqmFunctionTemplate(atan2)] under atan2; prior registration was null
2024-06-29T15:50:32.105-06:00 DEBUG 24748 --- [ProyectoTiendaRopa] [           main] o.h.q.sqm.function.SqmFunctionRegistry   : Registered SqmFunctionTemplate [org.hibernate.query.sqm.function.PatternBasedSqmFunctionDescriptor@17e6b7e4] under sinh; prior registration was null
2024-06-29T15:50:32.106-06:00 DEBUG 24748 --- [ProyectoTiendaRopa] [           main] o.h.q.sqm.function.SqmFunctionRegistry   : Registered SqmFunctionTemplate [org.hibernate.query.sqm.function.PatternBasedSqmFunctionDescriptor@44c27b8b] under cosh; prior registration was null
2024-06-29T15:50:32.106-06:00 DEBUG 24748 --- [ProyectoTiendaRopa] [           main] o.h.q.sqm.function.SqmFunctionRegistry   : Registered SqmFunctionTemplate [org.hibernate.query.sqm.function.PatternBasedSqmFunctionDescriptor@b842275] under tanh; prior registration was null
2024-06-29T15:50:32.106-06:00 DEBUG 24748 --- [ProyectoTiendaRopa] [           main] o.h.q.sqm.function.SqmFunctionRegistry   : Registered SqmFunctionTemplate [org.hibernate.query.sqm.function.PatternBasedSqmFunctionDescriptor@33399052] under pi; prior registration was null
2024-06-29T15:50:32.106-06:00 DEBUG 24748 --- [ProyectoTiendaRopa] [           main] o.h.q.sqm.function.SqmFunctionRegistry   : Registered SqmFunctionTemplate [org.hibernate.query.sqm.function.PatternBasedSqmFunctionDescriptor@11c25846] under log; prior registration was null
2024-06-29T15:50:32.106-06:00 DEBUG 24748 --- [ProyectoTiendaRopa] [           main] o.h.q.sqm.function.SqmFunctionRegistry   : Registered SqmFunctionTemplate [NamedSqmFunctionTemplate(coalesce)] under coalesce; prior registration was null
2024-06-29T15:50:32.106-06:00 DEBUG 24748 --- [ProyectoTiendaRopa] [           main] o.h.q.sqm.function.SqmFunctionRegistry   : Registered SqmFunctionTemplate [NamedSqmFunctionTemplate(nullif)] under nullif; prior registration was null
2024-06-29T15:50:32.106-06:00 DEBUG 24748 --- [ProyectoTiendaRopa] [           main] o.h.q.sqm.function.SqmFunctionRegistry   : Registered SqmFunctionTemplate [NamedSqmFunctionTemplate(left)] under left; prior registration was null
2024-06-29T15:50:32.106-06:00 DEBUG 24748 --- [ProyectoTiendaRopa] [           main] o.h.q.sqm.function.SqmFunctionRegistry   : Registered SqmFunctionTemplate [NamedSqmFunctionTemplate(right)] under right; prior registration was null
2024-06-29T15:50:32.106-06:00 DEBUG 24748 --- [ProyectoTiendaRopa] [           main] o.h.q.sqm.function.SqmFunctionRegistry   : Registered SqmFunctionTemplate [NamedSqmFunctionTemplate(replace)] under replace; prior registration was null
2024-06-29T15:50:32.106-06:00 DEBUG 24748 --- [ProyectoTiendaRopa] [           main] o.h.q.sqm.function.SqmFunctionRegistry   : Registered SqmFunctionTemplate [NamedSqmFunctionTemplate(concat)] under concat; prior registration was null
2024-06-29T15:50:32.106-06:00 DEBUG 24748 --- [ProyectoTiendaRopa] [           main] o.h.q.sqm.function.SqmFunctionRegistry   : Registered SqmFunctionTemplate [NamedSqmFunctionTemplate(lower)] under lower; prior registration was null
2024-06-29T15:50:32.106-06:00 DEBUG 24748 --- [ProyectoTiendaRopa] [           main] o.h.q.sqm.function.SqmFunctionRegistry   : Registered SqmFunctionTemplate [NamedSqmFunctionTemplate(upper)] under upper; prior registration was null
2024-06-29T15:50:32.106-06:00 DEBUG 24748 --- [ProyectoTiendaRopa] [           main] o.h.q.sqm.function.SqmFunctionRegistry   : Registered SqmFunctionTemplate [NamedSqmFunctionTemplate(substring)] under substring; prior registration was null
2024-06-29T15:50:32.106-06:00 DEBUG 24748 --- [ProyectoTiendaRopa] [           main] o.h.q.sqm.function.SqmFunctionRegistry   : Registered SqmFunctionTemplate [NamedSqmFunctionTemplate(locate)] under locate; prior registration was null
2024-06-29T15:50:32.106-06:00 DEBUG 24748 --- [ProyectoTiendaRopa] [           main] o.h.q.sqm.function.SqmFunctionRegistry   : Registered SqmFunctionTemplate [NamedSqmFunctionTemplate(character_length)] under character_length; prior registration was null
2024-06-29T15:50:32.106-06:00 DEBUG 24748 --- [ProyectoTiendaRopa] [           main] o.h.q.sqm.function.SqmFunctionRegistry   : Registering alternate key : length -> character_length
2024-06-29T15:50:32.107-06:00 DEBUG 24748 --- [ProyectoTiendaRopa] [           main] o.h.q.sqm.function.SqmFunctionRegistry   : Registered SqmFunctionTemplate [org.hibernate.dialect.function.LocatePositionEmulation@61288814] under position; prior registration was null
2024-06-29T15:50:32.109-06:00 DEBUG 24748 --- [ProyectoTiendaRopa] [           main] o.h.q.sqm.function.SqmFunctionRegistry   : Registered SqmFunctionTemplate [org.hibernate.dialect.function.InsertSubstringOverlayEmulation@1b732dd] under overlay; prior registration was null
2024-06-29T15:50:32.109-06:00 DEBUG 24748 --- [ProyectoTiendaRopa] [           main] o.h.q.sqm.function.SqmFunctionRegistry   : Registered SqmFunctionTemplate [org.hibernate.dialect.function.TrimFunction@61be6051] under trim; prior registration was null
2024-06-29T15:50:32.110-06:00 DEBUG 24748 --- [ProyectoTiendaRopa] [           main] o.h.q.sqm.function.SqmFunctionRegistry   : Registered SqmFunctionTemplate [org.hibernate.dialect.function.CastFunction@37e64e37] under cast; prior registration was null
2024-06-29T15:50:32.111-06:00 DEBUG 24748 --- [ProyectoTiendaRopa] [           main] o.h.q.sqm.function.SqmFunctionRegistry   : Registered SqmFunctionTemplate [org.hibernate.query.sqm.function.PatternBasedSqmFunctionDescriptor@31204303] under collate; prior registration was null
2024-06-29T15:50:32.111-06:00 DEBUG 24748 --- [ProyectoTiendaRopa] [           main] o.h.q.sqm.function.SqmFunctionRegistry   : Registered SqmFunctionTemplate [org.hibernate.dialect.function.ExtractFunction@3e839aa3] under extract; prior registration was null
2024-06-29T15:50:32.112-06:00 DEBUG 24748 --- [ProyectoTiendaRopa] [           main] o.h.q.sqm.function.SqmFunctionRegistry   : Registered SqmFunctionTemplate [NamedSqmFunctionTemplate(least)] under least; prior registration was null
2024-06-29T15:50:32.112-06:00 DEBUG 24748 --- [ProyectoTiendaRopa] [           main] o.h.q.sqm.function.SqmFunctionRegistry   : Registered SqmFunctionTemplate [NamedSqmFunctionTemplate(greatest)] under greatest; prior registration was null
2024-06-29T15:50:32.112-06:00 DEBUG 24748 --- [ProyectoTiendaRopa] [           main] o.h.q.sqm.function.SqmFunctionRegistry   : Registered SqmFunctionTemplate [org.hibernate.dialect.function.CoalesceIfnullEmulation@416d90f0] under ifnull; prior registration was null
2024-06-29T15:50:32.112-06:00 DEBUG 24748 --- [ProyectoTiendaRopa] [           main] o.h.q.sqm.function.SqmFunctionRegistry   : Registered SqmFunctionTemplate [NamedSqmFunctionTemplate(lpad)] under lpad; prior registration was null
2024-06-29T15:50:32.112-06:00 DEBUG 24748 --- [ProyectoTiendaRopa] [           main] o.h.q.sqm.function.SqmFunctionRegistry   : Registered SqmFunctionTemplate [NamedSqmFunctionTemplate(rpad)] under rpad; prior registration was null
2024-06-29T15:50:32.112-06:00 DEBUG 24748 --- [ProyectoTiendaRopa] [           main] o.h.q.sqm.function.SqmFunctionRegistry   : Registered SqmFunctionTemplate [org.hibernate.dialect.function.LpadRpadPadEmulation@9d2af36] under pad; prior registration was null
2024-06-29T15:50:32.113-06:00 DEBUG 24748 --- [ProyectoTiendaRopa] [           main] o.h.q.sqm.function.SqmFunctionRegistry   : Registered SqmFunctionTemplate [org.hibernate.dialect.function.CastStrEmulation@6d6712b7] under str; prior registration was null
2024-06-29T15:50:32.114-06:00 DEBUG 24748 --- [ProyectoTiendaRopa] [           main] o.h.q.sqm.function.SqmFunctionRegistry   : Registered SqmFunctionTemplate [org.hibernate.dialect.function.FormatFunction@32298473] under format; prior registration was null
2024-06-29T15:50:32.114-06:00 DEBUG 24748 --- [ProyectoTiendaRopa] [           main] o.h.q.sqm.function.SqmFunctionRegistry   : Registered SqmFunctionTemplate [org.hibernate.dialect.function.TimestampaddFunction@38394dc3] under timestampadd; prior registration was null
2024-06-29T15:50:32.116-06:00 DEBUG 24748 --- [ProyectoTiendaRopa] [           main] o.h.q.sqm.function.SqmFunctionRegistry   : Registered SqmFunctionTemplate [org.hibernate.dialect.function.TimestampdiffFunction@467a2584] under timestampdiff; prior registration was null
2024-06-29T15:50:32.116-06:00 DEBUG 24748 --- [ProyectoTiendaRopa] [           main] o.h.q.sqm.function.SqmFunctionRegistry   : Registering alternate key : dateadd -> timestampadd
2024-06-29T15:50:32.116-06:00 DEBUG 24748 --- [ProyectoTiendaRopa] [           main] o.h.q.sqm.function.SqmFunctionRegistry   : Registering alternate key : datediff -> timestampdiff
2024-06-29T15:50:32.116-06:00 DEBUG 24748 --- [ProyectoTiendaRopa] [           main] o.h.q.sqm.function.SqmFunctionRegistry   : Registered SqmFunctionTemplate [org.hibernate.dialect.function.CurrentFunction@4d16975b] under current_date; prior registration was null
2024-06-29T15:50:32.117-06:00 DEBUG 24748 --- [ProyectoTiendaRopa] [           main] o.h.q.sqm.function.SqmFunctionRegistry   : Registered SqmFunctionTemplate [org.hibernate.dialect.function.CurrentFunction@425f94d7] under current_time; prior registration was null
2024-06-29T15:50:32.117-06:00 DEBUG 24748 --- [ProyectoTiendaRopa] [           main] o.h.q.sqm.function.SqmFunctionRegistry   : Registered SqmFunctionTemplate [org.hibernate.dialect.function.CurrentFunction@378c48c1] under current_timestamp; prior registration was null
2024-06-29T15:50:32.117-06:00 DEBUG 24748 --- [ProyectoTiendaRopa] [           main] o.h.q.sqm.function.SqmFunctionRegistry   : Registering alternate key : current date -> current_date
2024-06-29T15:50:32.117-06:00 DEBUG 24748 --- [ProyectoTiendaRopa] [           main] o.h.q.sqm.function.SqmFunctionRegistry   : Registering alternate key : current time -> current_time
2024-06-29T15:50:32.117-06:00 DEBUG 24748 --- [ProyectoTiendaRopa] [           main] o.h.q.sqm.function.SqmFunctionRegistry   : Registering alternate key : current timestamp -> current_timestamp
2024-06-29T15:50:32.117-06:00 DEBUG 24748 --- [ProyectoTiendaRopa] [           main] o.h.q.sqm.function.SqmFunctionRegistry   : Registered SqmFunctionTemplate [org.hibernate.dialect.function.CurrentFunction@53432aef] under local_date; prior registration was null
2024-06-29T15:50:32.117-06:00 DEBUG 24748 --- [ProyectoTiendaRopa] [           main] o.h.q.sqm.function.SqmFunctionRegistry   : Registered SqmFunctionTemplate [org.hibernate.dialect.function.CurrentFunction@2a16d393] under local_time; prior registration was null
2024-06-29T15:50:32.117-06:00 DEBUG 24748 --- [ProyectoTiendaRopa] [           main] o.h.q.sqm.function.SqmFunctionRegistry   : Registered SqmFunctionTemplate [org.hibernate.dialect.function.CurrentFunction@14d1032a] under local_datetime; prior registration was null
2024-06-29T15:50:32.117-06:00 DEBUG 24748 --- [ProyectoTiendaRopa] [           main] o.h.q.sqm.function.SqmFunctionRegistry   : Registered SqmFunctionTemplate [org.hibernate.dialect.function.CurrentFunction@414e8b31] under offset_datetime; prior registration was null
2024-06-29T15:50:32.117-06:00 DEBUG 24748 --- [ProyectoTiendaRopa] [           main] o.h.q.sqm.function.SqmFunctionRegistry   : Registering alternate key : local date -> local_date
2024-06-29T15:50:32.117-06:00 DEBUG 24748 --- [ProyectoTiendaRopa] [           main] o.h.q.sqm.function.SqmFunctionRegistry   : Registering alternate key : local time -> local_time
2024-06-29T15:50:32.117-06:00 DEBUG 24748 --- [ProyectoTiendaRopa] [           main] o.h.q.sqm.function.SqmFunctionRegistry   : Registering alternate key : local datetime -> local_datetime
2024-06-29T15:50:32.117-06:00 DEBUG 24748 --- [ProyectoTiendaRopa] [           main] o.h.q.sqm.function.SqmFunctionRegistry   : Registering alternate key : offset datetime -> offset_datetime
2024-06-29T15:50:32.117-06:00 DEBUG 24748 --- [ProyectoTiendaRopa] [           main] o.h.q.sqm.function.SqmFunctionRegistry   : Registered SqmFunctionTemplate [org.hibernate.dialect.function.CurrentFunction@b90c5a5] under instant; prior registration was null
2024-06-29T15:50:32.117-06:00 DEBUG 24748 --- [ProyectoTiendaRopa] [           main] o.h.q.sqm.function.SqmFunctionRegistry   : Registering alternate key : current_instant -> instant
2024-06-29T15:50:32.118-06:00 DEBUG 24748 --- [ProyectoTiendaRopa] [           main] o.h.q.sqm.function.SqmFunctionRegistry   : Registered SqmFunctionTemplate [org.hibernate.dialect.function.SqlFunction@3340ce58] under sql; prior registration was null
2024-06-29T15:50:32.118-06:00 DEBUG 24748 --- [ProyectoTiendaRopa] [           main] o.h.q.sqm.function.SqmFunctionRegistry   : Registered SqmFunctionTemplate [NamedSqmFunctionTemplate(cot)] under cot; prior registration was null
2024-06-29T15:50:32.118-06:00 DEBUG 24748 --- [ProyectoTiendaRopa] [           main] o.h.q.sqm.function.SqmFunctionRegistry   : Registered SqmFunctionTemplate [NamedSqmFunctionTemplate(radians)] under radians; prior registration was null
2024-06-29T15:50:32.118-06:00 DEBUG 24748 --- [ProyectoTiendaRopa] [           main] o.h.q.sqm.function.SqmFunctionRegistry   : Registered SqmFunctionTemplate [NamedSqmFunctionTemplate(degrees)] under degrees; prior registration was null
2024-06-29T15:50:32.118-06:00 DEBUG 24748 --- [ProyectoTiendaRopa] [           main] o.h.q.sqm.function.SqmFunctionRegistry   : Registered SqmFunctionTemplate [NamedSqmFunctionTemplate(log)] under log; prior registration was org.hibernate.query.sqm.function.PatternBasedSqmFunctionDescriptor@11c25846
2024-06-29T15:50:32.118-06:00 DEBUG 24748 --- [ProyectoTiendaRopa] [           main] o.h.q.sqm.function.SqmFunctionRegistry   : Registered SqmFunctionTemplate [org.hibernate.query.sqm.function.PatternBasedSqmFunctionDescriptor@14499b52] under mod; prior registration was NamedSqmFunctionTemplate(mod)
2024-06-29T15:50:32.118-06:00 DEBUG 24748 --- [ProyectoTiendaRopa] [           main] o.h.q.sqm.function.SqmFunctionRegistry   : Registered SqmFunctionTemplate [NamedSqmFunctionTemplate(log10)] under log10; prior registration was null
2024-06-29T15:50:32.118-06:00 DEBUG 24748 --- [ProyectoTiendaRopa] [           main] o.h.q.sqm.function.SqmFunctionRegistry   : Registered SqmFunctionTemplate [NamedSqmFunctionTemplate(tanh)] under tanh; prior registration was org.hibernate.query.sqm.function.PatternBasedSqmFunctionDescriptor@b842275
2024-06-29T15:50:32.118-06:00 DEBUG 24748 --- [ProyectoTiendaRopa] [           main] o.h.q.sqm.function.SqmFunctionRegistry   : Registered SqmFunctionTemplate [NamedSqmFunctionTemplate(sinh)] under sinh; prior registration was org.hibernate.query.sqm.function.PatternBasedSqmFunctionDescriptor@17e6b7e4
2024-06-29T15:50:32.118-06:00 DEBUG 24748 --- [ProyectoTiendaRopa] [           main] o.h.q.sqm.function.SqmFunctionRegistry   : Registered SqmFunctionTemplate [NamedSqmFunctionTemplate(cosh)] under cosh; prior registration was org.hibernate.query.sqm.function.PatternBasedSqmFunctionDescriptor@44c27b8b
2024-06-29T15:50:32.118-06:00 DEBUG 24748 --- [ProyectoTiendaRopa] [           main] o.h.q.sqm.function.SqmFunctionRegistry   : Registered SqmFunctionTemplate [NamedSqmFunctionTemplate(acosh)] under acosh; prior registration was null
2024-06-29T15:50:32.118-06:00 DEBUG 24748 --- [ProyectoTiendaRopa] [           main] o.h.q.sqm.function.SqmFunctionRegistry   : Registered SqmFunctionTemplate [NamedSqmFunctionTemplate(asinh)] under asinh; prior registration was null
2024-06-29T15:50:32.118-06:00 DEBUG 24748 --- [ProyectoTiendaRopa] [           main] o.h.q.sqm.function.SqmFunctionRegistry   : Registered SqmFunctionTemplate [NamedSqmFunctionTemplate(atanh)] under atanh; prior registration was null
2024-06-29T15:50:32.118-06:00 DEBUG 24748 --- [ProyectoTiendaRopa] [           main] o.h.q.sqm.function.SqmFunctionRegistry   : Registered SqmFunctionTemplate [NamedSqmFunctionTemplate(cbrt)] under cbrt; prior registration was null
2024-06-29T15:50:32.119-06:00 DEBUG 24748 --- [ProyectoTiendaRopa] [           main] o.h.q.sqm.function.SqmFunctionRegistry   : Registered SqmFunctionTemplate [NamedSqmFunctionTemplate(pi)] under pi; prior registration was org.hibernate.query.sqm.function.PatternBasedSqmFunctionDescriptor@33399052
2024-06-29T15:50:32.119-06:00 DEBUG 24748 --- [ProyectoTiendaRopa] [           main] o.h.q.sqm.function.SqmFunctionRegistry   : Registered SqmFunctionTemplate [NamedSqmFunctionTemplate(ltrim)] under ltrim; prior registration was null
2024-06-29T15:50:32.119-06:00 DEBUG 24748 --- [ProyectoTiendaRopa] [           main] o.h.q.sqm.function.SqmFunctionRegistry   : Registered SqmFunctionTemplate [NamedSqmFunctionTemplate(rtrim)] under rtrim; prior registration was null
2024-06-29T15:50:32.119-06:00 DEBUG 24748 --- [ProyectoTiendaRopa] [           main] o.h.q.sqm.function.SqmFunctionRegistry   : Registered SqmFunctionTemplate [NamedSqmFunctionTemplate(repeat)] under repeat; prior registration was null
2024-06-29T15:50:32.119-06:00 DEBUG 24748 --- [ProyectoTiendaRopa] [           main] o.h.q.sqm.function.SqmFunctionRegistry   : Registered SqmFunctionTemplate [NamedSqmFunctionTemplate(md5)] under md5; prior registration was null
2024-06-29T15:50:32.119-06:00 DEBUG 24748 --- [ProyectoTiendaRopa] [           main] o.h.q.sqm.function.SqmFunctionRegistry   : Registered SqmFunctionTemplate [NamedSqmFunctionTemplate(initcap)] under initcap; prior registration was null
2024-06-29T15:50:32.119-06:00 DEBUG 24748 --- [ProyectoTiendaRopa] [           main] o.h.q.sqm.function.SqmFunctionRegistry   : Registered SqmFunctionTemplate [NamedSqmFunctionTemplate(substr)] under substr; prior registration was null
2024-06-29T15:50:32.119-06:00 DEBUG 24748 --- [ProyectoTiendaRopa] [           main] o.h.q.sqm.function.SqmFunctionRegistry   : Registered SqmFunctionTemplate [NamedSqmFunctionTemplate(substr)] under substring; prior registration was NamedSqmFunctionTemplate(substring)
2024-06-29T15:50:32.119-06:00 DEBUG 24748 --- [ProyectoTiendaRopa] [           main] o.h.q.sqm.function.SqmFunctionRegistry   : Registered SqmFunctionTemplate [NamedSqmFunctionTemplate(translate)] under translate; prior registration was null
2024-06-29T15:50:32.119-06:00 DEBUG 24748 --- [ProyectoTiendaRopa] [           main] o.h.q.sqm.function.SqmFunctionRegistry   : Registered SqmFunctionTemplate [NamedSqmFunctionTemplate(to_number)] under to_number; prior registration was null
2024-06-29T15:50:32.119-06:00 DEBUG 24748 --- [ProyectoTiendaRopa] [           main] o.h.q.sqm.function.SqmFunctionRegistry   : Registered SqmFunctionTemplate [NamedSqmFunctionTemplate(to_char)] under to_char; prior registration was null
2024-06-29T15:50:32.120-06:00 DEBUG 24748 --- [ProyectoTiendaRopa] [           main] o.h.q.sqm.function.SqmFunctionRegistry   : Registered SqmFunctionTemplate [NamedSqmFunctionTemplate(to_date)] under to_date; prior registration was null
2024-06-29T15:50:32.120-06:00 DEBUG 24748 --- [ProyectoTiendaRopa] [           main] o.h.q.sqm.function.SqmFunctionRegistry   : Registered SqmFunctionTemplate [NamedSqmFunctionTemplate(to_timestamp)] under to_timestamp; prior registration was null
2024-06-29T15:50:32.122-06:00 DEBUG 24748 --- [ProyectoTiendaRopa] [           main] o.h.q.sqm.function.SqmFunctionRegistry   : Registered SqmFunctionTemplate [org.hibernate.dialect.function.ConcatPipeFunction@5ca86715] under concat; prior registration was NamedSqmFunctionTemplate(concat)
2024-06-29T15:50:32.122-06:00 DEBUG 24748 --- [ProyectoTiendaRopa] [           main] o.h.q.sqm.function.SqmFunctionRegistry   : Registered SqmFunctionTemplate [NamedSqmFunctionTemplate(localtime)] under localtime; prior registration was null
2024-06-29T15:50:32.122-06:00 DEBUG 24748 --- [ProyectoTiendaRopa] [           main] o.h.q.sqm.function.SqmFunctionRegistry   : Registered SqmFunctionTemplate [NamedSqmFunctionTemplate(localtimestamp)] under localtimestamp; prior registration was null
2024-06-29T15:50:32.122-06:00 DEBUG 24748 --- [ProyectoTiendaRopa] [           main] o.h.q.sqm.function.SqmFunctionRegistry   : Registered SqmFunctionTemplate [NamedSqmFunctionTemplate(localtime)] under local_time; prior registration was org.hibernate.dialect.function.CurrentFunction@2a16d393
2024-06-29T15:50:32.122-06:00 DEBUG 24748 --- [ProyectoTiendaRopa] [           main] o.h.q.sqm.function.SqmFunctionRegistry   : Registered SqmFunctionTemplate [NamedSqmFunctionTemplate(localtimestamp)] under local_datetime; prior registration was org.hibernate.dialect.function.CurrentFunction@14d1032a
2024-06-29T15:50:32.130-06:00 DEBUG 24748 --- [ProyectoTiendaRopa] [           main] o.h.q.sqm.function.SqmFunctionRegistry   : Registered SqmFunctionTemplate [org.hibernate.dialect.function.LengthFunction@408f70ab] under character_length; prior registration was NamedSqmFunctionTemplate(character_length)
2024-06-29T15:50:32.131-06:00 DEBUG 24748 --- [ProyectoTiendaRopa] [           main] o.h.q.sqm.function.SqmFunctionRegistry   : Registering alternate key : length -> character_length
2024-06-29T15:50:32.131-06:00 DEBUG 24748 --- [ProyectoTiendaRopa] [           main] o.h.q.sqm.function.SqmFunctionRegistry   : Registered SqmFunctionTemplate [org.hibernate.dialect.function.LengthFunction@5383bf08] under bit_length; prior registration was null
2024-06-29T15:50:32.131-06:00 DEBUG 24748 --- [ProyectoTiendaRopa] [           main] o.h.q.sqm.function.SqmFunctionRegistry   : Registered SqmFunctionTemplate [org.hibernate.dialect.function.LengthFunction@2586e878] under octet_length; prior registration was null
2024-06-29T15:50:32.131-06:00 DEBUG 24748 --- [ProyectoTiendaRopa] [           main] o.h.q.sqm.function.SqmFunctionRegistry   : Registered SqmFunctionTemplate [NamedSqmFunctionTemplate(ascii)] under ascii; prior registration was null
2024-06-29T15:50:32.131-06:00 DEBUG 24748 --- [ProyectoTiendaRopa] [           main] o.h.q.sqm.function.SqmFunctionRegistry   : Registered SqmFunctionTemplate [NamedSqmFunctionTemplate(chr)] under chr; prior registration was null
2024-06-29T15:50:32.131-06:00 DEBUG 24748 --- [ProyectoTiendaRopa] [           main] o.h.q.sqm.function.SqmFunctionRegistry   : Registering alternate key : char -> chr
2024-06-29T15:50:32.131-06:00 DEBUG 24748 --- [ProyectoTiendaRopa] [           main] o.h.q.sqm.function.SqmFunctionRegistry   : Registered SqmFunctionTemplate [org.hibernate.query.sqm.function.PatternBasedSqmFunctionDescriptor@7b7cf475] under position; prior registration was org.hibernate.dialect.function.LocatePositionEmulation@61288814
2024-06-29T15:50:32.131-06:00 DEBUG 24748 --- [ProyectoTiendaRopa] [           main] o.h.q.sqm.function.SqmFunctionRegistry   : Registered SqmFunctionTemplate [org.hibernate.query.sqm.function.PatternBasedSqmFunctionDescriptor@404dc999] under bitand; prior registration was null
2024-06-29T15:50:32.131-06:00 DEBUG 24748 --- [ProyectoTiendaRopa] [           main] o.h.q.sqm.function.SqmFunctionRegistry   : Registered SqmFunctionTemplate [org.hibernate.query.sqm.function.PatternBasedSqmFunctionDescriptor@ef85567] under bitor; prior registration was null
2024-06-29T15:50:32.131-06:00 DEBUG 24748 --- [ProyectoTiendaRopa] [           main] o.h.q.sqm.function.SqmFunctionRegistry   : Registered SqmFunctionTemplate [org.hibernate.query.sqm.function.PatternBasedSqmFunctionDescriptor@1c2fb9e8] under bitxor; prior registration was null
2024-06-29T15:50:32.131-06:00 DEBUG 24748 --- [ProyectoTiendaRopa] [           main] o.h.q.sqm.function.SqmFunctionRegistry   : Registered SqmFunctionTemplate [org.hibernate.query.sqm.function.PatternBasedSqmFunctionDescriptor@ec3944] under bitnot; prior registration was null
2024-06-29T15:50:32.131-06:00 DEBUG 24748 --- [ProyectoTiendaRopa] [           main] o.h.q.sqm.function.SqmFunctionRegistry   : Registered SqmFunctionTemplate [NamedSqmFunctionTemplate(bit_and)] under bit_and; prior registration was null
2024-06-29T15:50:32.131-06:00 DEBUG 24748 --- [ProyectoTiendaRopa] [           main] o.h.q.sqm.function.SqmFunctionRegistry   : Registered SqmFunctionTemplate [NamedSqmFunctionTemplate(bit_or)] under bit_or; prior registration was null
2024-06-29T15:50:32.131-06:00 DEBUG 24748 --- [ProyectoTiendaRopa] [           main] o.h.q.sqm.function.SqmFunctionRegistry   : Registered SqmFunctionTemplate [NamedSqmFunctionTemplate(bool_and)] under bool_and; prior registration was null
2024-06-29T15:50:32.131-06:00 DEBUG 24748 --- [ProyectoTiendaRopa] [           main] o.h.q.sqm.function.SqmFunctionRegistry   : Registering alternate key : every -> bool_and
2024-06-29T15:50:32.131-06:00 DEBUG 24748 --- [ProyectoTiendaRopa] [           main] o.h.q.sqm.function.SqmFunctionRegistry   : Registered SqmFunctionTemplate [NamedSqmFunctionTemplate(bool_or)] under bool_or; prior registration was null
2024-06-29T15:50:32.132-06:00 DEBUG 24748 --- [ProyectoTiendaRopa] [           main] o.h.q.sqm.function.SqmFunctionRegistry   : Registering alternate key : any -> bool_or
2024-06-29T15:50:32.132-06:00 DEBUG 24748 --- [ProyectoTiendaRopa] [           main] o.h.q.sqm.function.SqmFunctionRegistry   : Registered SqmFunctionTemplate [org.hibernate.query.sqm.function.PatternBasedSqmFunctionDescriptor@2e4339c1] under median; prior registration was null
2024-06-29T15:50:32.133-06:00 DEBUG 24748 --- [ProyectoTiendaRopa] [           main] o.h.q.sqm.function.SqmFunctionRegistry   : Registered SqmFunctionTemplate [NamedSqmFunctionTemplate(stddev)] under stddev; prior registration was null
2024-06-29T15:50:32.133-06:00 DEBUG 24748 --- [ProyectoTiendaRopa] [           main] o.h.q.sqm.function.SqmFunctionRegistry   : Registered SqmFunctionTemplate [NamedSqmFunctionTemplate(stddev_pop)] under stddev_pop; prior registration was null
2024-06-29T15:50:32.133-06:00 DEBUG 24748 --- [ProyectoTiendaRopa] [           main] o.h.q.sqm.function.SqmFunctionRegistry   : Registered SqmFunctionTemplate [NamedSqmFunctionTemplate(stddev_samp)] under stddev_samp; prior registration was null
2024-06-29T15:50:32.133-06:00 DEBUG 24748 --- [ProyectoTiendaRopa] [           main] o.h.q.sqm.function.SqmFunctionRegistry   : Registered SqmFunctionTemplate [NamedSqmFunctionTemplate(variance)] under variance; prior registration was null
2024-06-29T15:50:32.133-06:00 DEBUG 24748 --- [ProyectoTiendaRopa] [           main] o.h.q.sqm.function.SqmFunctionRegistry   : Registered SqmFunctionTemplate [NamedSqmFunctionTemplate(var_pop)] under var_pop; prior registration was null
2024-06-29T15:50:32.133-06:00 DEBUG 24748 --- [ProyectoTiendaRopa] [           main] o.h.q.sqm.function.SqmFunctionRegistry   : Registered SqmFunctionTemplate [NamedSqmFunctionTemplate(var_samp)] under var_samp; prior registration was null
2024-06-29T15:50:32.133-06:00 DEBUG 24748 --- [ProyectoTiendaRopa] [           main] o.h.q.sqm.function.SqmFunctionRegistry   : Registered SqmFunctionTemplate [NamedSqmFunctionTemplate(covar_pop)] under covar_pop; prior registration was null
2024-06-29T15:50:32.133-06:00 DEBUG 24748 --- [ProyectoTiendaRopa] [           main] o.h.q.sqm.function.SqmFunctionRegistry   : Registered SqmFunctionTemplate [NamedSqmFunctionTemplate(covar_samp)] under covar_samp; prior registration was null
2024-06-29T15:50:32.134-06:00 DEBUG 24748 --- [ProyectoTiendaRopa] [           main] o.h.q.sqm.function.SqmFunctionRegistry   : Registered SqmFunctionTemplate [NamedSqmFunctionTemplate(corr)] under corr; prior registration was null
2024-06-29T15:50:32.141-06:00 DEBUG 24748 --- [ProyectoTiendaRopa] [           main] o.h.q.sqm.function.SqmFunctionRegistry   : Registered SqmFunctionTemplate [NamedSqmFunctionTemplate(regr_avgx)] under regr_avgx; prior registration was null
2024-06-29T15:50:32.142-06:00 DEBUG 24748 --- [ProyectoTiendaRopa] [           main] o.h.q.sqm.function.SqmFunctionRegistry   : Registered SqmFunctionTemplate [NamedSqmFunctionTemplate(regr_avgy)] under regr_avgy; prior registration was null
2024-06-29T15:50:32.142-06:00 DEBUG 24748 --- [ProyectoTiendaRopa] [           main] o.h.q.sqm.function.SqmFunctionRegistry   : Registered SqmFunctionTemplate [NamedSqmFunctionTemplate(regr_count)] under regr_count; prior registration was null
2024-06-29T15:50:32.142-06:00 DEBUG 24748 --- [ProyectoTiendaRopa] [           main] o.h.q.sqm.function.SqmFunctionRegistry   : Registered SqmFunctionTemplate [NamedSqmFunctionTemplate(regr_intercept)] under regr_intercept; prior registration was null
2024-06-29T15:50:32.142-06:00 DEBUG 24748 --- [ProyectoTiendaRopa] [           main] o.h.q.sqm.function.SqmFunctionRegistry   : Registered SqmFunctionTemplate [NamedSqmFunctionTemplate(regr_r2)] under regr_r2; prior registration was null
2024-06-29T15:50:32.142-06:00 DEBUG 24748 --- [ProyectoTiendaRopa] [           main] o.h.q.sqm.function.SqmFunctionRegistry   : Registered SqmFunctionTemplate [NamedSqmFunctionTemplate(regr_slope)] under regr_slope; prior registration was null
2024-06-29T15:50:32.142-06:00 DEBUG 24748 --- [ProyectoTiendaRopa] [           main] o.h.q.sqm.function.SqmFunctionRegistry   : Registered SqmFunctionTemplate [NamedSqmFunctionTemplate(regr_sxx)] under regr_sxx; prior registration was null
2024-06-29T15:50:32.142-06:00 DEBUG 24748 --- [ProyectoTiendaRopa] [           main] o.h.q.sqm.function.SqmFunctionRegistry   : Registered SqmFunctionTemplate [NamedSqmFunctionTemplate(regr_sxy)] under regr_sxy; prior registration was null
2024-06-29T15:50:32.142-06:00 DEBUG 24748 --- [ProyectoTiendaRopa] [           main] o.h.q.sqm.function.SqmFunctionRegistry   : Registered SqmFunctionTemplate [NamedSqmFunctionTemplate(regr_syy)] under regr_syy; prior registration was null
2024-06-29T15:50:32.142-06:00 DEBUG 24748 --- [ProyectoTiendaRopa] [           main] o.h.q.sqm.function.SqmFunctionRegistry   : Registered SqmFunctionTemplate [org.hibernate.query.sqm.function.PatternBasedSqmFunctionDescriptor@35d0749] under insert; prior registration was null
2024-06-29T15:50:32.143-06:00 DEBUG 24748 --- [ProyectoTiendaRopa] [           main] o.h.q.sqm.function.SqmFunctionRegistry   : Registered SqmFunctionTemplate [org.hibernate.query.sqm.function.MultipatternSqmFunctionDescriptor@3c62f69a] under overlay; prior registration was org.hibernate.dialect.function.InsertSubstringOverlayEmulation@1b732dd
2024-06-29T15:50:32.143-06:00 DEBUG 24748 --- [ProyectoTiendaRopa] [           main] o.h.q.sqm.function.SqmFunctionRegistry   : Registered SqmFunctionTemplate [NamedSqmFunctionTemplate(soundex)] under soundex; prior registration was null
2024-06-29T15:50:32.143-06:00 DEBUG 24748 --- [ProyectoTiendaRopa] [           main] o.h.q.sqm.function.SqmFunctionRegistry   : Registered SqmFunctionTemplate [org.hibernate.query.sqm.function.MultipatternSqmFunctionDescriptor@f08f8a9] under locate; prior registration was NamedSqmFunctionTemplate(locate)
2024-06-29T15:50:32.144-06:00 DEBUG 24748 --- [ProyectoTiendaRopa] [           main] o.h.q.sqm.function.SqmFunctionRegistry   : Registered SqmFunctionTemplate [NamedSqmFunctionTemplate(row_number)] under row_number; prior registration was null
2024-06-29T15:50:32.144-06:00 DEBUG 24748 --- [ProyectoTiendaRopa] [           main] o.h.q.sqm.function.SqmFunctionRegistry   : Registered SqmFunctionTemplate [NamedSqmFunctionTemplate(lag)] under lag; prior registration was null
2024-06-29T15:50:32.144-06:00 DEBUG 24748 --- [ProyectoTiendaRopa] [           main] o.h.q.sqm.function.SqmFunctionRegistry   : Registered SqmFunctionTemplate [NamedSqmFunctionTemplate(lead)] under lead; prior registration was null
2024-06-29T15:50:32.144-06:00 DEBUG 24748 --- [ProyectoTiendaRopa] [           main] o.h.q.sqm.function.SqmFunctionRegistry   : Registered SqmFunctionTemplate [NamedSqmFunctionTemplate(first_value)] under first_value; prior registration was null
2024-06-29T15:50:32.144-06:00 DEBUG 24748 --- [ProyectoTiendaRopa] [           main] o.h.q.sqm.function.SqmFunctionRegistry   : Registered SqmFunctionTemplate [NamedSqmFunctionTemplate(last_value)] under last_value; prior registration was null
2024-06-29T15:50:32.145-06:00 DEBUG 24748 --- [ProyectoTiendaRopa] [           main] o.h.q.sqm.function.SqmFunctionRegistry   : Registered SqmFunctionTemplate [NamedSqmFunctionTemplate(nth_value)] under nth_value; prior registration was null
2024-06-29T15:50:32.146-06:00 DEBUG 24748 --- [ProyectoTiendaRopa] [           main] o.h.q.sqm.function.SqmFunctionRegistry   : Registered SqmFunctionTemplate [org.hibernate.dialect.function.ListaggStringAggEmulation@7d49a1a0] under listagg; prior registration was null
2024-06-29T15:50:32.148-06:00 DEBUG 24748 --- [ProyectoTiendaRopa] [           main] o.h.q.sqm.function.SqmFunctionRegistry   : Registered SqmFunctionTemplate [org.hibernate.dialect.function.array.PostgreSQLArrayConstructorFunction@5fafa76d] under array; prior registration was null
2024-06-29T15:50:32.149-06:00 DEBUG 24748 --- [ProyectoTiendaRopa] [           main] o.h.q.sqm.function.SqmFunctionRegistry   : Registered SqmFunctionTemplate [org.hibernate.dialect.function.array.PostgreSQLArrayConstructorFunction@720ffab4] under array_list; prior registration was null
2024-06-29T15:50:32.149-06:00 DEBUG 24748 --- [ProyectoTiendaRopa] [           main] o.h.q.sqm.function.SqmFunctionRegistry   : Registered SqmFunctionTemplate [org.hibernate.dialect.function.array.ArrayAggFunction@71df5f30] under array_agg; prior registration was null
2024-06-29T15:50:32.152-06:00 DEBUG 24748 --- [ProyectoTiendaRopa] [           main] o.h.q.sqm.function.SqmFunctionRegistry   : Registered SqmFunctionTemplate [org.hibernate.dialect.function.array.PostgreSQLArrayPositionFunction@bff764c] under array_position; prior registration was null
2024-06-29T15:50:32.156-06:00 DEBUG 24748 --- [ProyectoTiendaRopa] [           main] o.h.q.sqm.function.SqmFunctionRegistry   : Registered SqmFunctionTemplate [org.hibernate.dialect.function.array.PostgreSQLArrayPositionsFunction@306c9b2c] under array_positions; prior registration was null
2024-06-29T15:50:32.159-06:00 DEBUG 24748 --- [ProyectoTiendaRopa] [           main] o.h.q.sqm.function.SqmFunctionRegistry   : Registered SqmFunctionTemplate [org.hibernate.dialect.function.array.PostgreSQLArrayPositionsFunction@41bbb219] under array_positions_list; prior registration was null
2024-06-29T15:50:32.159-06:00 DEBUG 24748 --- [ProyectoTiendaRopa] [           main] o.h.q.sqm.function.SqmFunctionRegistry   : Registered SqmFunctionTemplate [org.hibernate.query.sqm.function.PatternBasedSqmFunctionDescriptor@3f2ae973] under array_length; prior registration was null
2024-06-29T15:50:32.160-06:00 DEBUG 24748 --- [ProyectoTiendaRopa] [           main] o.h.q.sqm.function.SqmFunctionRegistry   : Registered SqmFunctionTemplate [org.hibernate.dialect.function.array.PostgreSQLArrayConcatFunction@2b3242a5] under array_concat; prior registration was null
2024-06-29T15:50:32.171-06:00 DEBUG 24748 --- [ProyectoTiendaRopa] [           main] o.h.q.sqm.function.SqmFunctionRegistry   : Registered SqmFunctionTemplate [org.hibernate.dialect.function.array.PostgreSQLArrayConcatElementFunction@5972e3a] under array_prepend; prior registration was null
2024-06-29T15:50:32.171-06:00 DEBUG 24748 --- [ProyectoTiendaRopa] [           main] o.h.q.sqm.function.SqmFunctionRegistry   : Registered SqmFunctionTemplate [org.hibernate.dialect.function.array.PostgreSQLArrayConcatElementFunction@5790cbcb] under array_append; prior registration was null
2024-06-29T15:50:32.172-06:00 DEBUG 24748 --- [ProyectoTiendaRopa] [           main] o.h.q.sqm.function.SqmFunctionRegistry   : Registered SqmFunctionTemplate [org.hibernate.dialect.function.array.ArrayContainsOperatorFunction@1818d00b] under array_contains; prior registration was null
2024-06-29T15:50:32.172-06:00 DEBUG 24748 --- [ProyectoTiendaRopa] [           main] o.h.q.sqm.function.SqmFunctionRegistry   : Registered SqmFunctionTemplate [org.hibernate.dialect.function.array.ArrayContainsOperatorFunction@b3a8455] under array_contains_nullable; prior registration was null
2024-06-29T15:50:32.173-06:00 DEBUG 24748 --- [ProyectoTiendaRopa] [           main] o.h.q.sqm.function.SqmFunctionRegistry   : Registered SqmFunctionTemplate [org.hibernate.dialect.function.array.ArrayOverlapsOperatorFunction@787a0fd6] under array_overlaps; prior registration was null
2024-06-29T15:50:32.173-06:00 DEBUG 24748 --- [ProyectoTiendaRopa] [           main] o.h.q.sqm.function.SqmFunctionRegistry   : Registered SqmFunctionTemplate [org.hibernate.dialect.function.array.ArrayOverlapsOperatorFunction@48b09105] under array_overlaps_nullable; prior registration was null
2024-06-29T15:50:32.173-06:00 DEBUG 24748 --- [ProyectoTiendaRopa] [           main] o.h.q.sqm.function.SqmFunctionRegistry   : Registered SqmFunctionTemplate [org.hibernate.query.sqm.function.PatternBasedSqmFunctionDescriptor@41492479] under array_get; prior registration was null
2024-06-29T15:50:32.174-06:00 DEBUG 24748 --- [ProyectoTiendaRopa] [           main] o.h.q.sqm.function.SqmFunctionRegistry   : Registered SqmFunctionTemplate [org.hibernate.dialect.function.array.ArraySetUnnestFunction@3e55d844] under array_set; prior registration was null
2024-06-29T15:50:32.174-06:00 DEBUG 24748 --- [ProyectoTiendaRopa] [           main] o.h.q.sqm.function.SqmFunctionRegistry   : Registered SqmFunctionTemplate [NamedSqmFunctionTemplate(array_remove)] under array_remove; prior registration was null
2024-06-29T15:50:32.174-06:00 DEBUG 24748 --- [ProyectoTiendaRopa] [           main] o.h.q.sqm.function.SqmFunctionRegistry   : Registered SqmFunctionTemplate [org.hibernate.dialect.function.array.ArrayRemoveIndexUnnestFunction@13a9cdae] under array_remove_index; prior registration was null
2024-06-29T15:50:32.174-06:00 DEBUG 24748 --- [ProyectoTiendaRopa] [           main] o.h.q.sqm.function.SqmFunctionRegistry   : Registered SqmFunctionTemplate [org.hibernate.query.sqm.function.PatternBasedSqmFunctionDescriptor@1c972ae6] under array_slice; prior registration was null
2024-06-29T15:50:32.174-06:00 DEBUG 24748 --- [ProyectoTiendaRopa] [           main] o.h.q.sqm.function.SqmFunctionRegistry   : Registered SqmFunctionTemplate [NamedSqmFunctionTemplate(array_replace)] under array_replace; prior registration was null
2024-06-29T15:50:32.174-06:00 DEBUG 24748 --- [ProyectoTiendaRopa] [           main] o.h.q.sqm.function.SqmFunctionRegistry   : Registered SqmFunctionTemplate [org.hibernate.query.sqm.function.PatternBasedSqmFunctionDescriptor@62a41279] under array_trim; prior registration was null
2024-06-29T15:50:32.175-06:00 DEBUG 24748 --- [ProyectoTiendaRopa] [           main] o.h.q.sqm.function.SqmFunctionRegistry   : Registered SqmFunctionTemplate [org.hibernate.dialect.function.array.PostgreSQLArrayFillFunction@74e2cfc5] under array_fill; prior registration was null
2024-06-29T15:50:32.175-06:00 DEBUG 24748 --- [ProyectoTiendaRopa] [           main] o.h.q.sqm.function.SqmFunctionRegistry   : Registered SqmFunctionTemplate [org.hibernate.dialect.function.array.PostgreSQLArrayFillFunction@4a5d5b38] under array_fill_list; prior registration was null
2024-06-29T15:50:32.175-06:00 DEBUG 24748 --- [ProyectoTiendaRopa] [           main] o.h.q.sqm.function.SqmFunctionRegistry   : Registered SqmFunctionTemplate [org.hibernate.dialect.function.array.ArrayToStringFunction@6fdaef04] under array_to_string; prior registration was null
2024-06-29T15:50:32.175-06:00 DEBUG 24748 --- [ProyectoTiendaRopa] [           main] o.h.q.sqm.function.SqmFunctionRegistry   : Registered SqmFunctionTemplate [NamedSqmFunctionTemplate(make_date)] under make_date; prior registration was null
2024-06-29T15:50:32.175-06:00 DEBUG 24748 --- [ProyectoTiendaRopa] [           main] o.h.q.sqm.function.SqmFunctionRegistry   : Registered SqmFunctionTemplate [NamedSqmFunctionTemplate(make_time)] under make_time; prior registration was null
2024-06-29T15:50:32.175-06:00 DEBUG 24748 --- [ProyectoTiendaRopa] [           main] o.h.q.sqm.function.SqmFunctionRegistry   : Registered SqmFunctionTemplate [NamedSqmFunctionTemplate(make_timestamp)] under make_timestamp; prior registration was null
2024-06-29T15:50:32.176-06:00 DEBUG 24748 --- [ProyectoTiendaRopa] [           main] o.h.q.sqm.function.SqmFunctionRegistry   : Registered SqmFunctionTemplate [NamedSqmFunctionTemplate(make_timestamptz)] under make_timestamptz; prior registration was null
2024-06-29T15:50:32.177-06:00 DEBUG 24748 --- [ProyectoTiendaRopa] [           main] o.h.q.sqm.function.SqmFunctionRegistry   : Registered SqmFunctionTemplate [org.hibernate.dialect.function.InverseDistributionFunction@15bb8ed5] under mode; prior registration was null
2024-06-29T15:50:32.177-06:00 DEBUG 24748 --- [ProyectoTiendaRopa] [           main] o.h.q.sqm.function.SqmFunctionRegistry   : Registered SqmFunctionTemplate [org.hibernate.dialect.function.InverseDistributionFunction@18f8ebd4] under percentile_cont; prior registration was null
2024-06-29T15:50:32.177-06:00 DEBUG 24748 --- [ProyectoTiendaRopa] [           main] o.h.q.sqm.function.SqmFunctionRegistry   : Registered SqmFunctionTemplate [org.hibernate.dialect.function.InverseDistributionFunction@7e1fb22c] under percentile_disc; prior registration was null
2024-06-29T15:50:32.177-06:00 DEBUG 24748 --- [ProyectoTiendaRopa] [           main] o.h.q.sqm.function.SqmFunctionRegistry   : Registered SqmFunctionTemplate [org.hibernate.dialect.function.HypotheticalSetFunction@2d8c729f] under rank; prior registration was null
2024-06-29T15:50:32.177-06:00 DEBUG 24748 --- [ProyectoTiendaRopa] [           main] o.h.q.sqm.function.SqmFunctionRegistry   : Registered SqmFunctionTemplate [org.hibernate.dialect.function.HypotheticalSetFunction@740ee00f] under dense_rank; prior registration was null
2024-06-29T15:50:32.178-06:00 DEBUG 24748 --- [ProyectoTiendaRopa] [           main] o.h.q.sqm.function.SqmFunctionRegistry   : Registered SqmFunctionTemplate [org.hibernate.dialect.function.HypotheticalSetFunction@430106cf] under percent_rank; prior registration was null
2024-06-29T15:50:32.178-06:00 DEBUG 24748 --- [ProyectoTiendaRopa] [           main] o.h.q.sqm.function.SqmFunctionRegistry   : Registered SqmFunctionTemplate [org.hibernate.dialect.function.HypotheticalSetFunction@647af13d] under cume_dist; prior registration was null
2024-06-29T15:50:32.178-06:00 DEBUG 24748 --- [ProyectoTiendaRopa] [           main] o.h.q.sqm.function.SqmFunctionRegistry   : Registered SqmFunctionTemplate [org.hibernate.dialect.function.PostgreSQLMinMaxFunction@511d568f] under min; prior registration was NamedSqmFunctionTemplate(min)
2024-06-29T15:50:32.178-06:00 DEBUG 24748 --- [ProyectoTiendaRopa] [           main] o.h.q.sqm.function.SqmFunctionRegistry   : Registered SqmFunctionTemplate [org.hibernate.dialect.function.PostgreSQLMinMaxFunction@1805ca5c] under max; prior registration was NamedSqmFunctionTemplate(max)
2024-06-29T15:50:32.179-06:00 DEBUG 24748 --- [ProyectoTiendaRopa] [           main] o.h.q.sqm.function.SqmFunctionRegistry   : Registered SqmFunctionTemplate [org.hibernate.dialect.function.PostgreSQLTruncRoundFunction@3cc74fc4] under round; prior registration was NamedSqmFunctionTemplate(round)
2024-06-29T15:50:32.181-06:00 DEBUG 24748 --- [ProyectoTiendaRopa] [           main] o.h.q.sqm.function.SqmFunctionRegistry   : Registered SqmFunctionTemplate [org.hibernate.dialect.function.PostgreSQLTruncFunction@3fe24670] under trunc; prior registration was null
2024-06-29T15:50:32.181-06:00 DEBUG 24748 --- [ProyectoTiendaRopa] [           main] o.h.q.sqm.function.SqmFunctionRegistry   : Registering alternate key : truncate -> trunc
2024-06-29T15:50:32.181-06:00 DEBUG 24748 --- [ProyectoTiendaRopa] [           main] o.h.q.sqm.function.SqmFunctionRegistry   : Registered SqmFunctionTemplate [org.hibernate.query.sqm.function.PatternBasedSqmFunctionDescriptor@3c46e6f6] under date_trunc; prior registration was null
2024-06-29T15:50:32.183-06:00 DEBUG 24748 --- [ProyectoTiendaRopa] [           main] org.hibernate.HQL_FUNCTIONS              : abs(NUMERIC arg)
2024-06-29T15:50:32.183-06:00 DEBUG 24748 --- [ProyectoTiendaRopa] [           main] org.hibernate.HQL_FUNCTIONS              : Double acos(NUMERIC arg)
2024-06-29T15:50:32.184-06:00 DEBUG 24748 --- [ProyectoTiendaRopa] [           main] org.hibernate.HQL_FUNCTIONS              : Double acosh(NUMERIC arg)
2024-06-29T15:50:32.184-06:00 DEBUG 24748 --- [ProyectoTiendaRopa] [           main] org.hibernate.HQL_FUNCTIONS              : Boolean any(BOOLEAN predicate)
2024-06-29T15:50:32.184-06:00 DEBUG 24748 --- [ProyectoTiendaRopa] [           main] org.hibernate.HQL_FUNCTIONS              : array( ... )
2024-06-29T15:50:32.184-06:00 DEBUG 24748 --- [ProyectoTiendaRopa] [           main] org.hibernate.HQL_FUNCTIONS              : array_agg(arg)
2024-06-29T15:50:32.184-06:00 DEBUG 24748 --- [ProyectoTiendaRopa] [           main] org.hibernate.HQL_FUNCTIONS              : array_append( ... )
2024-06-29T15:50:32.184-06:00 DEBUG 24748 --- [ProyectoTiendaRopa] [           main] org.hibernate.HQL_FUNCTIONS              : array_concat( ... )
2024-06-29T15:50:32.184-06:00 DEBUG 24748 --- [ProyectoTiendaRopa] [           main] org.hibernate.HQL_FUNCTIONS              : Boolean array_contains(ARRAY haystackArray, OBJECT needleElementOrArray)
2024-06-29T15:50:32.184-06:00 DEBUG 24748 --- [ProyectoTiendaRopa] [           main] org.hibernate.HQL_FUNCTIONS              : Boolean array_contains_nullable(ARRAY haystackArray, OBJECT needleElementOrArray)
2024-06-29T15:50:32.184-06:00 DEBUG 24748 --- [ProyectoTiendaRopa] [           main] org.hibernate.HQL_FUNCTIONS              : array_fill(OBJECT element, INTEGER elementCount)
2024-06-29T15:50:32.184-06:00 DEBUG 24748 --- [ProyectoTiendaRopa] [           main] org.hibernate.HQL_FUNCTIONS              : array_fill_list(OBJECT element, INTEGER elementCount)
2024-06-29T15:50:32.184-06:00 DEBUG 24748 --- [ProyectoTiendaRopa] [           main] org.hibernate.HQL_FUNCTIONS              : array_get(ARRAY array, INTEGER index)
2024-06-29T15:50:32.184-06:00 DEBUG 24748 --- [ProyectoTiendaRopa] [           main] org.hibernate.HQL_FUNCTIONS              : Integer array_length(ARRAY array)
2024-06-29T15:50:32.184-06:00 DEBUG 24748 --- [ProyectoTiendaRopa] [           main] org.hibernate.HQL_FUNCTIONS              : array_list( ... )
2024-06-29T15:50:32.184-06:00 DEBUG 24748 --- [ProyectoTiendaRopa] [           main] org.hibernate.HQL_FUNCTIONS              : Boolean array_overlaps(ARRAY array0, OBJECT array1)
2024-06-29T15:50:32.184-06:00 DEBUG 24748 --- [ProyectoTiendaRopa] [           main] org.hibernate.HQL_FUNCTIONS              : Boolean array_overlaps_nullable(ARRAY array0, OBJECT array1)
2024-06-29T15:50:32.184-06:00 DEBUG 24748 --- [ProyectoTiendaRopa] [           main] org.hibernate.HQL_FUNCTIONS              : Integer array_position(ARRAY array, OBJECT element[, INTEGER startPosition])
2024-06-29T15:50:32.184-06:00 DEBUG 24748 --- [ProyectoTiendaRopa] [           main] org.hibernate.HQL_FUNCTIONS              : int[] array_positions(ARRAY array, OBJECT element)
2024-06-29T15:50:32.184-06:00 DEBUG 24748 --- [ProyectoTiendaRopa] [           main] org.hibernate.HQL_FUNCTIONS              : List array_positions_list(ARRAY array, OBJECT element)
2024-06-29T15:50:32.184-06:00 DEBUG 24748 --- [ProyectoTiendaRopa] [           main] org.hibernate.HQL_FUNCTIONS              : array_prepend( ... )
2024-06-29T15:50:32.184-06:00 DEBUG 24748 --- [ProyectoTiendaRopa] [           main] org.hibernate.HQL_FUNCTIONS              : array_remove( ... )
2024-06-29T15:50:32.184-06:00 DEBUG 24748 --- [ProyectoTiendaRopa] [           main] org.hibernate.HQL_FUNCTIONS              : array_remove_index( ... )
2024-06-29T15:50:32.184-06:00 DEBUG 24748 --- [ProyectoTiendaRopa] [           main] org.hibernate.HQL_FUNCTIONS              : array_replace(ARRAY array, OBJECT old, OBJECT new)
2024-06-29T15:50:32.184-06:00 DEBUG 24748 --- [ProyectoTiendaRopa] [           main] org.hibernate.HQL_FUNCTIONS              : array_set( ... )
2024-06-29T15:50:32.184-06:00 DEBUG 24748 --- [ProyectoTiendaRopa] [           main] org.hibernate.HQL_FUNCTIONS              : array_slice(ARRAY array, INTEGER start, INTEGER end)
2024-06-29T15:50:32.184-06:00 DEBUG 24748 --- [ProyectoTiendaRopa] [           main] org.hibernate.HQL_FUNCTIONS              : String array_to_string( ... )
2024-06-29T15:50:32.184-06:00 DEBUG 24748 --- [ProyectoTiendaRopa] [           main] org.hibernate.HQL_FUNCTIONS              : array_trim(ARRAY array, INTEGER elementsToRemove)
2024-06-29T15:50:32.184-06:00 DEBUG 24748 --- [ProyectoTiendaRopa] [           main] org.hibernate.HQL_FUNCTIONS              : Integer ascii(STRING arg)
2024-06-29T15:50:32.184-06:00 DEBUG 24748 --- [ProyectoTiendaRopa] [           main] org.hibernate.HQL_FUNCTIONS              : Double asin(NUMERIC arg)
2024-06-29T15:50:32.184-06:00 DEBUG 24748 --- [ProyectoTiendaRopa] [           main] org.hibernate.HQL_FUNCTIONS              : Double asinh(NUMERIC arg)
2024-06-29T15:50:32.184-06:00 DEBUG 24748 --- [ProyectoTiendaRopa] [           main] org.hibernate.HQL_FUNCTIONS              : Double atan(NUMERIC arg)
2024-06-29T15:50:32.184-06:00 DEBUG 24748 --- [ProyectoTiendaRopa] [           main] org.hibernate.HQL_FUNCTIONS              : Double atan2(NUMERIC arg0, NUMERIC arg1)
2024-06-29T15:50:32.184-06:00 DEBUG 24748 --- [ProyectoTiendaRopa] [           main] org.hibernate.HQL_FUNCTIONS              : Double atanh(NUMERIC arg)
2024-06-29T15:50:32.184-06:00 DEBUG 24748 --- [ProyectoTiendaRopa] [           main] org.hibernate.HQL_FUNCTIONS              : avg(arg)
2024-06-29T15:50:32.184-06:00 DEBUG 24748 --- [ProyectoTiendaRopa] [           main] org.hibernate.HQL_FUNCTIONS              : bit_and(arg)
2024-06-29T15:50:32.184-06:00 DEBUG 24748 --- [ProyectoTiendaRopa] [           main] org.hibernate.HQL_FUNCTIONS              : Integer bit_length(STRING_OR_CLOB arg)
2024-06-29T15:50:32.184-06:00 DEBUG 24748 --- [ProyectoTiendaRopa] [           main] org.hibernate.HQL_FUNCTIONS              : bit_or(arg)
2024-06-29T15:50:32.184-06:00 DEBUG 24748 --- [ProyectoTiendaRopa] [           main] org.hibernate.HQL_FUNCTIONS              : bitand(arg0, arg1)
2024-06-29T15:50:32.184-06:00 DEBUG 24748 --- [ProyectoTiendaRopa] [           main] org.hibernate.HQL_FUNCTIONS              : bitnot(arg)
2024-06-29T15:50:32.184-06:00 DEBUG 24748 --- [ProyectoTiendaRopa] [           main] org.hibernate.HQL_FUNCTIONS              : bitor(arg0, arg1)
2024-06-29T15:50:32.184-06:00 DEBUG 24748 --- [ProyectoTiendaRopa] [           main] org.hibernate.HQL_FUNCTIONS              : bitxor(arg0, arg1)
2024-06-29T15:50:32.184-06:00 DEBUG 24748 --- [ProyectoTiendaRopa] [           main] org.hibernate.HQL_FUNCTIONS              : Boolean bool_and(BOOLEAN predicate)
2024-06-29T15:50:32.184-06:00 DEBUG 24748 --- [ProyectoTiendaRopa] [           main] org.hibernate.HQL_FUNCTIONS              : Boolean bool_or(BOOLEAN predicate)
2024-06-29T15:50:32.184-06:00 DEBUG 24748 --- [ProyectoTiendaRopa] [           main] org.hibernate.HQL_FUNCTIONS              : cast(arg as Type)
2024-06-29T15:50:32.184-06:00 DEBUG 24748 --- [ProyectoTiendaRopa] [           main] org.hibernate.HQL_FUNCTIONS              : Double cbrt(NUMERIC arg)
2024-06-29T15:50:32.184-06:00 DEBUG 24748 --- [ProyectoTiendaRopa] [           main] org.hibernate.HQL_FUNCTIONS              : ceiling(NUMERIC arg)
2024-06-29T15:50:32.184-06:00 DEBUG 24748 --- [ProyectoTiendaRopa] [           main] org.hibernate.HQL_FUNCTIONS              : Character char(INTEGER arg)
2024-06-29T15:50:32.184-06:00 DEBUG 24748 --- [ProyectoTiendaRopa] [           main] org.hibernate.HQL_FUNCTIONS              : Integer character_length(STRING_OR_CLOB arg)
2024-06-29T15:50:32.184-06:00 DEBUG 24748 --- [ProyectoTiendaRopa] [           main] org.hibernate.HQL_FUNCTIONS              : Character chr(INTEGER arg)
2024-06-29T15:50:32.184-06:00 DEBUG 24748 --- [ProyectoTiendaRopa] [           main] org.hibernate.HQL_FUNCTIONS              : coalesce(arg0[, arg1[, ...]])
2024-06-29T15:50:32.184-06:00 DEBUG 24748 --- [ProyectoTiendaRopa] [           main] org.hibernate.HQL_FUNCTIONS              : String collate(STRING string as COLLATION collation)
2024-06-29T15:50:32.184-06:00 DEBUG 24748 --- [ProyectoTiendaRopa] [           main] org.hibernate.HQL_FUNCTIONS              : (STRING string0[, STRING string1[, ...]])
2024-06-29T15:50:32.184-06:00 DEBUG 24748 --- [ProyectoTiendaRopa] [           main] org.hibernate.HQL_FUNCTIONS              : Double corr(NUMERIC arg0, NUMERIC arg1)
2024-06-29T15:50:32.184-06:00 DEBUG 24748 --- [ProyectoTiendaRopa] [           main] org.hibernate.HQL_FUNCTIONS              : Double cos(NUMERIC arg)
2024-06-29T15:50:32.184-06:00 DEBUG 24748 --- [ProyectoTiendaRopa] [           main] org.hibernate.HQL_FUNCTIONS              : Double cosh(NUMERIC arg)
2024-06-29T15:50:32.184-06:00 DEBUG 24748 --- [ProyectoTiendaRopa] [           main] org.hibernate.HQL_FUNCTIONS              : Double cot(NUMERIC arg)
2024-06-29T15:50:32.184-06:00 DEBUG 24748 --- [ProyectoTiendaRopa] [           main] org.hibernate.HQL_FUNCTIONS              : Long count([distinct ]{arg|*})
2024-06-29T15:50:32.184-06:00 DEBUG 24748 --- [ProyectoTiendaRopa] [           main] org.hibernate.HQL_FUNCTIONS              : Double covar_pop(NUMERIC arg0, NUMERIC arg1)
2024-06-29T15:50:32.184-06:00 DEBUG 24748 --- [ProyectoTiendaRopa] [           main] org.hibernate.HQL_FUNCTIONS              : Double covar_samp(NUMERIC arg0, NUMERIC arg1)
2024-06-29T15:50:32.184-06:00 DEBUG 24748 --- [ProyectoTiendaRopa] [           main] org.hibernate.HQL_FUNCTIONS              : Double cume_dist([arg0[, ...]])
2024-06-29T15:50:32.184-06:00 DEBUG 24748 --- [ProyectoTiendaRopa] [           main] org.hibernate.HQL_FUNCTIONS              : Date current date
2024-06-29T15:50:32.184-06:00 DEBUG 24748 --- [ProyectoTiendaRopa] [           main] org.hibernate.HQL_FUNCTIONS              : Time current time
2024-06-29T15:50:32.184-06:00 DEBUG 24748 --- [ProyectoTiendaRopa] [           main] org.hibernate.HQL_FUNCTIONS              : Timestamp current timestamp
2024-06-29T15:50:32.184-06:00 DEBUG 24748 --- [ProyectoTiendaRopa] [           main] org.hibernate.HQL_FUNCTIONS              : Date current_date
2024-06-29T15:50:32.184-06:00 DEBUG 24748 --- [ProyectoTiendaRopa] [           main] org.hibernate.HQL_FUNCTIONS              : Instant current_instant
2024-06-29T15:50:32.185-06:00 DEBUG 24748 --- [ProyectoTiendaRopa] [           main] org.hibernate.HQL_FUNCTIONS              : Time current_time
2024-06-29T15:50:32.185-06:00 DEBUG 24748 --- [ProyectoTiendaRopa] [           main] org.hibernate.HQL_FUNCTIONS              : Timestamp current_timestamp
2024-06-29T15:50:32.185-06:00 DEBUG 24748 --- [ProyectoTiendaRopa] [           main] org.hibernate.HQL_FUNCTIONS              : date_trunc(STRING field, TEMPORAL datetime)
2024-06-29T15:50:32.185-06:00 DEBUG 24748 --- [ProyectoTiendaRopa] [           main] org.hibernate.HQL_FUNCTIONS              : dateadd(TEMPORAL_UNIT field, INTEGER magnitude, TEMPORAL datetime)
2024-06-29T15:50:32.186-06:00 DEBUG 24748 --- [ProyectoTiendaRopa] [           main] org.hibernate.HQL_FUNCTIONS              : basicType@5(java.lang.Long,-5)|basicType@19(java.lang.Double,8) datediff(TEMPORAL_UNIT field, TEMPORAL start, TEMPORAL end)
2024-06-29T15:50:32.186-06:00 DEBUG 24748 --- [ProyectoTiendaRopa] [           main] org.hibernate.HQL_FUNCTIONS              : Double degrees(NUMERIC arg)
2024-06-29T15:50:32.186-06:00 DEBUG 24748 --- [ProyectoTiendaRopa] [           main] org.hibernate.HQL_FUNCTIONS              : Long dense_rank([arg0[, ...]])
2024-06-29T15:50:32.186-06:00 DEBUG 24748 --- [ProyectoTiendaRopa] [           main] org.hibernate.HQL_FUNCTIONS              : Boolean every(BOOLEAN predicate)
2024-06-29T15:50:32.186-06:00 DEBUG 24748 --- [ProyectoTiendaRopa] [           main] org.hibernate.HQL_FUNCTIONS              : Double exp(NUMERIC arg)
2024-06-29T15:50:32.186-06:00 DEBUG 24748 --- [ProyectoTiendaRopa] [           main] org.hibernate.HQL_FUNCTIONS              : extract(TEMPORAL_UNIT field from TEMPORAL arg)
2024-06-29T15:50:32.186-06:00 DEBUG 24748 --- [ProyectoTiendaRopa] [           main] org.hibernate.HQL_FUNCTIONS              : first_valueANY value
2024-06-29T15:50:32.186-06:00 DEBUG 24748 --- [ProyectoTiendaRopa] [           main] org.hibernate.HQL_FUNCTIONS              : floor(NUMERIC arg)
2024-06-29T15:50:32.186-06:00 DEBUG 24748 --- [ProyectoTiendaRopa] [           main] org.hibernate.HQL_FUNCTIONS              : String format(TEMPORAL datetime as STRING pattern)
2024-06-29T15:50:32.186-06:00 DEBUG 24748 --- [ProyectoTiendaRopa] [           main] org.hibernate.HQL_FUNCTIONS              : greatest(COMPARABLE arg0, COMPARABLE arg1[, arg2[, ...]])
2024-06-29T15:50:32.186-06:00 DEBUG 24748 --- [ProyectoTiendaRopa] [           main] org.hibernate.HQL_FUNCTIONS              : ifnull(arg0, arg1)
2024-06-29T15:50:32.186-06:00 DEBUG 24748 --- [ProyectoTiendaRopa] [           main] org.hibernate.HQL_FUNCTIONS              : String initcap(arg)
2024-06-29T15:50:32.186-06:00 DEBUG 24748 --- [ProyectoTiendaRopa] [           main] org.hibernate.HQL_FUNCTIONS              : String insert(STRING string, INTEGER start, INTEGER length, STRING replacement)
2024-06-29T15:50:32.186-06:00 DEBUG 24748 --- [ProyectoTiendaRopa] [           main] org.hibernate.HQL_FUNCTIONS              : Instant instant
2024-06-29T15:50:32.186-06:00 DEBUG 24748 --- [ProyectoTiendaRopa] [           main] org.hibernate.HQL_FUNCTIONS              : lagANY value[, INTEGER offset[, ANY default]]
2024-06-29T15:50:32.186-06:00 DEBUG 24748 --- [ProyectoTiendaRopa] [           main] org.hibernate.HQL_FUNCTIONS              : last_valueANY value
2024-06-29T15:50:32.186-06:00 DEBUG 24748 --- [ProyectoTiendaRopa] [           main] org.hibernate.HQL_FUNCTIONS              : leadANY value[, INTEGER offset[, ANY default]]
2024-06-29T15:50:32.186-06:00 DEBUG 24748 --- [ProyectoTiendaRopa] [           main] org.hibernate.HQL_FUNCTIONS              : least(COMPARABLE arg0, COMPARABLE arg1[, arg2[, ...]])
2024-06-29T15:50:32.186-06:00 DEBUG 24748 --- [ProyectoTiendaRopa] [           main] org.hibernate.HQL_FUNCTIONS              : String left(STRING string, INTEGER length)
2024-06-29T15:50:32.186-06:00 DEBUG 24748 --- [ProyectoTiendaRopa] [           main] org.hibernate.HQL_FUNCTIONS              : Integer length(STRING_OR_CLOB arg)
2024-06-29T15:50:32.186-06:00 DEBUG 24748 --- [ProyectoTiendaRopa] [           main] org.hibernate.HQL_FUNCTIONS              : String listagg(STRING arg0, STRING arg1)
2024-06-29T15:50:32.186-06:00 DEBUG 24748 --- [ProyectoTiendaRopa] [           main] org.hibernate.HQL_FUNCTIONS              : Double ln(NUMERIC arg)
2024-06-29T15:50:32.186-06:00 DEBUG 24748 --- [ProyectoTiendaRopa] [           main] org.hibernate.HQL_FUNCTIONS              : LocalDate local date
2024-06-29T15:50:32.186-06:00 DEBUG 24748 --- [ProyectoTiendaRopa] [           main] org.hibernate.HQL_FUNCTIONS              : LocalDateTime local datetime
2024-06-29T15:50:32.186-06:00 DEBUG 24748 --- [ProyectoTiendaRopa] [           main] org.hibernate.HQL_FUNCTIONS              : LocalTime local time
2024-06-29T15:50:32.186-06:00 DEBUG 24748 --- [ProyectoTiendaRopa] [           main] org.hibernate.HQL_FUNCTIONS              : LocalDate local_date
2024-06-29T15:50:32.186-06:00 DEBUG 24748 --- [ProyectoTiendaRopa] [           main] org.hibernate.HQL_FUNCTIONS              : LocalDateTime local_datetime
2024-06-29T15:50:32.186-06:00 DEBUG 24748 --- [ProyectoTiendaRopa] [           main] org.hibernate.HQL_FUNCTIONS              : LocalTime local_time
2024-06-29T15:50:32.186-06:00 DEBUG 24748 --- [ProyectoTiendaRopa] [           main] org.hibernate.HQL_FUNCTIONS              : Time localtime
2024-06-29T15:50:32.186-06:00 DEBUG 24748 --- [ProyectoTiendaRopa] [           main] org.hibernate.HQL_FUNCTIONS              : Timestamp localtimestamp
2024-06-29T15:50:32.186-06:00 DEBUG 24748 --- [ProyectoTiendaRopa] [           main] org.hibernate.HQL_FUNCTIONS              : Integer locate(STRING pattern, STRING string[, INTEGER start])
2024-06-29T15:50:32.186-06:00 DEBUG 24748 --- [ProyectoTiendaRopa] [           main] org.hibernate.HQL_FUNCTIONS              : Double log(NUMERIC arg0[, NUMERIC arg1])
2024-06-29T15:50:32.186-06:00 DEBUG 24748 --- [ProyectoTiendaRopa] [           main] org.hibernate.HQL_FUNCTIONS              : Double log10(NUMERIC arg)
2024-06-29T15:50:32.186-06:00 DEBUG 24748 --- [ProyectoTiendaRopa] [           main] org.hibernate.HQL_FUNCTIONS              : String lower(STRING string)
2024-06-29T15:50:32.186-06:00 DEBUG 24748 --- [ProyectoTiendaRopa] [           main] org.hibernate.HQL_FUNCTIONS              : String lpad(STRING string, INTEGER length[, STRING padding])
2024-06-29T15:50:32.186-06:00 DEBUG 24748 --- [ProyectoTiendaRopa] [           main] org.hibernate.HQL_FUNCTIONS              : String ltrim(STRING string[, STRING characters])
2024-06-29T15:50:32.186-06:00 DEBUG 24748 --- [ProyectoTiendaRopa] [           main] org.hibernate.HQL_FUNCTIONS              : Date make_date(INTEGER arg0, INTEGER arg1, INTEGER arg2)
2024-06-29T15:50:32.186-06:00 DEBUG 24748 --- [ProyectoTiendaRopa] [           main] org.hibernate.HQL_FUNCTIONS              : Time make_time(INTEGER arg0, INTEGER arg1, INTEGER arg2)
2024-06-29T15:50:32.186-06:00 DEBUG 24748 --- [ProyectoTiendaRopa] [           main] org.hibernate.HQL_FUNCTIONS              : Timestamp make_timestamp(INTEGER arg0, INTEGER arg1, INTEGER arg2, INTEGER arg3, INTEGER arg4, INTEGER arg5)
2024-06-29T15:50:32.186-06:00 DEBUG 24748 --- [ProyectoTiendaRopa] [           main] org.hibernate.HQL_FUNCTIONS              : Timestamp make_timestamptz(INTEGER arg0, INTEGER arg1, INTEGER arg2, INTEGER arg3, INTEGER arg4, INTEGER arg5[, INTEGER arg6])
2024-06-29T15:50:32.186-06:00 DEBUG 24748 --- [ProyectoTiendaRopa] [           main] org.hibernate.HQL_FUNCTIONS              : max(COMPARABLE arg)
2024-06-29T15:50:32.186-06:00 DEBUG 24748 --- [ProyectoTiendaRopa] [           main] org.hibernate.HQL_FUNCTIONS              : String md5(arg)
2024-06-29T15:50:32.186-06:00 DEBUG 24748 --- [ProyectoTiendaRopa] [           main] org.hibernate.HQL_FUNCTIONS              : Double median(NUMERIC arg)
2024-06-29T15:50:32.186-06:00 DEBUG 24748 --- [ProyectoTiendaRopa] [           main] org.hibernate.HQL_FUNCTIONS              : min(COMPARABLE arg)
2024-06-29T15:50:32.186-06:00 DEBUG 24748 --- [ProyectoTiendaRopa] [           main] org.hibernate.HQL_FUNCTIONS              : Integer mod(INTEGER arg0, INTEGER arg1)
2024-06-29T15:50:32.186-06:00 DEBUG 24748 --- [ProyectoTiendaRopa] [           main] org.hibernate.HQL_FUNCTIONS              : mode()
2024-06-29T15:50:32.186-06:00 DEBUG 24748 --- [ProyectoTiendaRopa] [           main] org.hibernate.HQL_FUNCTIONS              : nth_valueANY value, INTEGER nth
2024-06-29T15:50:32.186-06:00 DEBUG 24748 --- [ProyectoTiendaRopa] [           main] org.hibernate.HQL_FUNCTIONS              : nullif(arg0, arg1)
2024-06-29T15:50:32.186-06:00 DEBUG 24748 --- [ProyectoTiendaRopa] [           main] org.hibernate.HQL_FUNCTIONS              : Integer octet_length(STRING_OR_CLOB arg)
2024-06-29T15:50:32.187-06:00 DEBUG 24748 --- [ProyectoTiendaRopa] [           main] org.hibernate.HQL_FUNCTIONS              : OffsetDateTime offset datetime
2024-06-29T15:50:32.187-06:00 DEBUG 24748 --- [ProyectoTiendaRopa] [           main] org.hibernate.HQL_FUNCTIONS              : OffsetDateTime offset_datetime
2024-06-29T15:50:32.187-06:00 DEBUG 24748 --- [ProyectoTiendaRopa] [           main] org.hibernate.HQL_FUNCTIONS              : String overlay(string placing replacement from start[ for length])
2024-06-29T15:50:32.187-06:00 DEBUG 24748 --- [ProyectoTiendaRopa] [           main] org.hibernate.HQL_FUNCTIONS              : String pad(STRING string with INTEGER length {leading|trailing}[ STRING character])
2024-06-29T15:50:32.187-06:00 DEBUG 24748 --- [ProyectoTiendaRopa] [           main] org.hibernate.HQL_FUNCTIONS              : Double percent_rank([arg0[, ...]])
2024-06-29T15:50:32.187-06:00 DEBUG 24748 --- [ProyectoTiendaRopa] [           main] org.hibernate.HQL_FUNCTIONS              : percentile_cont(NUMERIC arg)
2024-06-29T15:50:32.187-06:00 DEBUG 24748 --- [ProyectoTiendaRopa] [           main] org.hibernate.HQL_FUNCTIONS              : percentile_disc(NUMERIC arg)
2024-06-29T15:50:32.187-06:00 DEBUG 24748 --- [ProyectoTiendaRopa] [           main] org.hibernate.HQL_FUNCTIONS              : Double pi
2024-06-29T15:50:32.187-06:00 DEBUG 24748 --- [ProyectoTiendaRopa] [           main] org.hibernate.HQL_FUNCTIONS              : Integer position(STRING pattern in STRING string)
2024-06-29T15:50:32.187-06:00 DEBUG 24748 --- [ProyectoTiendaRopa] [           main] org.hibernate.HQL_FUNCTIONS              : Double power(NUMERIC arg0, NUMERIC arg1)
2024-06-29T15:50:32.187-06:00 DEBUG 24748 --- [ProyectoTiendaRopa] [           main] org.hibernate.HQL_FUNCTIONS              : Double radians(NUMERIC arg)
2024-06-29T15:50:32.187-06:00 DEBUG 24748 --- [ProyectoTiendaRopa] [           main] org.hibernate.HQL_FUNCTIONS              : Long rank([arg0[, ...]])
2024-06-29T15:50:32.187-06:00 DEBUG 24748 --- [ProyectoTiendaRopa] [           main] org.hibernate.HQL_FUNCTIONS              : Double regr_avgx(NUMERIC arg0, NUMERIC arg1)
2024-06-29T15:50:32.187-06:00 DEBUG 24748 --- [ProyectoTiendaRopa] [           main] org.hibernate.HQL_FUNCTIONS              : Double regr_avgy(NUMERIC arg0, NUMERIC arg1)
2024-06-29T15:50:32.187-06:00 DEBUG 24748 --- [ProyectoTiendaRopa] [           main] org.hibernate.HQL_FUNCTIONS              : Double regr_count(NUMERIC arg0, NUMERIC arg1)
2024-06-29T15:50:32.187-06:00 DEBUG 24748 --- [ProyectoTiendaRopa] [           main] org.hibernate.HQL_FUNCTIONS              : Double regr_intercept(NUMERIC arg0, NUMERIC arg1)
2024-06-29T15:50:32.187-06:00 DEBUG 24748 --- [ProyectoTiendaRopa] [           main] org.hibernate.HQL_FUNCTIONS              : Double regr_r2(NUMERIC arg0, NUMERIC arg1)
2024-06-29T15:50:32.187-06:00 DEBUG 24748 --- [ProyectoTiendaRopa] [           main] org.hibernate.HQL_FUNCTIONS              : Double regr_slope(NUMERIC arg0, NUMERIC arg1)
2024-06-29T15:50:32.187-06:00 DEBUG 24748 --- [ProyectoTiendaRopa] [           main] org.hibernate.HQL_FUNCTIONS              : Double regr_sxx(NUMERIC arg0, NUMERIC arg1)
2024-06-29T15:50:32.187-06:00 DEBUG 24748 --- [ProyectoTiendaRopa] [           main] org.hibernate.HQL_FUNCTIONS              : Double regr_sxy(NUMERIC arg0, NUMERIC arg1)
2024-06-29T15:50:32.187-06:00 DEBUG 24748 --- [ProyectoTiendaRopa] [           main] org.hibernate.HQL_FUNCTIONS              : Double regr_syy(NUMERIC arg0, NUMERIC arg1)
2024-06-29T15:50:32.187-06:00 DEBUG 24748 --- [ProyectoTiendaRopa] [           main] org.hibernate.HQL_FUNCTIONS              : String repeat(STRING string, INTEGER times)
2024-06-29T15:50:32.187-06:00 DEBUG 24748 --- [ProyectoTiendaRopa] [           main] org.hibernate.HQL_FUNCTIONS              : String replace(STRING string, STRING pattern, STRING replacement)
2024-06-29T15:50:32.187-06:00 DEBUG 24748 --- [ProyectoTiendaRopa] [           main] org.hibernate.HQL_FUNCTIONS              : String right(STRING string, INTEGER length)
2024-06-29T15:50:32.187-06:00 DEBUG 24748 --- [ProyectoTiendaRopa] [           main] org.hibernate.HQL_FUNCTIONS              : round(NUMERIC number[, INTEGER places])
2024-06-29T15:50:32.187-06:00 DEBUG 24748 --- [ProyectoTiendaRopa] [           main] org.hibernate.HQL_FUNCTIONS              : Long row_number()
2024-06-29T15:50:32.187-06:00 DEBUG 24748 --- [ProyectoTiendaRopa] [           main] org.hibernate.HQL_FUNCTIONS              : String rpad(STRING string, INTEGER length[, STRING padding])
2024-06-29T15:50:32.187-06:00 DEBUG 24748 --- [ProyectoTiendaRopa] [           main] org.hibernate.HQL_FUNCTIONS              : String rtrim(STRING string[, STRING characters])
2024-06-29T15:50:32.187-06:00 DEBUG 24748 --- [ProyectoTiendaRopa] [           main] org.hibernate.HQL_FUNCTIONS              : Integer sign(NUMERIC arg)
2024-06-29T15:50:32.187-06:00 DEBUG 24748 --- [ProyectoTiendaRopa] [           main] org.hibernate.HQL_FUNCTIONS              : Double sin(NUMERIC arg)
2024-06-29T15:50:32.187-06:00 DEBUG 24748 --- [ProyectoTiendaRopa] [           main] org.hibernate.HQL_FUNCTIONS              : Double sinh(NUMERIC arg)
2024-06-29T15:50:32.187-06:00 DEBUG 24748 --- [ProyectoTiendaRopa] [           main] org.hibernate.HQL_FUNCTIONS              : String soundex(arg)
2024-06-29T15:50:32.187-06:00 DEBUG 24748 --- [ProyectoTiendaRopa] [           main] org.hibernate.HQL_FUNCTIONS              : Object sql
2024-06-29T15:50:32.187-06:00 DEBUG 24748 --- [ProyectoTiendaRopa] [           main] org.hibernate.HQL_FUNCTIONS              : Double sqrt(NUMERIC arg)
2024-06-29T15:50:32.187-06:00 DEBUG 24748 --- [ProyectoTiendaRopa] [           main] org.hibernate.HQL_FUNCTIONS              : Double stddev(NUMERIC arg)
2024-06-29T15:50:32.187-06:00 DEBUG 24748 --- [ProyectoTiendaRopa] [           main] org.hibernate.HQL_FUNCTIONS              : Double stddev_pop(NUMERIC arg)
2024-06-29T15:50:32.187-06:00 DEBUG 24748 --- [ProyectoTiendaRopa] [           main] org.hibernate.HQL_FUNCTIONS              : Double stddev_samp(NUMERIC arg)
2024-06-29T15:50:32.187-06:00 DEBUG 24748 --- [ProyectoTiendaRopa] [           main] org.hibernate.HQL_FUNCTIONS              : String str(arg)
2024-06-29T15:50:32.187-06:00 DEBUG 24748 --- [ProyectoTiendaRopa] [           main] org.hibernate.HQL_FUNCTIONS              : String substr(STRING string, INTEGER start[, INTEGER length])
2024-06-29T15:50:32.187-06:00 DEBUG 24748 --- [ProyectoTiendaRopa] [           main] org.hibernate.HQL_FUNCTIONS              : String substring(STRING string{ from|,} INTEGER start[{ for|,} INTEGER length])
2024-06-29T15:50:32.187-06:00 DEBUG 24748 --- [ProyectoTiendaRopa] [           main] org.hibernate.HQL_FUNCTIONS              : sum(arg)
2024-06-29T15:50:32.187-06:00 DEBUG 24748 --- [ProyectoTiendaRopa] [           main] org.hibernate.HQL_FUNCTIONS              : Double tan(NUMERIC arg)
2024-06-29T15:50:32.187-06:00 DEBUG 24748 --- [ProyectoTiendaRopa] [           main] org.hibernate.HQL_FUNCTIONS              : Double tanh(NUMERIC arg)
2024-06-29T15:50:32.187-06:00 DEBUG 24748 --- [ProyectoTiendaRopa] [           main] org.hibernate.HQL_FUNCTIONS              : timestampadd(TEMPORAL_UNIT field, INTEGER magnitude, TEMPORAL datetime)
2024-06-29T15:50:32.187-06:00 DEBUG 24748 --- [ProyectoTiendaRopa] [           main] org.hibernate.HQL_FUNCTIONS              : basicType@5(java.lang.Long,-5)|basicType@19(java.lang.Double,8) timestampdiff(TEMPORAL_UNIT field, TEMPORAL start, TEMPORAL end)
2024-06-29T15:50:32.188-06:00 DEBUG 24748 --- [ProyectoTiendaRopa] [           main] org.hibernate.HQL_FUNCTIONS              : String to_char(ANY arg0[, STRING arg1, STRING arg2])
2024-06-29T15:50:32.188-06:00 DEBUG 24748 --- [ProyectoTiendaRopa] [           main] org.hibernate.HQL_FUNCTIONS              : Date to_date(STRING arg0[, STRING arg1, STRING arg2])
2024-06-29T15:50:32.188-06:00 DEBUG 24748 --- [ProyectoTiendaRopa] [           main] org.hibernate.HQL_FUNCTIONS              : Double to_number(STRING arg0[, STRING arg1, STRING arg2])
2024-06-29T15:50:32.188-06:00 DEBUG 24748 --- [ProyectoTiendaRopa] [           main] org.hibernate.HQL_FUNCTIONS              : Timestamp to_timestamp(STRING arg0[, STRING arg1, STRING arg2])
2024-06-29T15:50:32.188-06:00 DEBUG 24748 --- [ProyectoTiendaRopa] [           main] org.hibernate.HQL_FUNCTIONS              : String translate(STRING arg0, STRING arg1, STRING arg2)
2024-06-29T15:50:32.188-06:00 DEBUG 24748 --- [ProyectoTiendaRopa] [           main] org.hibernate.HQL_FUNCTIONS              : String trim([[{leading|trailing|both} ][STRING arg0 ]from] STRING arg1)
2024-06-29T15:50:32.188-06:00 DEBUG 24748 --- [ProyectoTiendaRopa] [           main] org.hibernate.HQL_FUNCTIONS              : trunc( ... )
2024-06-29T15:50:32.188-06:00 DEBUG 24748 --- [ProyectoTiendaRopa] [           main] org.hibernate.HQL_FUNCTIONS              : truncate( ... )
2024-06-29T15:50:32.188-06:00 DEBUG 24748 --- [ProyectoTiendaRopa] [           main] org.hibernate.HQL_FUNCTIONS              : String upper(STRING string)
2024-06-29T15:50:32.188-06:00 DEBUG 24748 --- [ProyectoTiendaRopa] [           main] org.hibernate.HQL_FUNCTIONS              : Double var_pop(NUMERIC arg)
2024-06-29T15:50:32.188-06:00 DEBUG 24748 --- [ProyectoTiendaRopa] [           main] org.hibernate.HQL_FUNCTIONS              : Double var_samp(NUMERIC arg)
2024-06-29T15:50:32.188-06:00 DEBUG 24748 --- [ProyectoTiendaRopa] [           main] org.hibernate.HQL_FUNCTIONS              : Double variance(NUMERIC arg)
2024-06-29T15:50:32.198-06:00 DEBUG 24748 --- [ProyectoTiendaRopa] [           main] org.hibernate.orm.query.plan.cache       : Starting QueryInterpretationCache(2048)
2024-06-29T15:50:32.279-06:00 DEBUG 24748 --- [ProyectoTiendaRopa] [           main] .h.s.i.SessionFactoryServiceRegistryImpl : EventListenerRegistry access via ServiceRegistry is deprecated.  Use `sessionFactory.getEventEngine().getListenerRegistry()` instead
2024-06-29T15:50:32.282-06:00 DEBUG 24748 --- [ProyectoTiendaRopa] [           main] h.e.i.EntityCopyObserverFactoryInitiator : Configured EntityCopyObserver strategy: disallow
2024-06-29T15:50:32.351-06:00 DEBUG 24748 --- [ProyectoTiendaRopa] [           main] o.h.boot.internal.ClassLoaderAccessImpl  : Not known whether passed class name [com.ipn.mx.modelo.entidades.Historial] is safe
2024-06-29T15:50:32.351-06:00 DEBUG 24748 --- [ProyectoTiendaRopa] [           main] o.h.boot.internal.ClassLoaderAccessImpl  : No temp ClassLoader provided; using live ClassLoader for loading potentially unsafe class : com.ipn.mx.modelo.entidades.Historial
2024-06-29T15:50:32.546-06:00 DEBUG 24748 --- [ProyectoTiendaRopa] [           main] o.h.b.i.bytebuddy.BytecodeProviderImpl   : HHH000513: Unable to create the ReflectionOptimizer for [com.ipn.mx.modelo.entidades.Historial]: private accessor [fecha]
2024-06-29T15:50:32.580-06:00 DEBUG 24748 --- [ProyectoTiendaRopa] [           main] org.hibernate.ormbytecode.interceptor    : To-one property `com.ipn.mx.modelo.entidades.Pago#pedido` was mapped with LAZY + NO_PROXY but the class was not enhanced
2024-06-29T15:50:32.580-06:00 DEBUG 24748 --- [ProyectoTiendaRopa] [           main] org.hibernate.ormbytecode.interceptor    : To-one property `com.ipn.mx.modelo.entidades.Pago#pedido` was mapped with LAZY + NO_PROXY but the class was not enhanced
2024-06-29T15:50:32.580-06:00 DEBUG 24748 --- [ProyectoTiendaRopa] [           main] o.h.boot.internal.ClassLoaderAccessImpl  : Not known whether passed class name [com.ipn.mx.modelo.entidades.Pago] is safe
2024-06-29T15:50:32.580-06:00 DEBUG 24748 --- [ProyectoTiendaRopa] [           main] o.h.boot.internal.ClassLoaderAccessImpl  : No temp ClassLoader provided; using live ClassLoader for loading potentially unsafe class : com.ipn.mx.modelo.entidades.Pago
2024-06-29T15:50:32.597-06:00 DEBUG 24748 --- [ProyectoTiendaRopa] [           main] o.h.b.i.bytebuddy.BytecodeProviderImpl   : HHH000513: Unable to create the ReflectionOptimizer for [com.ipn.mx.modelo.entidades.Pago]: private accessor [pedido]
2024-06-29T15:50:32.597-06:00 DEBUG 24748 --- [ProyectoTiendaRopa] [           main] org.hibernate.ormbytecode.interceptor    : To-one property `com.ipn.mx.modelo.entidades.Pago#pedido` was mapped with LAZY + NO_PROXY but the class was not enhanced
2024-06-29T15:50:32.598-06:00 DEBUG 24748 --- [ProyectoTiendaRopa] [           main] org.hibernate.ormbytecode.interceptor    : To-one property `com.ipn.mx.modelo.entidades.Pedido#cliente` was mapped with LAZY + NO_PROXY but the class was not enhanced
2024-06-29T15:50:32.599-06:00 DEBUG 24748 --- [ProyectoTiendaRopa] [           main] org.hibernate.ormbytecode.interceptor    : To-one property `com.ipn.mx.modelo.entidades.Pedido#cliente` was mapped with LAZY + NO_PROXY but the class was not enhanced
2024-06-29T15:50:32.599-06:00 DEBUG 24748 --- [ProyectoTiendaRopa] [           main] org.hibernate.ormbytecode.interceptor    : To-one property `com.ipn.mx.modelo.entidades.Pedido#historial` was mapped with LAZY + NO_PROXY but the class was not enhanced
2024-06-29T15:50:32.599-06:00 DEBUG 24748 --- [ProyectoTiendaRopa] [           main] org.hibernate.ormbytecode.interceptor    : To-one property `com.ipn.mx.modelo.entidades.Pedido#historial` was mapped with LAZY + NO_PROXY but the class was not enhanced
2024-06-29T15:50:32.601-06:00 DEBUG 24748 --- [ProyectoTiendaRopa] [           main] org.hibernate.ormbytecode.interceptor    : To-one property `com.ipn.mx.modelo.entidades.Pedido#promocion` was mapped with LAZY + NO_PROXY but the class was not enhanced
2024-06-29T15:50:32.601-06:00 DEBUG 24748 --- [ProyectoTiendaRopa] [           main] org.hibernate.ormbytecode.interceptor    : To-one property `com.ipn.mx.modelo.entidades.Pedido#promocion` was mapped with LAZY + NO_PROXY but the class was not enhanced
2024-06-29T15:50:32.601-06:00 DEBUG 24748 --- [ProyectoTiendaRopa] [           main] o.h.boot.internal.ClassLoaderAccessImpl  : Not known whether passed class name [com.ipn.mx.modelo.entidades.Pedido] is safe
2024-06-29T15:50:32.601-06:00 DEBUG 24748 --- [ProyectoTiendaRopa] [           main] o.h.boot.internal.ClassLoaderAccessImpl  : No temp ClassLoader provided; using live ClassLoader for loading potentially unsafe class : com.ipn.mx.modelo.entidades.Pedido
2024-06-29T15:50:32.631-06:00 DEBUG 24748 --- [ProyectoTiendaRopa] [           main] o.h.b.i.bytebuddy.BytecodeProviderImpl   : HHH000513: Unable to create the ReflectionOptimizer for [com.ipn.mx.modelo.entidades.Pedido]: private accessor [cantidad]
2024-06-29T15:50:32.632-06:00 DEBUG 24748 --- [ProyectoTiendaRopa] [           main] org.hibernate.ormbytecode.interceptor    : To-one property `com.ipn.mx.modelo.entidades.Pedido#cliente` was mapped with LAZY + NO_PROXY but the class was not enhanced
2024-06-29T15:50:32.632-06:00 DEBUG 24748 --- [ProyectoTiendaRopa] [           main] org.hibernate.ormbytecode.interceptor    : To-one property `com.ipn.mx.modelo.entidades.Pedido#historial` was mapped with LAZY + NO_PROXY but the class was not enhanced
2024-06-29T15:50:32.632-06:00 DEBUG 24748 --- [ProyectoTiendaRopa] [           main] org.hibernate.ormbytecode.interceptor    : To-one property `com.ipn.mx.modelo.entidades.Pedido#promocion` was mapped with LAZY + NO_PROXY but the class was not enhanced
2024-06-29T15:50:32.634-06:00 DEBUG 24748 --- [ProyectoTiendaRopa] [           main] o.h.boot.internal.ClassLoaderAccessImpl  : Not known whether passed class name [com.ipn.mx.modelo.entidades.Categoria] is safe
2024-06-29T15:50:32.634-06:00 DEBUG 24748 --- [ProyectoTiendaRopa] [           main] o.h.boot.internal.ClassLoaderAccessImpl  : No temp ClassLoader provided; using live ClassLoader for loading potentially unsafe class : com.ipn.mx.modelo.entidades.Categoria
2024-06-29T15:50:32.647-06:00 DEBUG 24748 --- [ProyectoTiendaRopa] [           main] o.h.b.i.bytebuddy.BytecodeProviderImpl   : HHH000513: Unable to create the ReflectionOptimizer for [com.ipn.mx.modelo.entidades.Categoria]: private accessor [nombre]
2024-06-29T15:50:32.647-06:00 DEBUG 24748 --- [ProyectoTiendaRopa] [           main] o.h.boot.internal.ClassLoaderAccessImpl  : Not known whether passed class name [com.ipn.mx.modelo.entidades.Cliente] is safe
2024-06-29T15:50:32.648-06:00 DEBUG 24748 --- [ProyectoTiendaRopa] [           main] o.h.boot.internal.ClassLoaderAccessImpl  : No temp ClassLoader provided; using live ClassLoader for loading potentially unsafe class : com.ipn.mx.modelo.entidades.Cliente
2024-06-29T15:50:32.661-06:00 DEBUG 24748 --- [ProyectoTiendaRopa] [           main] o.h.b.i.bytebuddy.BytecodeProviderImpl   : HHH000513: Unable to create the ReflectionOptimizer for [com.ipn.mx.modelo.entidades.Cliente]: private accessor [correo]
2024-06-29T15:50:32.662-06:00 DEBUG 24748 --- [ProyectoTiendaRopa] [           main] org.hibernate.ormbytecode.interceptor    : To-one property `com.ipn.mx.modelo.entidades.Envio#pedido` was mapped with LAZY + NO_PROXY but the class was not enhanced
2024-06-29T15:50:32.662-06:00 DEBUG 24748 --- [ProyectoTiendaRopa] [           main] org.hibernate.ormbytecode.interceptor    : To-one property `com.ipn.mx.modelo.entidades.Envio#pedido` was mapped with LAZY + NO_PROXY but the class was not enhanced
2024-06-29T15:50:32.662-06:00 DEBUG 24748 --- [ProyectoTiendaRopa] [           main] o.h.boot.internal.ClassLoaderAccessImpl  : Not known whether passed class name [com.ipn.mx.modelo.entidades.Envio] is safe
2024-06-29T15:50:32.662-06:00 DEBUG 24748 --- [ProyectoTiendaRopa] [           main] o.h.boot.internal.ClassLoaderAccessImpl  : No temp ClassLoader provided; using live ClassLoader for loading potentially unsafe class : com.ipn.mx.modelo.entidades.Envio
2024-06-29T15:50:32.677-06:00 DEBUG 24748 --- [ProyectoTiendaRopa] [           main] o.h.b.i.bytebuddy.BytecodeProviderImpl   : HHH000513: Unable to create the ReflectionOptimizer for [com.ipn.mx.modelo.entidades.Envio]: private accessor [correo]
2024-06-29T15:50:32.677-06:00 DEBUG 24748 --- [ProyectoTiendaRopa] [           main] org.hibernate.ormbytecode.interceptor    : To-one property `com.ipn.mx.modelo.entidades.Envio#pedido` was mapped with LAZY + NO_PROXY but the class was not enhanced
2024-06-29T15:50:32.680-06:00 DEBUG 24748 --- [ProyectoTiendaRopa] [           main] org.hibernate.ormbytecode.interceptor    : To-one property `com.ipn.mx.modelo.entidades.Producto#categoria` was mapped with LAZY + NO_PROXY but the class was not enhanced
2024-06-29T15:50:32.680-06:00 DEBUG 24748 --- [ProyectoTiendaRopa] [           main] org.hibernate.ormbytecode.interceptor    : To-one property `com.ipn.mx.modelo.entidades.Producto#categoria` was mapped with LAZY + NO_PROXY but the class was not enhanced
2024-06-29T15:50:32.680-06:00 DEBUG 24748 --- [ProyectoTiendaRopa] [           main] o.h.boot.internal.ClassLoaderAccessImpl  : Not known whether passed class name [com.ipn.mx.modelo.entidades.Producto] is safe
2024-06-29T15:50:32.680-06:00 DEBUG 24748 --- [ProyectoTiendaRopa] [           main] o.h.boot.internal.ClassLoaderAccessImpl  : No temp ClassLoader provided; using live ClassLoader for loading potentially unsafe class : com.ipn.mx.modelo.entidades.Producto
2024-06-29T15:50:32.697-06:00 DEBUG 24748 --- [ProyectoTiendaRopa] [           main] o.h.b.i.bytebuddy.BytecodeProviderImpl   : HHH000513: Unable to create the ReflectionOptimizer for [com.ipn.mx.modelo.entidades.Producto]: private accessor [categoria]
2024-06-29T15:50:32.697-06:00 DEBUG 24748 --- [ProyectoTiendaRopa] [           main] org.hibernate.ormbytecode.interceptor    : To-one property `com.ipn.mx.modelo.entidades.Producto#categoria` was mapped with LAZY + NO_PROXY but the class was not enhanced
2024-06-29T15:50:32.698-06:00 DEBUG 24748 --- [ProyectoTiendaRopa] [           main] o.h.boot.internal.ClassLoaderAccessImpl  : Not known whether passed class name [com.ipn.mx.modelo.entidades.Promocion] is safe
2024-06-29T15:50:32.699-06:00 DEBUG 24748 --- [ProyectoTiendaRopa] [           main] o.h.boot.internal.ClassLoaderAccessImpl  : No temp ClassLoader provided; using live ClassLoader for loading potentially unsafe class : com.ipn.mx.modelo.entidades.Promocion
2024-06-29T15:50:32.708-06:00 DEBUG 24748 --- [ProyectoTiendaRopa] [           main] o.h.b.i.bytebuddy.BytecodeProviderImpl   : HHH000513: Unable to create the ReflectionOptimizer for [com.ipn.mx.modelo.entidades.Promocion]: private accessor [codigosdescuento]
2024-06-29T15:50:32.733-06:00 DEBUG 24748 --- [ProyectoTiendaRopa] [           main] org.hibernate.orm.jdbc.mutation          : Skipping collection row updates - com.ipn.mx.modelo.entidades.Pedido.productos
2024-06-29T15:50:32.734-06:00 DEBUG 24748 --- [ProyectoTiendaRopa] [           main] org.hibernate.orm.jdbc.mutation          : Skipping collection inserts - com.ipn.mx.modelo.entidades.Producto.pedidos
2024-06-29T15:50:32.734-06:00 DEBUG 24748 --- [ProyectoTiendaRopa] [           main] org.hibernate.orm.jdbc.mutation          : Skipping collection row updates - com.ipn.mx.modelo.entidades.Producto.pedidos
2024-06-29T15:50:32.734-06:00 DEBUG 24748 --- [ProyectoTiendaRopa] [           main] org.hibernate.orm.jdbc.mutation          : Skipping collection row deletions - com.ipn.mx.modelo.entidades.Producto.pedidos
2024-06-29T15:50:32.735-06:00 DEBUG 24748 --- [ProyectoTiendaRopa] [           main] org.hibernate.orm.jdbc.mutation          : Skipping collection removals - com.ipn.mx.modelo.entidades.Producto.pedidos
2024-06-29T15:50:32.762-06:00 DEBUG 24748 --- [ProyectoTiendaRopa] [           main] o.hibernate.orm.model.mapping.creation   : Starting post-init callbacks
2024-06-29T15:50:32.763-06:00 DEBUG 24748 --- [ProyectoTiendaRopa] [           main] o.hibernate.orm.model.mapping.creation   : Starting PostInitCallbackEntry : Entity(com.ipn.mx.modelo.entidades.Historial) `staticFetchableList` generator
2024-06-29T15:50:32.763-06:00 DEBUG 24748 --- [ProyectoTiendaRopa] [           main] o.hibernate.orm.model.mapping.creation   : Starting PostInitCallbackEntry : To-one key - NavigableRole[com.ipn.mx.modelo.entidades.Pago.pedido]
2024-06-29T15:50:32.767-06:00 DEBUG 24748 --- [ProyectoTiendaRopa] [           main] o.hibernate.orm.model.mapping.creation   : Starting PostInitCallbackEntry : Entity(com.ipn.mx.modelo.entidades.Pago) `staticFetchableList` generator
2024-06-29T15:50:32.767-06:00 DEBUG 24748 --- [ProyectoTiendaRopa] [           main] o.hibernate.orm.model.mapping.creation   : Starting PostInitCallbackEntry : To-one key - NavigableRole[com.ipn.mx.modelo.entidades.Pedido.cliente]
2024-06-29T15:50:32.767-06:00 DEBUG 24748 --- [ProyectoTiendaRopa] [           main] o.hibernate.orm.model.mapping.creation   : Starting PostInitCallbackEntry : To-one key - NavigableRole[com.ipn.mx.modelo.entidades.Pedido.historial]
2024-06-29T15:50:32.767-06:00 DEBUG 24748 --- [ProyectoTiendaRopa] [           main] o.hibernate.orm.model.mapping.creation   : Starting PostInitCallbackEntry : PluralAttributeMapping( NavigableRole[com.ipn.mx.modelo.entidades.Pedido.productos#{element}]) - element descriptor
2024-06-29T15:50:32.767-06:00 DEBUG 24748 --- [ProyectoTiendaRopa] [           main] o.hibernate.orm.model.mapping.creation   : Starting PostInitCallbackEntry : PluralAttributeMapping(com.ipn.mx.modelo.entidades.Pedido.productos)#finishInitialization
2024-06-29T15:50:32.767-06:00 DEBUG 24748 --- [ProyectoTiendaRopa] [           main] o.hibernate.orm.model.mapping.creation   : Starting PostInitCallbackEntry : PluralAttributeMapping(com.ipn.mx.modelo.entidades.Pedido.productos) - key descriptor
2024-06-29T15:50:32.768-06:00 DEBUG 24748 --- [ProyectoTiendaRopa] [           main] o.hibernate.orm.model.mapping.creation   : Starting PostInitCallbackEntry : To-one key - NavigableRole[com.ipn.mx.modelo.entidades.Pedido.promocion]
2024-06-29T15:50:32.768-06:00 DEBUG 24748 --- [ProyectoTiendaRopa] [           main] o.hibernate.orm.model.mapping.creation   : Starting PostInitCallbackEntry : Entity(com.ipn.mx.modelo.entidades.Pedido) `staticFetchableList` generator
2024-06-29T15:50:32.768-06:00 DEBUG 24748 --- [ProyectoTiendaRopa] [           main] o.hibernate.orm.model.mapping.creation   : Starting PostInitCallbackEntry : Entity(com.ipn.mx.modelo.entidades.Categoria) `staticFetchableList` generator
2024-06-29T15:50:32.768-06:00 DEBUG 24748 --- [ProyectoTiendaRopa] [           main] o.hibernate.orm.model.mapping.creation   : Starting PostInitCallbackEntry : Entity(com.ipn.mx.modelo.entidades.Cliente) `staticFetchableList` generator
2024-06-29T15:50:32.768-06:00 DEBUG 24748 --- [ProyectoTiendaRopa] [           main] o.hibernate.orm.model.mapping.creation   : Starting PostInitCallbackEntry : To-one key - NavigableRole[com.ipn.mx.modelo.entidades.Envio.pedido]
2024-06-29T15:50:32.768-06:00 DEBUG 24748 --- [ProyectoTiendaRopa] [           main] o.hibernate.orm.model.mapping.creation   : Starting PostInitCallbackEntry : Entity(com.ipn.mx.modelo.entidades.Envio) `staticFetchableList` generator
2024-06-29T15:50:32.768-06:00 DEBUG 24748 --- [ProyectoTiendaRopa] [           main] o.hibernate.orm.model.mapping.creation   : Starting PostInitCallbackEntry : To-one key - NavigableRole[com.ipn.mx.modelo.entidades.Producto.categoria]
2024-06-29T15:50:32.768-06:00 DEBUG 24748 --- [ProyectoTiendaRopa] [           main] o.hibernate.orm.model.mapping.creation   : Starting PostInitCallbackEntry : PluralAttributeMapping( NavigableRole[com.ipn.mx.modelo.entidades.Producto.pedidos#{element}]) - element descriptor
2024-06-29T15:50:32.768-06:00 DEBUG 24748 --- [ProyectoTiendaRopa] [           main] o.hibernate.orm.model.mapping.creation   : Starting PostInitCallbackEntry : PluralAttributeMapping(com.ipn.mx.modelo.entidades.Producto.pedidos)#finishInitialization
2024-06-29T15:50:32.768-06:00 DEBUG 24748 --- [ProyectoTiendaRopa] [           main] o.hibernate.orm.model.mapping.creation   : Starting PostInitCallbackEntry : PluralAttributeMapping(com.ipn.mx.modelo.entidades.Producto.pedidos) - key descriptor
2024-06-29T15:50:32.768-06:00 DEBUG 24748 --- [ProyectoTiendaRopa] [           main] o.hibernate.orm.model.mapping.creation   : Starting PostInitCallbackEntry : Entity(com.ipn.mx.modelo.entidades.Producto) `staticFetchableList` generator
2024-06-29T15:50:32.768-06:00 DEBUG 24748 --- [ProyectoTiendaRopa] [           main] o.hibernate.orm.model.mapping.creation   : Starting PostInitCallbackEntry : Entity(com.ipn.mx.modelo.entidades.Promocion) `staticFetchableList` generator
2024-06-29T15:50:32.858-06:00 DEBUG 24748 --- [ProyectoTiendaRopa] [           main] org.hibernate.orm.sql.ast.create         : Created new SQL alias : h1_0
2024-06-29T15:50:32.860-06:00 DEBUG 24748 --- [ProyectoTiendaRopa] [           main] org.hibernate.orm.sql.ast.create         : Registration of TableGroup [StandardTableGroup(com.ipn.mx.modelo.entidades.Historial)] with identifierForTableGroup [com.ipn.mx.modelo.entidades.Historial] for NavigablePath [com.ipn.mx.modelo.entidades.Historial] 
2024-06-29T15:50:32.879-06:00 DEBUG 24748 --- [ProyectoTiendaRopa] [           main] org.hibernate.orm.results.graph.AST      : DomainResult Graph:
 \-EntityResultImpl [com.ipn.mx.modelo.entidades.Historial]
 |  +-BasicFetch [com.ipn.mx.modelo.entidades.Historial.fecha]
 |  \-BasicFetch [com.ipn.mx.modelo.entidades.Historial.folioCompra]

2024-06-29T15:50:32.882-06:00 DEBUG 24748 --- [ProyectoTiendaRopa] [           main] org.hibernate.orm.sql.ast.tree           : SQL AST Tree:
    SelectStatement {
      FromClause {
        StandardTableGroup (h1 : com.ipn.mx.modelo.entidades.Historial) {
          primaryTableReference : historial as h1_0
        }
      }
    }

2024-06-29T15:50:32.891-06:00 DEBUG 24748 --- [ProyectoTiendaRopa] [           main] o.h.p.entity.AbstractEntityPersister     : Static SQL for entity: com.ipn.mx.modelo.entidades.Historial
2024-06-29T15:50:32.891-06:00 DEBUG 24748 --- [ProyectoTiendaRopa] [           main] o.h.p.entity.AbstractEntityPersister     :  Version select: select idhistorial from historial where idhistorial=?
2024-06-29T15:50:32.891-06:00 DEBUG 24748 --- [ProyectoTiendaRopa] [           main] o.h.p.entity.AbstractEntityPersister     :  Insert (0): insert into historial (fecha,foliocompra) values (?,?)
2024-06-29T15:50:32.891-06:00 DEBUG 24748 --- [ProyectoTiendaRopa] [           main] o.h.p.entity.AbstractEntityPersister     :  Update (0): update historial set fecha=?,foliocompra=? where idhistorial=?
2024-06-29T15:50:32.891-06:00 DEBUG 24748 --- [ProyectoTiendaRopa] [           main] o.h.p.entity.AbstractEntityPersister     :  Delete (0): delete from historial where idhistorial=?
2024-06-29T15:50:32.891-06:00 DEBUG 24748 --- [ProyectoTiendaRopa] [           main] org.hibernate.orm.sql.ast.create         : Created new SQL alias : p1_0
2024-06-29T15:50:32.891-06:00 DEBUG 24748 --- [ProyectoTiendaRopa] [           main] org.hibernate.orm.sql.ast.create         : Registration of TableGroup [StandardTableGroup(com.ipn.mx.modelo.entidades.Pago)] with identifierForTableGroup [com.ipn.mx.modelo.entidades.Pago] for NavigablePath [com.ipn.mx.modelo.entidades.Pago] 
2024-06-29T15:50:32.897-06:00 DEBUG 24748 --- [ProyectoTiendaRopa] [           main] org.hibernate.orm.sql.ast.create         : Registration of TableGroup [org.hibernate.sql.ast.tree.from.LazyTableGroup@b9c9bf5] with identifierForTableGroup [com.ipn.mx.modelo.entidades.Pago.pedido] for NavigablePath [com.ipn.mx.modelo.entidades.Pago.pedido] 
2024-06-29T15:50:32.900-06:00 DEBUG 24748 --- [ProyectoTiendaRopa] [           main] org.hibernate.orm.sql.ast.create         : Created new SQL alias : p2_0
2024-06-29T15:50:32.901-06:00 DEBUG 24748 --- [ProyectoTiendaRopa] [           main] org.hibernate.orm.sql.ast.create         : Registration of TableGroup [org.hibernate.sql.ast.tree.from.LazyTableGroup@69c51fdb] with identifierForTableGroup [com.ipn.mx.modelo.entidades.Pago.pedido.cliente] for NavigablePath [com.ipn.mx.modelo.entidades.Pago.pedido.cliente] 
2024-06-29T15:50:32.901-06:00 DEBUG 24748 --- [ProyectoTiendaRopa] [           main] org.hibernate.orm.sql.ast.create         : Created new SQL alias : c1_0
2024-06-29T15:50:32.901-06:00 DEBUG 24748 --- [ProyectoTiendaRopa] [           main] org.hibernate.orm.sql.ast.create         : Registration of TableGroup [org.hibernate.sql.ast.tree.from.LazyTableGroup@63053b71] with identifierForTableGroup [com.ipn.mx.modelo.entidades.Pago.pedido.historial] for NavigablePath [com.ipn.mx.modelo.entidades.Pago.pedido.historial] 
2024-06-29T15:50:32.901-06:00 DEBUG 24748 --- [ProyectoTiendaRopa] [           main] org.hibernate.orm.sql.ast.create         : Created new SQL alias : h1_0
2024-06-29T15:50:32.902-06:00 DEBUG 24748 --- [ProyectoTiendaRopa] [           main] org.hibernate.orm.sql.ast.create         : Registration of TableGroup [org.hibernate.sql.ast.tree.from.LazyTableGroup@4687c184] with identifierForTableGroup [com.ipn.mx.modelo.entidades.Pago.pedido.promocion] for NavigablePath [com.ipn.mx.modelo.entidades.Pago.pedido.promocion] 
2024-06-29T15:50:32.902-06:00 DEBUG 24748 --- [ProyectoTiendaRopa] [           main] org.hibernate.orm.sql.ast.create         : Created new SQL alias : p3_0
2024-06-29T15:50:32.904-06:00 DEBUG 24748 --- [ProyectoTiendaRopa] [           main] org.hibernate.orm.results.graph.AST      : DomainResult Graph:
 \-EntityResultImpl [com.ipn.mx.modelo.entidades.Pago]
 |  +-EntityFetchJoinedImpl [com.ipn.mx.modelo.entidades.Pago.pedido]
 |  \-BasicFetch [com.ipn.mx.modelo.entidades.Pago.totalPago]

2024-06-29T15:50:32.905-06:00 DEBUG 24748 --- [ProyectoTiendaRopa] [           main] org.hibernate.orm.sql.ast.tree           : SQL AST Tree:
    SelectStatement {
      FromClause {
        StandardTableGroup (p1 : com.ipn.mx.modelo.entidades.Pago) {
          primaryTableReference : Pago as p1_0
          TableGroupJoins {
             join LazyTableGroup (p2 : com.ipn.mx.modelo.entidades.Pago.pedido) {
              primaryTableReference : pedido as p2_0
              TableGroupJoins {
                left  join LazyTableGroup (c1 : com.ipn.mx.modelo.entidades.Pago.pedido.cliente) {
                  primaryTableReference : cliente as c1_0
                }
                left  join LazyTableGroup (h1 : com.ipn.mx.modelo.entidades.Pago.pedido.historial) {
                  primaryTableReference : historial as h1_0
                }
                left  join LazyTableGroup (p3 : com.ipn.mx.modelo.entidades.Pago.pedido.promocion) {
                  primaryTableReference : promocion as p3_0
                }
              }
            }
          }
        }
      }
    }

2024-06-29T15:50:32.905-06:00 DEBUG 24748 --- [ProyectoTiendaRopa] [           main] o.h.p.entity.AbstractEntityPersister     : Static SQL for entity: com.ipn.mx.modelo.entidades.Pago
2024-06-29T15:50:32.905-06:00 DEBUG 24748 --- [ProyectoTiendaRopa] [           main] o.h.p.entity.AbstractEntityPersister     :  Version select: select idDocumento from Pago where idDocumento=?
2024-06-29T15:50:32.905-06:00 DEBUG 24748 --- [ProyectoTiendaRopa] [           main] o.h.p.entity.AbstractEntityPersister     :  Insert (0): insert into Pago (idPedido,totalPago) values (?,?)
2024-06-29T15:50:32.905-06:00 DEBUG 24748 --- [ProyectoTiendaRopa] [           main] o.h.p.entity.AbstractEntityPersister     :  Update (0): update Pago set idPedido=?,totalPago=? where idDocumento=?
2024-06-29T15:50:32.905-06:00 DEBUG 24748 --- [ProyectoTiendaRopa] [           main] o.h.p.entity.AbstractEntityPersister     :  Delete (0): delete from Pago where idDocumento=?
2024-06-29T15:50:32.905-06:00 DEBUG 24748 --- [ProyectoTiendaRopa] [           main] org.hibernate.orm.sql.ast.create         : Created new SQL alias : p1_0
2024-06-29T15:50:32.905-06:00 DEBUG 24748 --- [ProyectoTiendaRopa] [           main] org.hibernate.orm.sql.ast.create         : Registration of TableGroup [StandardTableGroup(com.ipn.mx.modelo.entidades.Pedido)] with identifierForTableGroup [com.ipn.mx.modelo.entidades.Pedido] for NavigablePath [com.ipn.mx.modelo.entidades.Pedido] 
2024-06-29T15:50:32.905-06:00 DEBUG 24748 --- [ProyectoTiendaRopa] [           main] org.hibernate.orm.sql.ast.create         : Registration of TableGroup [org.hibernate.sql.ast.tree.from.LazyTableGroup@55300b93] with identifierForTableGroup [com.ipn.mx.modelo.entidades.Pedido.cliente] for NavigablePath [com.ipn.mx.modelo.entidades.Pedido.cliente] 
2024-06-29T15:50:32.905-06:00 DEBUG 24748 --- [ProyectoTiendaRopa] [           main] org.hibernate.orm.sql.ast.create         : Created new SQL alias : c1_0
2024-06-29T15:50:32.906-06:00 DEBUG 24748 --- [ProyectoTiendaRopa] [           main] org.hibernate.orm.sql.ast.create         : Registration of TableGroup [org.hibernate.sql.ast.tree.from.LazyTableGroup@123426a9] with identifierForTableGroup [com.ipn.mx.modelo.entidades.Pedido.historial] for NavigablePath [com.ipn.mx.modelo.entidades.Pedido.historial] 
2024-06-29T15:50:32.906-06:00 DEBUG 24748 --- [ProyectoTiendaRopa] [           main] org.hibernate.orm.sql.ast.create         : Created new SQL alias : h1_0
2024-06-29T15:50:32.906-06:00 DEBUG 24748 --- [ProyectoTiendaRopa] [           main] org.hibernate.orm.sql.ast.create         : Registration of TableGroup [org.hibernate.sql.ast.tree.from.LazyTableGroup@4353db40] with identifierForTableGroup [com.ipn.mx.modelo.entidades.Pedido.promocion] for NavigablePath [com.ipn.mx.modelo.entidades.Pedido.promocion] 
2024-06-29T15:50:32.906-06:00 DEBUG 24748 --- [ProyectoTiendaRopa] [           main] org.hibernate.orm.sql.ast.create         : Created new SQL alias : p2_0
2024-06-29T15:50:32.906-06:00 DEBUG 24748 --- [ProyectoTiendaRopa] [           main] org.hibernate.orm.results.graph.AST      : DomainResult Graph:
 \-EntityResultImpl [com.ipn.mx.modelo.entidades.Pedido]
 |  +-BasicFetch [com.ipn.mx.modelo.entidades.Pedido.cantidad]
 |  +-EntityFetchJoinedImpl [com.ipn.mx.modelo.entidades.Pedido.cliente]
 |  +-BasicFetch [com.ipn.mx.modelo.entidades.Pedido.estado]
 |  +-BasicFetch [com.ipn.mx.modelo.entidades.Pedido.fechaentrega]
 |  +-BasicFetch [com.ipn.mx.modelo.entidades.Pedido.fechalimiteentrega]
 |  +-BasicFetch [com.ipn.mx.modelo.entidades.Pedido.fecharecibido]
 |  +-BasicFetch [com.ipn.mx.modelo.entidades.Pedido.foliocompra]
 |  +-EntityFetchJoinedImpl [com.ipn.mx.modelo.entidades.Pedido.historial]
 |  +-BasicFetch [com.ipn.mx.modelo.entidades.Pedido.observacion]
 |  +-BasicFetch [com.ipn.mx.modelo.entidades.Pedido.preciounitario]
 |  +-DelayedCollectionFetch [com.ipn.mx.modelo.entidades.Pedido.productos]
 |  \-EntityFetchJoinedImpl [com.ipn.mx.modelo.entidades.Pedido.promocion]

2024-06-29T15:50:32.906-06:00 DEBUG 24748 --- [ProyectoTiendaRopa] [           main] org.hibernate.orm.sql.ast.tree           : SQL AST Tree:
    SelectStatement {
      FromClause {
        StandardTableGroup (p1 : com.ipn.mx.modelo.entidades.Pedido) {
          primaryTableReference : pedido as p1_0
          TableGroupJoins {
            left  join LazyTableGroup (c1 : com.ipn.mx.modelo.entidades.Pedido.cliente) {
              primaryTableReference : cliente as c1_0
            }
            left  join LazyTableGroup (h1 : com.ipn.mx.modelo.entidades.Pedido.historial) {
              primaryTableReference : historial as h1_0
            }
            left  join LazyTableGroup (p2 : com.ipn.mx.modelo.entidades.Pedido.promocion) {
              primaryTableReference : promocion as p2_0
            }
          }
        }
      }
    }

2024-06-29T15:50:32.906-06:00 DEBUG 24748 --- [ProyectoTiendaRopa] [           main] o.h.p.entity.AbstractEntityPersister     : Static SQL for entity: com.ipn.mx.modelo.entidades.Pedido
2024-06-29T15:50:32.906-06:00 DEBUG 24748 --- [ProyectoTiendaRopa] [           main] o.h.p.entity.AbstractEntityPersister     :  Version select: select idpedido from pedido where idpedido=?
2024-06-29T15:50:32.906-06:00 DEBUG 24748 --- [ProyectoTiendaRopa] [           main] o.h.p.entity.AbstractEntityPersister     :  Insert (0): insert into pedido (cantidad,idcliente,estado,fechaentrega,fechalimiteentrega,fecharecibido,foliocompra,idhistorial,observacion,preciounitario,idpromocion) values (?,?,?,?,?,?,?,?,?,?,?)
2024-06-29T15:50:32.906-06:00 DEBUG 24748 --- [ProyectoTiendaRopa] [           main] o.h.p.entity.AbstractEntityPersister     :  Update (0): update pedido set cantidad=?,idcliente=?,estado=?,fechaentrega=?,fechalimiteentrega=?,fecharecibido=?,foliocompra=?,idhistorial=?,observacion=?,preciounitario=?,idpromocion=? where idpedido=?
2024-06-29T15:50:32.906-06:00 DEBUG 24748 --- [ProyectoTiendaRopa] [           main] o.h.p.entity.AbstractEntityPersister     :  Delete (0): delete from pedido where idpedido=?
2024-06-29T15:50:32.906-06:00 DEBUG 24748 --- [ProyectoTiendaRopa] [           main] org.hibernate.orm.sql.ast.create         : Created new SQL alias : c1_0
2024-06-29T15:50:32.907-06:00 DEBUG 24748 --- [ProyectoTiendaRopa] [           main] org.hibernate.orm.sql.ast.create         : Registration of TableGroup [StandardTableGroup(com.ipn.mx.modelo.entidades.Categoria)] with identifierForTableGroup [com.ipn.mx.modelo.entidades.Categoria] for NavigablePath [com.ipn.mx.modelo.entidades.Categoria] 
2024-06-29T15:50:32.907-06:00 DEBUG 24748 --- [ProyectoTiendaRopa] [           main] org.hibernate.orm.results.graph.AST      : DomainResult Graph:
 \-EntityResultImpl [com.ipn.mx.modelo.entidades.Categoria]
 |  +-BasicFetch [com.ipn.mx.modelo.entidades.Categoria.nombre]
 |  \-BasicFetch [com.ipn.mx.modelo.entidades.Categoria.tipo]

2024-06-29T15:50:32.907-06:00 DEBUG 24748 --- [ProyectoTiendaRopa] [           main] org.hibernate.orm.sql.ast.tree           : SQL AST Tree:
    SelectStatement {
      FromClause {
        StandardTableGroup (c1 : com.ipn.mx.modelo.entidades.Categoria) {
          primaryTableReference : categoria as c1_0
        }
      }
    }

2024-06-29T15:50:32.907-06:00 DEBUG 24748 --- [ProyectoTiendaRopa] [           main] o.h.p.entity.AbstractEntityPersister     : Static SQL for entity: com.ipn.mx.modelo.entidades.Categoria
2024-06-29T15:50:32.907-06:00 DEBUG 24748 --- [ProyectoTiendaRopa] [           main] o.h.p.entity.AbstractEntityPersister     :  Version select: select idcategoria from categoria where idcategoria=?
2024-06-29T15:50:32.907-06:00 DEBUG 24748 --- [ProyectoTiendaRopa] [           main] o.h.p.entity.AbstractEntityPersister     :  Insert (0): insert into categoria (nombre,tipo) values (?,?)
2024-06-29T15:50:32.907-06:00 DEBUG 24748 --- [ProyectoTiendaRopa] [           main] o.h.p.entity.AbstractEntityPersister     :  Update (0): update categoria set nombre=?,tipo=? where idcategoria=?
2024-06-29T15:50:32.907-06:00 DEBUG 24748 --- [ProyectoTiendaRopa] [           main] o.h.p.entity.AbstractEntityPersister     :  Delete (0): delete from categoria where idcategoria=?
2024-06-29T15:50:32.907-06:00 DEBUG 24748 --- [ProyectoTiendaRopa] [           main] org.hibernate.orm.sql.ast.create         : Created new SQL alias : c1_0
2024-06-29T15:50:32.907-06:00 DEBUG 24748 --- [ProyectoTiendaRopa] [           main] org.hibernate.orm.sql.ast.create         : Registration of TableGroup [StandardTableGroup(com.ipn.mx.modelo.entidades.Cliente)] with identifierForTableGroup [com.ipn.mx.modelo.entidades.Cliente] for NavigablePath [com.ipn.mx.modelo.entidades.Cliente] 
2024-06-29T15:50:32.907-06:00 DEBUG 24748 --- [ProyectoTiendaRopa] [           main] org.hibernate.orm.results.graph.AST      : DomainResult Graph:
 \-EntityResultImpl [com.ipn.mx.modelo.entidades.Cliente]
 |  +-BasicFetch [com.ipn.mx.modelo.entidades.Cliente.correo]
 |  +-BasicFetch [com.ipn.mx.modelo.entidades.Cliente.direccion]
 |  +-BasicFetch [com.ipn.mx.modelo.entidades.Cliente.nombre]
 |  \-BasicFetch [com.ipn.mx.modelo.entidades.Cliente.telefono]

2024-06-29T15:50:32.907-06:00 DEBUG 24748 --- [ProyectoTiendaRopa] [           main] org.hibernate.orm.sql.ast.tree           : SQL AST Tree:
    SelectStatement {
      FromClause {
        StandardTableGroup (c1 : com.ipn.mx.modelo.entidades.Cliente) {
          primaryTableReference : cliente as c1_0
        }
      }
    }

2024-06-29T15:50:32.907-06:00 DEBUG 24748 --- [ProyectoTiendaRopa] [           main] o.h.p.entity.AbstractEntityPersister     : Static SQL for entity: com.ipn.mx.modelo.entidades.Cliente
2024-06-29T15:50:32.907-06:00 DEBUG 24748 --- [ProyectoTiendaRopa] [           main] o.h.p.entity.AbstractEntityPersister     :  Version select: select idcliente from cliente where idcliente=?
2024-06-29T15:50:32.907-06:00 DEBUG 24748 --- [ProyectoTiendaRopa] [           main] o.h.p.entity.AbstractEntityPersister     :  Insert (0): insert into cliente (correo,direccion,nombre,telefono) values (?,?,?,?)
2024-06-29T15:50:32.907-06:00 DEBUG 24748 --- [ProyectoTiendaRopa] [           main] o.h.p.entity.AbstractEntityPersister     :  Update (0): update cliente set correo=?,direccion=?,nombre=?,telefono=? where idcliente=?
2024-06-29T15:50:32.907-06:00 DEBUG 24748 --- [ProyectoTiendaRopa] [           main] o.h.p.entity.AbstractEntityPersister     :  Delete (0): delete from cliente where idcliente=?
2024-06-29T15:50:32.907-06:00 DEBUG 24748 --- [ProyectoTiendaRopa] [           main] org.hibernate.orm.sql.ast.create         : Created new SQL alias : e1_0
2024-06-29T15:50:32.907-06:00 DEBUG 24748 --- [ProyectoTiendaRopa] [           main] org.hibernate.orm.sql.ast.create         : Registration of TableGroup [StandardTableGroup(com.ipn.mx.modelo.entidades.Envio)] with identifierForTableGroup [com.ipn.mx.modelo.entidades.Envio] for NavigablePath [com.ipn.mx.modelo.entidades.Envio] 
2024-06-29T15:50:32.907-06:00 DEBUG 24748 --- [ProyectoTiendaRopa] [           main] org.hibernate.orm.sql.ast.create         : Registration of TableGroup [org.hibernate.sql.ast.tree.from.LazyTableGroup@6d57b264] with identifierForTableGroup [com.ipn.mx.modelo.entidades.Envio.pedido] for NavigablePath [com.ipn.mx.modelo.entidades.Envio.pedido] 
2024-06-29T15:50:32.908-06:00 DEBUG 24748 --- [ProyectoTiendaRopa] [           main] org.hibernate.orm.sql.ast.create         : Created new SQL alias : p1_0
2024-06-29T15:50:32.908-06:00 DEBUG 24748 --- [ProyectoTiendaRopa] [           main] org.hibernate.orm.sql.ast.create         : Registration of TableGroup [org.hibernate.sql.ast.tree.from.LazyTableGroup@782ed745] with identifierForTableGroup [com.ipn.mx.modelo.entidades.Envio.pedido.cliente] for NavigablePath [com.ipn.mx.modelo.entidades.Envio.pedido.cliente] 
2024-06-29T15:50:32.908-06:00 DEBUG 24748 --- [ProyectoTiendaRopa] [           main] org.hibernate.orm.sql.ast.create         : Created new SQL alias : c1_0
2024-06-29T15:50:32.908-06:00 DEBUG 24748 --- [ProyectoTiendaRopa] [           main] org.hibernate.orm.sql.ast.create         : Registration of TableGroup [org.hibernate.sql.ast.tree.from.LazyTableGroup@775a5a67] with identifierForTableGroup [com.ipn.mx.modelo.entidades.Envio.pedido.historial] for NavigablePath [com.ipn.mx.modelo.entidades.Envio.pedido.historial] 
2024-06-29T15:50:32.908-06:00 DEBUG 24748 --- [ProyectoTiendaRopa] [           main] org.hibernate.orm.sql.ast.create         : Created new SQL alias : h1_0
2024-06-29T15:50:32.908-06:00 DEBUG 24748 --- [ProyectoTiendaRopa] [           main] org.hibernate.orm.sql.ast.create         : Registration of TableGroup [org.hibernate.sql.ast.tree.from.LazyTableGroup@58c16efd] with identifierForTableGroup [com.ipn.mx.modelo.entidades.Envio.pedido.promocion] for NavigablePath [com.ipn.mx.modelo.entidades.Envio.pedido.promocion] 
2024-06-29T15:50:32.908-06:00 DEBUG 24748 --- [ProyectoTiendaRopa] [           main] org.hibernate.orm.sql.ast.create         : Created new SQL alias : p2_0
2024-06-29T15:50:32.908-06:00 DEBUG 24748 --- [ProyectoTiendaRopa] [           main] org.hibernate.orm.results.graph.AST      : DomainResult Graph:
 \-EntityResultImpl [com.ipn.mx.modelo.entidades.Envio]
 |  +-BasicFetch [com.ipn.mx.modelo.entidades.Envio.correo]
 |  +-BasicFetch [com.ipn.mx.modelo.entidades.Envio.costo]
 |  +-BasicFetch [com.ipn.mx.modelo.entidades.Envio.empresaProcediente]
 |  +-BasicFetch [com.ipn.mx.modelo.entidades.Envio.nombreRepartidor]
 |  \-EntityFetchJoinedImpl [com.ipn.mx.modelo.entidades.Envio.pedido]

2024-06-29T15:50:32.908-06:00 DEBUG 24748 --- [ProyectoTiendaRopa] [           main] org.hibernate.orm.sql.ast.tree           : SQL AST Tree:
    SelectStatement {
      FromClause {
        StandardTableGroup (e1 : com.ipn.mx.modelo.entidades.Envio) {
          primaryTableReference : Envio as e1_0
          TableGroupJoins {
             join LazyTableGroup (p1 : com.ipn.mx.modelo.entidades.Envio.pedido) {
              primaryTableReference : pedido as p1_0
              TableGroupJoins {
                left  join LazyTableGroup (c1 : com.ipn.mx.modelo.entidades.Envio.pedido.cliente) {
                  primaryTableReference : cliente as c1_0
                }
                left  join LazyTableGroup (h1 : com.ipn.mx.modelo.entidades.Envio.pedido.historial) {
                  primaryTableReference : historial as h1_0
                }
                left  join LazyTableGroup (p2 : com.ipn.mx.modelo.entidades.Envio.pedido.promocion) {
                  primaryTableReference : promocion as p2_0
                }
              }
            }
          }
        }
      }
    }

2024-06-29T15:50:32.908-06:00 DEBUG 24748 --- [ProyectoTiendaRopa] [           main] o.h.p.entity.AbstractEntityPersister     : Static SQL for entity: com.ipn.mx.modelo.entidades.Envio
2024-06-29T15:50:32.908-06:00 DEBUG 24748 --- [ProyectoTiendaRopa] [           main] o.h.p.entity.AbstractEntityPersister     :  Version select: select idEnvio from Envio where idEnvio=?
2024-06-29T15:50:32.909-06:00 DEBUG 24748 --- [ProyectoTiendaRopa] [           main] o.h.p.entity.AbstractEntityPersister     :  Insert (0): insert into Envio (correo,costo,empresaProcediente,nombreRepartidor,idPedido) values (?,?,?,?,?)
2024-06-29T15:50:32.909-06:00 DEBUG 24748 --- [ProyectoTiendaRopa] [           main] o.h.p.entity.AbstractEntityPersister     :  Update (0): update Envio set correo=?,costo=?,empresaProcediente=?,nombreRepartidor=?,idPedido=? where idEnvio=?
2024-06-29T15:50:32.909-06:00 DEBUG 24748 --- [ProyectoTiendaRopa] [           main] o.h.p.entity.AbstractEntityPersister     :  Delete (0): delete from Envio where idEnvio=?
2024-06-29T15:50:32.909-06:00 DEBUG 24748 --- [ProyectoTiendaRopa] [           main] org.hibernate.orm.sql.ast.create         : Created new SQL alias : p1_0
2024-06-29T15:50:32.909-06:00 DEBUG 24748 --- [ProyectoTiendaRopa] [           main] org.hibernate.orm.sql.ast.create         : Registration of TableGroup [StandardTableGroup(com.ipn.mx.modelo.entidades.Producto)] with identifierForTableGroup [com.ipn.mx.modelo.entidades.Producto] for NavigablePath [com.ipn.mx.modelo.entidades.Producto] 
2024-06-29T15:50:32.909-06:00 DEBUG 24748 --- [ProyectoTiendaRopa] [           main] org.hibernate.orm.sql.ast.create         : Registration of TableGroup [org.hibernate.sql.ast.tree.from.LazyTableGroup@64f49b3] with identifierForTableGroup [com.ipn.mx.modelo.entidades.Producto.categoria] for NavigablePath [com.ipn.mx.modelo.entidades.Producto.categoria] 
2024-06-29T15:50:32.909-06:00 DEBUG 24748 --- [ProyectoTiendaRopa] [           main] org.hibernate.orm.sql.ast.create         : Created new SQL alias : c1_0
2024-06-29T15:50:32.909-06:00 DEBUG 24748 --- [ProyectoTiendaRopa] [           main] org.hibernate.orm.results.graph.AST      : DomainResult Graph:
 \-EntityResultImpl [com.ipn.mx.modelo.entidades.Producto]
 |  +-EntityFetchJoinedImpl [com.ipn.mx.modelo.entidades.Producto.categoria]
 |  +-BasicFetch [com.ipn.mx.modelo.entidades.Producto.color]
 |  +-BasicFetch [com.ipn.mx.modelo.entidades.Producto.descripcion]
 |  +-BasicFetch [com.ipn.mx.modelo.entidades.Producto.disponibilidad]
 |  +-BasicFetch [com.ipn.mx.modelo.entidades.Producto.imagen]
 |  +-BasicFetch [com.ipn.mx.modelo.entidades.Producto.nombre]
 |  +-DelayedCollectionFetch [com.ipn.mx.modelo.entidades.Producto.pedidos]
 |  +-BasicFetch [com.ipn.mx.modelo.entidades.Producto.precio]
 |  \-BasicFetch [com.ipn.mx.modelo.entidades.Producto.tamaño]

2024-06-29T15:50:32.909-06:00 DEBUG 24748 --- [ProyectoTiendaRopa] [           main] org.hibernate.orm.sql.ast.tree           : SQL AST Tree:
    SelectStatement {
      FromClause {
        StandardTableGroup (p1 : com.ipn.mx.modelo.entidades.Producto) {
          primaryTableReference : producto as p1_0
          TableGroupJoins {
            left  join LazyTableGroup (c1 : com.ipn.mx.modelo.entidades.Producto.categoria) {
              primaryTableReference : categoria as c1_0
            }
          }
        }
      }
    }

2024-06-29T15:50:32.910-06:00 DEBUG 24748 --- [ProyectoTiendaRopa] [           main] o.h.p.entity.AbstractEntityPersister     : Static SQL for entity: com.ipn.mx.modelo.entidades.Producto
2024-06-29T15:50:32.910-06:00 DEBUG 24748 --- [ProyectoTiendaRopa] [           main] o.h.p.entity.AbstractEntityPersister     :  Version select: select idproducto from producto where idproducto=?
2024-06-29T15:50:32.910-06:00 DEBUG 24748 --- [ProyectoTiendaRopa] [           main] o.h.p.entity.AbstractEntityPersister     :  Insert (0): insert into producto (idcategoria,color,descripcion,disponibilidad,imagen,nombre,precio,tamaño) values (?,?,?,?,?,?,?,?)
2024-06-29T15:50:32.910-06:00 DEBUG 24748 --- [ProyectoTiendaRopa] [           main] o.h.p.entity.AbstractEntityPersister     :  Update (0): update producto set idcategoria=?,color=?,descripcion=?,disponibilidad=?,imagen=?,nombre=?,precio=?,tamaño=? where idproducto=?
2024-06-29T15:50:32.910-06:00 DEBUG 24748 --- [ProyectoTiendaRopa] [           main] o.h.p.entity.AbstractEntityPersister     :  Delete (0): delete from producto where idproducto=?
2024-06-29T15:50:32.910-06:00 DEBUG 24748 --- [ProyectoTiendaRopa] [           main] org.hibernate.orm.sql.ast.create         : Created new SQL alias : p1_0
2024-06-29T15:50:32.910-06:00 DEBUG 24748 --- [ProyectoTiendaRopa] [           main] org.hibernate.orm.sql.ast.create         : Registration of TableGroup [StandardTableGroup(com.ipn.mx.modelo.entidades.Promocion)] with identifierForTableGroup [com.ipn.mx.modelo.entidades.Promocion] for NavigablePath [com.ipn.mx.modelo.entidades.Promocion] 
2024-06-29T15:50:32.910-06:00 DEBUG 24748 --- [ProyectoTiendaRopa] [           main] org.hibernate.orm.results.graph.AST      : DomainResult Graph:
 \-EntityResultImpl [com.ipn.mx.modelo.entidades.Promocion]
 |  +-BasicFetch [com.ipn.mx.modelo.entidades.Promocion.codigosdescuento]
 |  +-BasicFetch [com.ipn.mx.modelo.entidades.Promocion.detallesdeuso]
 |  \-BasicFetch [com.ipn.mx.modelo.entidades.Promocion.fechavalidez]

2024-06-29T15:50:32.910-06:00 DEBUG 24748 --- [ProyectoTiendaRopa] [           main] org.hibernate.orm.sql.ast.tree           : SQL AST Tree:
    SelectStatement {
      FromClause {
        StandardTableGroup (p1 : com.ipn.mx.modelo.entidades.Promocion) {
          primaryTableReference : promocion as p1_0
        }
      }
    }

2024-06-29T15:50:32.910-06:00 DEBUG 24748 --- [ProyectoTiendaRopa] [           main] o.h.p.entity.AbstractEntityPersister     : Static SQL for entity: com.ipn.mx.modelo.entidades.Promocion
2024-06-29T15:50:32.910-06:00 DEBUG 24748 --- [ProyectoTiendaRopa] [           main] o.h.p.entity.AbstractEntityPersister     :  Version select: select idpromocion from promocion where idpromocion=?
2024-06-29T15:50:32.910-06:00 DEBUG 24748 --- [ProyectoTiendaRopa] [           main] o.h.p.entity.AbstractEntityPersister     :  Insert (0): insert into promocion (codigosdescuento,detallesdeuso,fechavalidez) values (?,?,?)
2024-06-29T15:50:32.910-06:00 DEBUG 24748 --- [ProyectoTiendaRopa] [           main] o.h.p.entity.AbstractEntityPersister     :  Update (0): update promocion set codigosdescuento=?,detallesdeuso=?,fechavalidez=? where idpromocion=?
2024-06-29T15:50:32.910-06:00 DEBUG 24748 --- [ProyectoTiendaRopa] [           main] o.h.p.entity.AbstractEntityPersister     :  Delete (0): delete from promocion where idpromocion=?
2024-06-29T15:50:32.917-06:00 DEBUG 24748 --- [ProyectoTiendaRopa] [           main] org.hibernate.orm.sql.ast.create         : Created new SQL alias : p1_0
2024-06-29T15:50:32.918-06:00 DEBUG 24748 --- [ProyectoTiendaRopa] [           main] org.hibernate.orm.sql.ast.create         : Registration of TableGroup [CollectionTableGroup(com.ipn.mx.modelo.entidades.Pedido.productos)] with identifierForTableGroup [com.ipn.mx.modelo.entidades.Pedido.productos] for NavigablePath [com.ipn.mx.modelo.entidades.Pedido.productos] 
2024-06-29T15:50:32.918-06:00 DEBUG 24748 --- [ProyectoTiendaRopa] [           main] org.hibernate.orm.sql.ast.create         : Registration of TableGroup [org.hibernate.sql.ast.tree.from.LazyTableGroup@1a1e38ab] with identifierForTableGroup [com.ipn.mx.modelo.entidades.Pedido.productos.{element}] for NavigablePath [com.ipn.mx.modelo.entidades.Pedido.productos.{element}] 
2024-06-29T15:50:32.920-06:00 DEBUG 24748 --- [ProyectoTiendaRopa] [           main] org.hibernate.orm.sql.ast.create         : Created new SQL alias : p1_1
2024-06-29T15:50:32.920-06:00 DEBUG 24748 --- [ProyectoTiendaRopa] [           main] org.hibernate.orm.sql.ast.create         : Registration of TableGroup [org.hibernate.sql.ast.tree.from.LazyTableGroup@17344d7] with identifierForTableGroup [com.ipn.mx.modelo.entidades.Pedido.productos.{element}.categoria] for NavigablePath [com.ipn.mx.modelo.entidades.Pedido.productos.{element}.categoria] 
2024-06-29T15:50:32.920-06:00 DEBUG 24748 --- [ProyectoTiendaRopa] [           main] org.hibernate.orm.sql.ast.create         : Created new SQL alias : c1_0
2024-06-29T15:50:32.922-06:00 DEBUG 24748 --- [ProyectoTiendaRopa] [           main] org.hibernate.orm.results.graph.AST      : DomainResult Graph:
 \-CollectionDomainResult [com.ipn.mx.modelo.entidades.Pedido.productos]

2024-06-29T15:50:32.922-06:00 DEBUG 24748 --- [ProyectoTiendaRopa] [           main] org.hibernate.orm.sql.ast.tree           : SQL AST Tree:
    SelectStatement {
      FromClause {
        CollectionTableGroup (p1 : com.ipn.mx.modelo.entidades.Pedido.productos) {
          primaryTableReference : Pedido_has_producto as p1_0
          TableGroupJoins {
             join LazyTableGroup (p1 : com.ipn.mx.modelo.entidades.Pedido.productos.{element}) {
              primaryTableReference : producto as p1_1
              TableGroupJoins {
                left  join LazyTableGroup (c1 : com.ipn.mx.modelo.entidades.Pedido.productos.{element}.categoria) {
                  primaryTableReference : categoria as c1_0
                }
              }
            }
          }
        }
      }
    }

2024-06-29T15:50:32.922-06:00 DEBUG 24748 --- [ProyectoTiendaRopa] [           main] org.hibernate.orm.jdbc.mutation          : Static SQL for collection: com.ipn.mx.modelo.entidades.Pedido.productos
2024-06-29T15:50:32.923-06:00 DEBUG 24748 --- [ProyectoTiendaRopa] [           main] org.hibernate.orm.jdbc.mutation          :  Row insert: insert into Pedido_has_producto (idpedido,idproducto) values (?,?)
2024-06-29T15:50:32.924-06:00 DEBUG 24748 --- [ProyectoTiendaRopa] [           main] org.hibernate.orm.jdbc.mutation          :  Row delete: delete from Pedido_has_producto where idpedido=? and idproducto=?
2024-06-29T15:50:32.924-06:00 DEBUG 24748 --- [ProyectoTiendaRopa] [           main] org.hibernate.orm.jdbc.mutation          :  One-shot delete: delete from Pedido_has_producto where idpedido=?
2024-06-29T15:50:32.924-06:00 DEBUG 24748 --- [ProyectoTiendaRopa] [           main] org.hibernate.orm.sql.ast.create         : Created new SQL alias : p1_0
2024-06-29T15:50:32.924-06:00 DEBUG 24748 --- [ProyectoTiendaRopa] [           main] org.hibernate.orm.sql.ast.create         : Registration of TableGroup [CollectionTableGroup(com.ipn.mx.modelo.entidades.Producto.pedidos)] with identifierForTableGroup [com.ipn.mx.modelo.entidades.Producto.pedidos] for NavigablePath [com.ipn.mx.modelo.entidades.Producto.pedidos] 
2024-06-29T15:50:32.924-06:00 DEBUG 24748 --- [ProyectoTiendaRopa] [           main] org.hibernate.orm.sql.ast.create         : Registration of TableGroup [org.hibernate.sql.ast.tree.from.LazyTableGroup@5507584d] with identifierForTableGroup [com.ipn.mx.modelo.entidades.Producto.pedidos.{element}] for NavigablePath [com.ipn.mx.modelo.entidades.Producto.pedidos.{element}] 
2024-06-29T15:50:32.924-06:00 DEBUG 24748 --- [ProyectoTiendaRopa] [           main] org.hibernate.orm.sql.ast.create         : Created new SQL alias : p1_1
2024-06-29T15:50:32.925-06:00 DEBUG 24748 --- [ProyectoTiendaRopa] [           main] org.hibernate.orm.sql.ast.create         : Registration of TableGroup [org.hibernate.sql.ast.tree.from.LazyTableGroup@1e5e2e06] with identifierForTableGroup [com.ipn.mx.modelo.entidades.Producto.pedidos.{element}.cliente] for NavigablePath [com.ipn.mx.modelo.entidades.Producto.pedidos.{element}.cliente] 
2024-06-29T15:50:32.925-06:00 DEBUG 24748 --- [ProyectoTiendaRopa] [           main] org.hibernate.orm.sql.ast.create         : Created new SQL alias : c1_0
2024-06-29T15:50:32.925-06:00 DEBUG 24748 --- [ProyectoTiendaRopa] [           main] org.hibernate.orm.sql.ast.create         : Registration of TableGroup [org.hibernate.sql.ast.tree.from.LazyTableGroup@26c1f3eb] with identifierForTableGroup [com.ipn.mx.modelo.entidades.Producto.pedidos.{element}.historial] for NavigablePath [com.ipn.mx.modelo.entidades.Producto.pedidos.{element}.historial] 
2024-06-29T15:50:32.925-06:00 DEBUG 24748 --- [ProyectoTiendaRopa] [           main] org.hibernate.orm.sql.ast.create         : Created new SQL alias : h1_0
2024-06-29T15:50:32.926-06:00 DEBUG 24748 --- [ProyectoTiendaRopa] [           main] org.hibernate.orm.sql.ast.create         : Registration of TableGroup [org.hibernate.sql.ast.tree.from.LazyTableGroup@79982bcc] with identifierForTableGroup [com.ipn.mx.modelo.entidades.Producto.pedidos.{element}.promocion] for NavigablePath [com.ipn.mx.modelo.entidades.Producto.pedidos.{element}.promocion] 
2024-06-29T15:50:32.926-06:00 DEBUG 24748 --- [ProyectoTiendaRopa] [           main] org.hibernate.orm.sql.ast.create         : Created new SQL alias : p2_0
2024-06-29T15:50:32.926-06:00 DEBUG 24748 --- [ProyectoTiendaRopa] [           main] org.hibernate.orm.results.graph.AST      : DomainResult Graph:
 \-CollectionDomainResult [com.ipn.mx.modelo.entidades.Producto.pedidos]

2024-06-29T15:50:32.926-06:00 DEBUG 24748 --- [ProyectoTiendaRopa] [           main] org.hibernate.orm.sql.ast.tree           : SQL AST Tree:
    SelectStatement {
      FromClause {
        CollectionTableGroup (p1 : com.ipn.mx.modelo.entidades.Producto.pedidos) {
          primaryTableReference : Pedido_has_producto as p1_0
          TableGroupJoins {
             join LazyTableGroup (p1 : com.ipn.mx.modelo.entidades.Producto.pedidos.{element}) {
              primaryTableReference : pedido as p1_1
              TableGroupJoins {
                left  join LazyTableGroup (c1 : com.ipn.mx.modelo.entidades.Producto.pedidos.{element}.cliente) {
                  primaryTableReference : cliente as c1_0
                }
                left  join LazyTableGroup (h1 : com.ipn.mx.modelo.entidades.Producto.pedidos.{element}.historial) {
                  primaryTableReference : historial as h1_0
                }
                left  join LazyTableGroup (p2 : com.ipn.mx.modelo.entidades.Producto.pedidos.{element}.promocion) {
                  primaryTableReference : promocion as p2_0
                }
              }
            }
          }
        }
      }
    }

2024-06-29T15:50:32.927-06:00 DEBUG 24748 --- [ProyectoTiendaRopa] [           main] org.hibernate.orm.jdbc.mutation          : Static SQL for collection: com.ipn.mx.modelo.entidades.Producto.pedidos
2024-06-29T15:50:32.957-06:00  INFO 24748 --- [ProyectoTiendaRopa] [           main] o.h.e.t.j.p.i.JtaPlatformInitiator       : HHH000489: No JTA platform available (set 'hibernate.transaction.jta.platform' to enable JTA platform integration)
2024-06-29T15:50:32.958-06:00 DEBUG 24748 --- [ProyectoTiendaRopa] [           main] o.h.type.spi.TypeConfiguration$Scope     : Scoping TypeConfiguration [org.hibernate.type.spi.TypeConfiguration@11c3d22f] to SessionFactoryImplementor [org.hibernate.internal.SessionFactoryImpl@72b6fa98]
2024-06-29T15:50:32.959-06:00 DEBUG 24748 --- [ProyectoTiendaRopa] [           main] o.h.query.named.NamedObjectRepository    : Checking 0 named HQL queries
2024-06-29T15:50:32.959-06:00 DEBUG 24748 --- [ProyectoTiendaRopa] [           main] o.h.query.named.NamedObjectRepository    : Checking 0 named SQL queries
2024-06-29T15:50:34.630-06:00 DEBUG 24748 --- [ProyectoTiendaRopa] [           main] org.hibernate.mapping.Table              : No alter strings for table : categoria
2024-06-29T15:50:34.631-06:00 DEBUG 24748 --- [ProyectoTiendaRopa] [           main] org.hibernate.mapping.Table              : No alter strings for table : cliente
2024-06-29T15:50:34.631-06:00 DEBUG 24748 --- [ProyectoTiendaRopa] [           main] org.hibernate.mapping.Table              : No alter strings for table : Envio
2024-06-29T15:50:34.631-06:00 DEBUG 24748 --- [ProyectoTiendaRopa] [           main] org.hibernate.mapping.Table              : No alter strings for table : historial
2024-06-29T15:50:34.631-06:00 DEBUG 24748 --- [ProyectoTiendaRopa] [           main] org.hibernate.mapping.Table              : No alter strings for table : Pago
2024-06-29T15:50:34.631-06:00 DEBUG 24748 --- [ProyectoTiendaRopa] [           main] org.hibernate.mapping.Table              : No alter strings for table : pedido
2024-06-29T15:50:34.631-06:00 DEBUG 24748 --- [ProyectoTiendaRopa] [           main] org.hibernate.mapping.Table              : No alter strings for table : Pedido_has_producto
2024-06-29T15:50:34.631-06:00 DEBUG 24748 --- [ProyectoTiendaRopa] [           main] org.hibernate.mapping.Table              : No alter strings for table : producto
2024-06-29T15:50:34.631-06:00 DEBUG 24748 --- [ProyectoTiendaRopa] [           main] org.hibernate.mapping.Table              : No alter strings for table : promocion
2024-06-29T15:50:42.201-06:00 DEBUG 24748 --- [ProyectoTiendaRopa] [           main] o.h.internal.SessionFactoryRegistry      : Initializing SessionFactoryRegistry : org.hibernate.internal.SessionFactoryRegistry@51a5a8ba
2024-06-29T15:50:42.201-06:00 DEBUG 24748 --- [ProyectoTiendaRopa] [           main] o.h.internal.SessionFactoryRegistry      : Registering SessionFactory: 9954203c-6874-4f20-88d0-07d4bac6e69e (<unnamed>)
2024-06-29T15:50:42.201-06:00 DEBUG 24748 --- [ProyectoTiendaRopa] [           main] o.h.internal.SessionFactoryRegistry      : Not binding SessionFactory to JNDI, no JNDI name configured
2024-06-29T15:50:42.201-06:00 DEBUG 24748 --- [ProyectoTiendaRopa] [           main] o.hibernate.internal.SessionFactoryImpl  : Instantiated SessionFactory
2024-06-29T15:50:42.201-06:00  INFO 24748 --- [ProyectoTiendaRopa] [           main] j.LocalContainerEntityManagerFactoryBean : Initialized JPA EntityManagerFactory for persistence unit 'default'
2024-06-29T15:50:42.437-06:00 DEBUG 24748 --- [ProyectoTiendaRopa] [           main] o.h.stat.internal.StatisticsInitiator    : Statistics initialized [enabled=false]
2024-06-29T15:50:42.944-06:00 DEBUG 24748 --- [ProyectoTiendaRopa] [           main] .h.v.m.ResourceBundleMessageInterpolator : Loaded expression factory via original TCCL
2024-06-29T15:50:42.946-06:00 DEBUG 24748 --- [ProyectoTiendaRopa] [           main] o.h.v.i.e.AbstractConfigurationImpl      : Setting custom MessageInterpolator of type org.springframework.validation.beanvalidation.LocaleContextMessageInterpolator
2024-06-29T15:50:42.947-06:00 DEBUG 24748 --- [ProyectoTiendaRopa] [           main] o.h.v.i.e.AbstractConfigurationImpl      : Setting custom ConstraintValidatorFactory of type org.springframework.validation.beanvalidation.SpringConstraintValidatorFactory
2024-06-29T15:50:42.948-06:00 DEBUG 24748 --- [ProyectoTiendaRopa] [           main] o.h.v.i.xml.config.ValidationXmlParser   : Trying to load META-INF/validation.xml for XML based Validator configuration.
2024-06-29T15:50:42.948-06:00 DEBUG 24748 --- [ProyectoTiendaRopa] [           main] o.h.v.i.xml.config.ResourceLoaderHelper  : Trying to load META-INF/validation.xml via user class loader
2024-06-29T15:50:42.948-06:00 DEBUG 24748 --- [ProyectoTiendaRopa] [           main] o.h.v.i.xml.config.ResourceLoaderHelper  : Trying to load META-INF/validation.xml via TCCL
2024-06-29T15:50:42.948-06:00 DEBUG 24748 --- [ProyectoTiendaRopa] [           main] o.h.v.i.xml.config.ResourceLoaderHelper  : Trying to load META-INF/validation.xml via Hibernate Validator's class loader
2024-06-29T15:50:42.949-06:00 DEBUG 24748 --- [ProyectoTiendaRopa] [           main] o.h.v.i.xml.config.ValidationXmlParser   : No META-INF/validation.xml found. Using annotation based configuration only.
2024-06-29T15:50:42.949-06:00 DEBUG 24748 --- [ProyectoTiendaRopa] [           main] o.h.v.i.e.resolver.TraversableResolvers  : Found jakarta.persistence.Persistence on classpath containing 'getPersistenceUtil'. Assuming JPA 2 environment. Trying to instantiate JPA aware TraversableResolver
2024-06-29T15:50:42.949-06:00 DEBUG 24748 --- [ProyectoTiendaRopa] [           main] o.h.v.i.e.resolver.TraversableResolvers  : Instantiated JPA aware TraversableResolver of type org.hibernate.validator.internal.engine.resolver.JPATraversableResolver.
2024-06-29T15:50:42.950-06:00 DEBUG 24748 --- [ProyectoTiendaRopa] [           main] .i.e.ValidatorFactoryConfigurationHelper : HV000252: Using org.hibernate.validator.internal.engine.DefaultPropertyNodeNameProvider as property node name provider.
2024-06-29T15:50:42.950-06:00 DEBUG 24748 --- [ProyectoTiendaRopa] [           main] .i.e.ValidatorFactoryConfigurationHelper : HV000234: Using org.springframework.validation.beanvalidation.LocaleContextMessageInterpolator as ValidatorFactory-scoped message interpolator.
2024-06-29T15:50:42.950-06:00 DEBUG 24748 --- [ProyectoTiendaRopa] [           main] .i.e.ValidatorFactoryConfigurationHelper : HV000234: Using org.hibernate.validator.internal.engine.resolver.JPATraversableResolver as ValidatorFactory-scoped traversable resolver.
2024-06-29T15:50:42.950-06:00 DEBUG 24748 --- [ProyectoTiendaRopa] [           main] .i.e.ValidatorFactoryConfigurationHelper : HV000234: Using org.hibernate.validator.internal.util.ExecutableParameterNameProvider as ValidatorFactory-scoped parameter name provider.
2024-06-29T15:50:42.950-06:00 DEBUG 24748 --- [ProyectoTiendaRopa] [           main] .i.e.ValidatorFactoryConfigurationHelper : HV000234: Using org.hibernate.validator.internal.engine.DefaultClockProvider as ValidatorFactory-scoped clock provider.
2024-06-29T15:50:42.950-06:00 DEBUG 24748 --- [ProyectoTiendaRopa] [           main] .i.e.ValidatorFactoryConfigurationHelper : HV000234: Using org.hibernate.validator.internal.engine.scripting.DefaultScriptEvaluatorFactory as ValidatorFactory-scoped script evaluator factory.
2024-06-29T15:50:42.980-06:00  WARN 24748 --- [ProyectoTiendaRopa] [           main] JpaBaseConfiguration$JpaWebConfiguration : spring.jpa.open-in-view is enabled by default. Therefore, database queries may be performed during view rendering. Explicitly configure spring.jpa.open-in-view to disable this warning
2024-06-29T15:50:43.554-06:00  INFO 24748 --- [ProyectoTiendaRopa] [           main] c.i.m.ProyectoTiendaRopaApplicationTests : Started ProyectoTiendaRopaApplicationTests in 20.689 seconds (process running for 22.079)
]]></system-out>
  </testcase>
</testsuite>